<?xml version="1.0" encoding="UTF-8"?>
<coverage generated="1702711885412" clover="3.2.0">
  <project timestamp="1702711885412" name="All files">
    <metrics statements="533" coveredstatements="19" conditionals="251" coveredconditionals="4" methods="200" coveredmethods="4" elements="984" coveredelements="27" complexity="0" loc="533" ncloc="533" packages="58" files="130" classes="130"/>
    <package name="solona-test-app">
      <metrics statements="1" coveredstatements="0" conditionals="0" coveredconditionals="0" methods="0" coveredmethods="0"/>
      <file name="expo-env.d.ts" path="/Users/chauduong/Desktop/airfoil/solona-test-app/expo-env.d.ts">
        <metrics statements="0" coveredstatements="0" conditionals="0" coveredconditionals="0" methods="0" coveredmethods="0"/>
      </file>
      <file name="jest.config.ts" path="/Users/chauduong/Desktop/airfoil/solona-test-app/jest.config.ts">
        <metrics statements="1" coveredstatements="0" conditionals="0" coveredconditionals="0" methods="0" coveredmethods="0"/>
        <line num="3" count="0" type="stmt"/>
      </file>
    </package>
    <package name="solona-test-app.src.__tests__.mock">
      <metrics statements="3" coveredstatements="3" conditionals="0" coveredconditionals="0" methods="1" coveredmethods="1"/>
      <file name="renderApp.tsx" path="/Users/chauduong/Desktop/airfoil/solona-test-app/src/__tests__/mock/renderApp.tsx">
        <metrics statements="3" coveredstatements="3" conditionals="0" coveredconditionals="0" methods="1" coveredmethods="1"/>
        <line num="12" count="1" type="stmt"/>
        <line num="13" count="1" type="stmt"/>
        <line num="15" count="1" type="stmt"/>
      </file>
    </package>
    <package name="solona-test-app.src.app">
      <metrics statements="21" coveredstatements="0" conditionals="10" coveredconditionals="0" methods="8" coveredmethods="0"/>
      <file name="[...missing].tsx" path="/Users/chauduong/Desktop/airfoil/solona-test-app/src/app/[...missing].tsx">
        <metrics statements="3" coveredstatements="0" conditionals="0" coveredconditionals="0" methods="2" coveredmethods="0"/>
        <line num="12" count="0" type="stmt"/>
        <line num="13" count="0" type="stmt"/>
        <line num="16" count="0" type="stmt"/>
      </file>
      <file name="_layout.tsx" path="/Users/chauduong/Desktop/airfoil/solona-test-app/src/app/_layout.tsx">
        <metrics statements="14" coveredstatements="0" conditionals="8" coveredconditionals="0" methods="4" coveredmethods="0"/>
        <line num="21" count="0" type="stmt"/>
        <line num="27" count="0" type="stmt"/>
        <line num="30" count="0" type="stmt"/>
        <line num="39" count="0" type="stmt"/>
        <line num="40" count="0" type="cond" truecount="0" falsecount="2"/>
        <line num="43" count="0" type="stmt"/>
        <line num="44" count="0" type="cond" truecount="0" falsecount="2"/>
        <line num="45" count="0" type="stmt"/>
        <line num="49" count="0" type="cond" truecount="0" falsecount="2"/>
        <line num="50" count="0" type="stmt"/>
        <line num="53" count="0" type="stmt"/>
        <line num="57" count="0" type="stmt"/>
        <line num="58" count="0" type="cond" truecount="0" falsecount="2"/>
        <line num="59" count="0" type="stmt"/>
      </file>
      <file name="index.tsx" path="/Users/chauduong/Desktop/airfoil/solona-test-app/src/app/index.tsx">
        <metrics statements="2" coveredstatements="0" conditionals="0" coveredconditionals="0" methods="1" coveredmethods="0"/>
        <line num="4" count="0" type="stmt"/>
        <line num="5" count="0" type="stmt"/>
      </file>
      <file name="modal.tsx" path="/Users/chauduong/Desktop/airfoil/solona-test-app/src/app/modal.tsx">
        <metrics statements="2" coveredstatements="0" conditionals="2" coveredconditionals="0" methods="1" coveredmethods="0"/>
        <line num="5" count="0" type="stmt"/>
        <line num="16" count="0" type="stmt"/>
      </file>
    </package>
    <package name="solona-test-app.src.app.(drawer)">
      <metrics statements="3" coveredstatements="0" conditionals="0" coveredconditionals="0" methods="2" coveredmethods="0"/>
      <file name="_layout.tsx" path="/Users/chauduong/Desktop/airfoil/solona-test-app/src/app/(drawer)/_layout.tsx">
        <metrics statements="3" coveredstatements="0" conditionals="0" coveredconditionals="0" methods="2" coveredmethods="0"/>
        <line num="14" count="0" type="stmt"/>
        <line num="16" count="0" type="stmt"/>
        <line num="19" count="0" type="stmt"/>
      </file>
    </package>
    <package name="solona-test-app.src.app.(drawer).(tabs)">
      <metrics statements="9" coveredstatements="0" conditionals="0" coveredconditionals="0" methods="7" coveredmethods="0"/>
      <file name="_layout.tsx" path="/Users/chauduong/Desktop/airfoil/solona-test-app/src/app/(drawer)/(tabs)/_layout.tsx">
        <metrics statements="9" coveredstatements="0" conditionals="0" coveredconditionals="0" methods="7" coveredmethods="0"/>
        <line num="10" count="0" type="stmt"/>
        <line num="11" count="0" type="stmt"/>
        <line num="16" count="0" type="stmt"/>
        <line num="28" count="0" type="stmt"/>
        <line num="40" count="0" type="stmt"/>
        <line num="64" count="0" type="stmt"/>
        <line num="75" count="0" type="stmt"/>
        <line num="77" count="0" type="stmt"/>
        <line num="85" count="0" type="stmt"/>
      </file>
    </package>
    <package name="solona-test-app.src.app.(drawer).(tabs).discover">
      <metrics statements="12" coveredstatements="0" conditionals="0" coveredconditionals="0" methods="5" coveredmethods="0"/>
      <file name="_layout.tsx" path="/Users/chauduong/Desktop/airfoil/solona-test-app/src/app/(drawer)/(tabs)/discover/_layout.tsx">
        <metrics statements="11" coveredstatements="0" conditionals="0" coveredconditionals="0" methods="4" coveredmethods="0"/>
        <line num="22" count="0" type="stmt"/>
        <line num="23" count="0" type="stmt"/>
        <line num="24" count="0" type="stmt"/>
        <line num="34" count="0" type="stmt"/>
        <line num="36" count="0" type="stmt"/>
        <line num="38" count="0" type="stmt"/>
        <line num="42" count="0" type="stmt"/>
        <line num="43" count="0" type="stmt"/>
        <line num="60" count="0" type="stmt"/>
        <line num="61" count="0" type="stmt"/>
        <line num="92" count="0" type="stmt"/>
      </file>
      <file name="index.tsx" path="/Users/chauduong/Desktop/airfoil/solona-test-app/src/app/(drawer)/(tabs)/discover/index.tsx">
        <metrics statements="1" coveredstatements="0" conditionals="0" coveredconditionals="0" methods="1" coveredmethods="0"/>
        <line num="6" count="0" type="stmt"/>
      </file>
    </package>
    <package name="solona-test-app.src.app.(drawer).(tabs).game">
      <metrics statements="5" coveredstatements="0" conditionals="0" coveredconditionals="0" methods="3" coveredmethods="0"/>
      <file name="_layout.tsx" path="/Users/chauduong/Desktop/airfoil/solona-test-app/src/app/(drawer)/(tabs)/game/_layout.tsx">
        <metrics statements="4" coveredstatements="0" conditionals="0" coveredconditionals="0" methods="2" coveredmethods="0"/>
        <line num="17" count="0" type="stmt"/>
        <line num="19" count="0" type="stmt"/>
        <line num="20" count="0" type="stmt"/>
        <line num="33" count="0" type="stmt"/>
      </file>
      <file name="index.tsx" path="/Users/chauduong/Desktop/airfoil/solona-test-app/src/app/(drawer)/(tabs)/game/index.tsx">
        <metrics statements="1" coveredstatements="0" conditionals="0" coveredconditionals="0" methods="1" coveredmethods="0"/>
        <line num="8" count="0" type="stmt"/>
      </file>
    </package>
    <package name="solona-test-app.src.app.(drawer).(tabs).home">
      <metrics statements="5" coveredstatements="0" conditionals="0" coveredconditionals="0" methods="3" coveredmethods="0"/>
      <file name="_layout.tsx" path="/Users/chauduong/Desktop/airfoil/solona-test-app/src/app/(drawer)/(tabs)/home/_layout.tsx">
        <metrics statements="4" coveredstatements="0" conditionals="0" coveredconditionals="0" methods="2" coveredmethods="0"/>
        <line num="17" count="0" type="stmt"/>
        <line num="19" count="0" type="stmt"/>
        <line num="20" count="0" type="stmt"/>
        <line num="33" count="0" type="stmt"/>
      </file>
      <file name="index.tsx" path="/Users/chauduong/Desktop/airfoil/solona-test-app/src/app/(drawer)/(tabs)/home/index.tsx">
        <metrics statements="1" coveredstatements="0" conditionals="0" coveredconditionals="0" methods="1" coveredmethods="0"/>
        <line num="8" count="0" type="stmt"/>
      </file>
    </package>
    <package name="solona-test-app.src.app.(drawer).(tabs).showcase">
      <metrics statements="7" coveredstatements="0" conditionals="0" coveredconditionals="0" methods="5" coveredmethods="0"/>
      <file name="_layout.tsx" path="/Users/chauduong/Desktop/airfoil/solona-test-app/src/app/(drawer)/(tabs)/showcase/_layout.tsx">
        <metrics statements="3" coveredstatements="0" conditionals="0" coveredconditionals="0" methods="2" coveredmethods="0"/>
        <line num="7" count="0" type="stmt"/>
        <line num="8" count="0" type="stmt"/>
        <line num="11" count="0" type="stmt"/>
      </file>
      <file name="index.tsx" path="/Users/chauduong/Desktop/airfoil/solona-test-app/src/app/(drawer)/(tabs)/showcase/index.tsx">
        <metrics statements="4" coveredstatements="0" conditionals="0" coveredconditionals="0" methods="3" coveredmethods="0"/>
        <line num="8" count="0" type="stmt"/>
        <line num="9" count="0" type="stmt"/>
        <line num="21" count="0" type="stmt"/>
        <line num="22" count="0" type="stmt"/>
      </file>
    </package>
    <package name="solona-test-app.src.app.(drawer).invites">
      <metrics statements="4" coveredstatements="0" conditionals="0" coveredconditionals="0" methods="3" coveredmethods="0"/>
      <file name="_layout.tsx" path="/Users/chauduong/Desktop/airfoil/solona-test-app/src/app/(drawer)/invites/_layout.tsx">
        <metrics statements="3" coveredstatements="0" conditionals="0" coveredconditionals="0" methods="2" coveredmethods="0"/>
        <line num="7" count="0" type="stmt"/>
        <line num="8" count="0" type="stmt"/>
        <line num="11" count="0" type="stmt"/>
      </file>
      <file name="index.tsx" path="/Users/chauduong/Desktop/airfoil/solona-test-app/src/app/(drawer)/invites/index.tsx">
        <metrics statements="1" coveredstatements="0" conditionals="0" coveredconditionals="0" methods="1" coveredmethods="0"/>
        <line num="8" count="0" type="stmt"/>
      </file>
    </package>
    <package name="solona-test-app.src.app.(drawer).my-leaderboards">
      <metrics statements="4" coveredstatements="0" conditionals="0" coveredconditionals="0" methods="3" coveredmethods="0"/>
      <file name="_layout.tsx" path="/Users/chauduong/Desktop/airfoil/solona-test-app/src/app/(drawer)/my-leaderboards/_layout.tsx">
        <metrics statements="3" coveredstatements="0" conditionals="0" coveredconditionals="0" methods="2" coveredmethods="0"/>
        <line num="7" count="0" type="stmt"/>
        <line num="8" count="0" type="stmt"/>
        <line num="11" count="0" type="stmt"/>
      </file>
      <file name="index.tsx" path="/Users/chauduong/Desktop/airfoil/solona-test-app/src/app/(drawer)/my-leaderboards/index.tsx">
        <metrics statements="1" coveredstatements="0" conditionals="0" coveredconditionals="0" methods="1" coveredmethods="0"/>
        <line num="8" count="0" type="stmt"/>
      </file>
    </package>
    <package name="solona-test-app.src.app.(drawer).profile">
      <metrics statements="4" coveredstatements="0" conditionals="0" coveredconditionals="0" methods="3" coveredmethods="0"/>
      <file name="_layout.tsx" path="/Users/chauduong/Desktop/airfoil/solona-test-app/src/app/(drawer)/profile/_layout.tsx">
        <metrics statements="3" coveredstatements="0" conditionals="0" coveredconditionals="0" methods="2" coveredmethods="0"/>
        <line num="7" count="0" type="stmt"/>
        <line num="8" count="0" type="stmt"/>
        <line num="11" count="0" type="stmt"/>
      </file>
      <file name="index.tsx" path="/Users/chauduong/Desktop/airfoil/solona-test-app/src/app/(drawer)/profile/index.tsx">
        <metrics statements="1" coveredstatements="0" conditionals="0" coveredconditionals="0" methods="1" coveredmethods="0"/>
        <line num="8" count="0" type="stmt"/>
      </file>
    </package>
    <package name="solona-test-app.src.app.(drawer).settings">
      <metrics statements="4" coveredstatements="0" conditionals="0" coveredconditionals="0" methods="3" coveredmethods="0"/>
      <file name="_layout.tsx" path="/Users/chauduong/Desktop/airfoil/solona-test-app/src/app/(drawer)/settings/_layout.tsx">
        <metrics statements="3" coveredstatements="0" conditionals="0" coveredconditionals="0" methods="2" coveredmethods="0"/>
        <line num="7" count="0" type="stmt"/>
        <line num="8" count="0" type="stmt"/>
        <line num="11" count="0" type="stmt"/>
      </file>
      <file name="index.tsx" path="/Users/chauduong/Desktop/airfoil/solona-test-app/src/app/(drawer)/settings/index.tsx">
        <metrics statements="1" coveredstatements="0" conditionals="0" coveredconditionals="0" methods="1" coveredmethods="0"/>
        <line num="8" count="0" type="stmt"/>
      </file>
    </package>
    <package name="solona-test-app.src.app.(drawer).vault">
      <metrics statements="4" coveredstatements="0" conditionals="0" coveredconditionals="0" methods="3" coveredmethods="0"/>
      <file name="_layout.tsx" path="/Users/chauduong/Desktop/airfoil/solona-test-app/src/app/(drawer)/vault/_layout.tsx">
        <metrics statements="3" coveredstatements="0" conditionals="0" coveredconditionals="0" methods="2" coveredmethods="0"/>
        <line num="7" count="0" type="stmt"/>
        <line num="8" count="0" type="stmt"/>
        <line num="11" count="0" type="stmt"/>
      </file>
      <file name="index.tsx" path="/Users/chauduong/Desktop/airfoil/solona-test-app/src/app/(drawer)/vault/index.tsx">
        <metrics statements="1" coveredstatements="0" conditionals="0" coveredconditionals="0" methods="1" coveredmethods="0"/>
        <line num="8" count="0" type="stmt"/>
      </file>
    </package>
    <package name="solona-test-app.src.components.Avatar">
      <metrics statements="3" coveredstatements="3" conditionals="0" coveredconditionals="0" methods="1" coveredmethods="1"/>
      <file name="Avatar.tsx" path="/Users/chauduong/Desktop/airfoil/solona-test-app/src/components/Avatar/Avatar.tsx">
        <metrics statements="3" coveredstatements="3" conditionals="0" coveredconditionals="0" methods="1" coveredmethods="1"/>
        <line num="11" count="1" type="stmt"/>
        <line num="18" count="1" type="stmt"/>
        <line num="19" count="1" type="stmt"/>
      </file>
      <file name="index.ts" path="/Users/chauduong/Desktop/airfoil/solona-test-app/src/components/Avatar/index.ts">
        <metrics statements="0" coveredstatements="0" conditionals="0" coveredconditionals="0" methods="0" coveredmethods="0"/>
      </file>
    </package>
    <package name="solona-test-app.src.components.Badge">
      <metrics statements="6" coveredstatements="0" conditionals="9" coveredconditionals="0" methods="2" coveredmethods="0"/>
      <file name="Badge.tsx" path="/Users/chauduong/Desktop/airfoil/solona-test-app/src/components/Badge/Badge.tsx">
        <metrics statements="6" coveredstatements="0" conditionals="9" coveredconditionals="0" methods="2" coveredmethods="0"/>
        <line num="12" count="0" type="stmt"/>
        <line num="18" count="0" type="stmt"/>
        <line num="20" count="0" type="cond" truecount="0" falsecount="2"/>
        <line num="22" count="0" type="stmt"/>
        <line num="31" count="0" type="stmt"/>
        <line num="42" count="0" type="stmt"/>
      </file>
      <file name="index.ts" path="/Users/chauduong/Desktop/airfoil/solona-test-app/src/components/Badge/index.ts">
        <metrics statements="0" coveredstatements="0" conditionals="0" coveredconditionals="0" methods="0" coveredmethods="0"/>
      </file>
    </package>
    <package name="solona-test-app.src.components.BadgeDot">
      <metrics statements="11" coveredstatements="0" conditionals="3" coveredconditionals="0" methods="3" coveredmethods="0"/>
      <file name="BadgeDot.tsx" path="/Users/chauduong/Desktop/airfoil/solona-test-app/src/components/BadgeDot/BadgeDot.tsx">
        <metrics statements="11" coveredstatements="0" conditionals="3" coveredconditionals="0" methods="3" coveredmethods="0"/>
        <line num="20" count="0" type="stmt"/>
        <line num="21" count="0" type="stmt"/>
        <line num="22" count="0" type="stmt"/>
        <line num="24" count="0" type="cond" truecount="0" falsecount="1"/>
        <line num="25" count="0" type="stmt"/>
        <line num="27" count="0" type="stmt"/>
        <line num="37" count="0" type="stmt"/>
        <line num="39" count="0" type="stmt"/>
        <line num="40" count="0" type="cond" truecount="0" falsecount="2"/>
        <line num="41" count="0" type="stmt"/>
        <line num="59" count="0" type="stmt"/>
      </file>
      <file name="index.ts" path="/Users/chauduong/Desktop/airfoil/solona-test-app/src/components/BadgeDot/index.ts">
        <metrics statements="0" coveredstatements="0" conditionals="0" coveredconditionals="0" methods="0" coveredmethods="0"/>
      </file>
    </package>
    <package name="solona-test-app.src.components.BorderTopLight">
      <metrics statements="2" coveredstatements="0" conditionals="0" coveredconditionals="0" methods="1" coveredmethods="0"/>
      <file name="BorderTopLight.tsx" path="/Users/chauduong/Desktop/airfoil/solona-test-app/src/components/BorderTopLight/BorderTopLight.tsx">
        <metrics statements="2" coveredstatements="0" conditionals="0" coveredconditionals="0" methods="1" coveredmethods="0"/>
        <line num="7" count="0" type="stmt"/>
        <line num="8" count="0" type="stmt"/>
      </file>
      <file name="index.ts" path="/Users/chauduong/Desktop/airfoil/solona-test-app/src/components/BorderTopLight/index.ts">
        <metrics statements="0" coveredstatements="0" conditionals="0" coveredconditionals="0" methods="0" coveredmethods="0"/>
      </file>
    </package>
    <package name="solona-test-app.src.components.Button">
      <metrics statements="27" coveredstatements="0" conditionals="19" coveredconditionals="0" methods="7" coveredmethods="0"/>
      <file name="Button.tsx" path="/Users/chauduong/Desktop/airfoil/solona-test-app/src/components/Button/Button.tsx">
        <metrics statements="21" coveredstatements="0" conditionals="19" coveredconditionals="0" methods="6" coveredmethods="0"/>
        <line num="71" count="0" type="stmt"/>
        <line num="77" count="0" type="stmt"/>
        <line num="93" count="0" type="stmt"/>
        <line num="99" count="0" type="stmt"/>
        <line num="101" count="0" type="stmt"/>
        <line num="102" count="0" type="cond" truecount="0" falsecount="2"/>
        <line num="105" count="0" type="stmt"/>
        <line num="106" count="0" type="stmt"/>
        <line num="107" count="0" type="stmt"/>
        <line num="110" count="0" type="stmt"/>
        <line num="111" count="0" type="stmt"/>
        <line num="112" count="0" type="stmt"/>
        <line num="115" count="0" type="stmt"/>
        <line num="117" count="0" type="cond" truecount="0" falsecount="4"/>
        <line num="118" count="0" type="stmt"/>
        <line num="124" count="0" type="stmt"/>
        <line num="126" count="0" type="stmt"/>
        <line num="127" count="0" type="stmt"/>
        <line num="134" count="0" type="stmt"/>
        <line num="136" count="0" type="stmt"/>
        <line num="190" count="0" type="stmt"/>
      </file>
      <file name="index.ts" path="/Users/chauduong/Desktop/airfoil/solona-test-app/src/components/Button/index.ts">
        <metrics statements="0" coveredstatements="0" conditionals="0" coveredconditionals="0" methods="0" coveredmethods="0"/>
      </file>
      <file name="theme.ts" path="/Users/chauduong/Desktop/airfoil/solona-test-app/src/components/Button/theme.ts">
        <metrics statements="6" coveredstatements="0" conditionals="0" coveredconditionals="0" methods="1" coveredmethods="0"/>
        <line num="8" count="0" type="stmt"/>
        <line num="32" count="0" type="stmt"/>
        <line num="34" count="0" type="stmt"/>
        <line num="170" count="0" type="stmt"/>
        <line num="206" count="0" type="stmt"/>
        <line num="224" count="0" type="stmt"/>
      </file>
      <file name="types.ts" path="/Users/chauduong/Desktop/airfoil/solona-test-app/src/components/Button/types.ts">
        <metrics statements="0" coveredstatements="0" conditionals="0" coveredconditionals="0" methods="0" coveredmethods="0"/>
      </file>
    </package>
    <package name="solona-test-app.src.components.DrawerContentCustom">
      <metrics statements="4" coveredstatements="0" conditionals="0" coveredconditionals="0" methods="1" coveredmethods="0"/>
      <file name="DrawerContentCustom.tsx" path="/Users/chauduong/Desktop/airfoil/solona-test-app/src/components/DrawerContentCustom/DrawerContentCustom.tsx">
        <metrics statements="4" coveredstatements="0" conditionals="0" coveredconditionals="0" methods="1" coveredmethods="0"/>
        <line num="13" count="0" type="stmt"/>
        <line num="24" count="0" type="stmt"/>
        <line num="25" count="0" type="stmt"/>
        <line num="27" count="0" type="stmt"/>
      </file>
      <file name="index.ts" path="/Users/chauduong/Desktop/airfoil/solona-test-app/src/components/DrawerContentCustom/index.ts">
        <metrics statements="0" coveredstatements="0" conditionals="0" coveredconditionals="0" methods="0" coveredmethods="0"/>
      </file>
    </package>
    <package name="solona-test-app.src.components.EmptyState">
      <metrics statements="3" coveredstatements="0" conditionals="2" coveredconditionals="0" methods="1" coveredmethods="0"/>
      <file name="EmptyState.tsx" path="/Users/chauduong/Desktop/airfoil/solona-test-app/src/components/EmptyState/EmptyState.tsx">
        <metrics statements="3" coveredstatements="0" conditionals="2" coveredconditionals="0" methods="1" coveredmethods="0"/>
        <line num="14" count="0" type="stmt"/>
        <line num="28" count="0" type="stmt"/>
        <line num="30" count="0" type="stmt"/>
      </file>
      <file name="index.ts" path="/Users/chauduong/Desktop/airfoil/solona-test-app/src/components/EmptyState/index.ts">
        <metrics statements="0" coveredstatements="0" conditionals="0" coveredconditionals="0" methods="0" coveredmethods="0"/>
      </file>
    </package>
    <package name="solona-test-app.src.components.Form">
      <metrics statements="0" coveredstatements="0" conditionals="0" coveredconditionals="0" methods="0" coveredmethods="0"/>
      <file name="index.ts" path="/Users/chauduong/Desktop/airfoil/solona-test-app/src/components/Form/index.ts">
        <metrics statements="0" coveredstatements="0" conditionals="0" coveredconditionals="0" methods="0" coveredmethods="0"/>
      </file>
    </package>
    <package name="solona-test-app.src.components.Form.BottomBorder">
      <metrics statements="5" coveredstatements="0" conditionals="8" coveredconditionals="0" methods="2" coveredmethods="0"/>
      <file name="BottomBorder.tsx" path="/Users/chauduong/Desktop/airfoil/solona-test-app/src/components/Form/BottomBorder/BottomBorder.tsx">
        <metrics statements="5" coveredstatements="0" conditionals="8" coveredconditionals="0" methods="2" coveredmethods="0"/>
        <line num="15" count="0" type="stmt"/>
        <line num="21" count="0" type="stmt"/>
        <line num="22" count="0" type="stmt"/>
        <line num="37" count="0" type="stmt"/>
        <line num="48" count="0" type="stmt"/>
      </file>
      <file name="index.ts" path="/Users/chauduong/Desktop/airfoil/solona-test-app/src/components/Form/BottomBorder/index.ts">
        <metrics statements="0" coveredstatements="0" conditionals="0" coveredconditionals="0" methods="0" coveredmethods="0"/>
      </file>
    </package>
    <package name="solona-test-app.src.components.Form.Checkbox">
      <metrics statements="11" coveredstatements="0" conditionals="23" coveredconditionals="0" methods="3" coveredmethods="0"/>
      <file name="Checkbox.tsx" path="/Users/chauduong/Desktop/airfoil/solona-test-app/src/components/Form/Checkbox/Checkbox.tsx">
        <metrics statements="11" coveredstatements="0" conditionals="23" coveredconditionals="0" methods="3" coveredmethods="0"/>
        <line num="20" count="0" type="stmt"/>
        <line num="30" count="0" type="stmt"/>
        <line num="31" count="0" type="stmt"/>
        <line num="38" count="0" type="stmt"/>
        <line num="40" count="0" type="stmt"/>
        <line num="42" count="0" type="stmt"/>
        <line num="43" count="0" type="cond" truecount="0" falsecount="2"/>
        <line num="44" count="0" type="stmt"/>
        <line num="47" count="0" type="stmt"/>
        <line num="85" count="0" type="stmt"/>
        <line num="99" count="0" type="stmt"/>
      </file>
      <file name="index.ts" path="/Users/chauduong/Desktop/airfoil/solona-test-app/src/components/Form/Checkbox/index.ts">
        <metrics statements="0" coveredstatements="0" conditionals="0" coveredconditionals="0" methods="0" coveredmethods="0"/>
      </file>
    </package>
    <package name="solona-test-app.src.components.Form.CodeInput">
      <metrics statements="19" coveredstatements="0" conditionals="20" coveredconditionals="0" methods="4" coveredmethods="0"/>
      <file name="CodeInput.tsx" path="/Users/chauduong/Desktop/airfoil/solona-test-app/src/components/Form/CodeInput/CodeInput.tsx">
        <metrics statements="19" coveredstatements="0" conditionals="20" coveredconditionals="0" methods="4" coveredmethods="0"/>
        <line num="17" count="0" type="stmt"/>
        <line num="18" count="0" type="stmt"/>
        <line num="29" count="0" type="stmt"/>
        <line num="44" count="0" type="stmt"/>
        <line num="46" count="0" type="stmt"/>
        <line num="48" count="0" type="stmt"/>
        <line num="49" count="0" type="stmt"/>
        <line num="54" count="0" type="stmt"/>
        <line num="55" count="0" type="stmt"/>
        <line num="57" count="0" type="cond" truecount="0" falsecount="2"/>
        <line num="58" count="0" type="cond" truecount="0" falsecount="2"/>
        <line num="68" count="0" type="cond" truecount="0" falsecount="2"/>
        <line num="69" count="0" type="stmt"/>
        <line num="72" count="0" type="stmt"/>
        <line num="95" count="0" type="stmt"/>
        <line num="108" count="0" type="cond" truecount="0" falsecount="2"/>
        <line num="109" count="0" type="stmt"/>
        <line num="115" count="0" type="stmt"/>
        <line num="124" count="0" type="stmt"/>
      </file>
      <file name="index.ts" path="/Users/chauduong/Desktop/airfoil/solona-test-app/src/components/Form/CodeInput/index.ts">
        <metrics statements="0" coveredstatements="0" conditionals="0" coveredconditionals="0" methods="0" coveredmethods="0"/>
      </file>
    </package>
    <package name="solona-test-app.src.components.Form.Description">
      <metrics statements="3" coveredstatements="0" conditionals="2" coveredconditionals="0" methods="1" coveredmethods="0"/>
      <file name="Description.tsx" path="/Users/chauduong/Desktop/airfoil/solona-test-app/src/components/Form/Description/Description.tsx">
        <metrics statements="3" coveredstatements="0" conditionals="2" coveredconditionals="0" methods="1" coveredmethods="0"/>
        <line num="8" count="0" type="stmt"/>
        <line num="9" count="0" type="cond" truecount="0" falsecount="2"/>
        <line num="10" count="0" type="stmt"/>
      </file>
      <file name="index.ts" path="/Users/chauduong/Desktop/airfoil/solona-test-app/src/components/Form/Description/index.ts">
        <metrics statements="0" coveredstatements="0" conditionals="0" coveredconditionals="0" methods="0" coveredmethods="0"/>
      </file>
    </package>
    <package name="solona-test-app.src.components.Form.HelperText">
      <metrics statements="4" coveredstatements="0" conditionals="8" coveredconditionals="0" methods="1" coveredmethods="0"/>
      <file name="HelperText.tsx" path="/Users/chauduong/Desktop/airfoil/solona-test-app/src/components/Form/HelperText/HelperText.tsx">
        <metrics statements="4" coveredstatements="0" conditionals="8" coveredconditionals="0" methods="1" coveredmethods="0"/>
        <line num="11" count="0" type="stmt"/>
        <line num="19" count="0" type="stmt"/>
        <line num="21" count="0" type="cond" truecount="0" falsecount="2"/>
        <line num="23" count="0" type="stmt"/>
      </file>
      <file name="index.ts" path="/Users/chauduong/Desktop/airfoil/solona-test-app/src/components/Form/HelperText/index.ts">
        <metrics statements="0" coveredstatements="0" conditionals="0" coveredconditionals="0" methods="0" coveredmethods="0"/>
      </file>
    </package>
    <package name="solona-test-app.src.components.Form.Input">
      <metrics statements="22" coveredstatements="0" conditionals="25" coveredconditionals="0" methods="7" coveredmethods="0"/>
      <file name="Input.tsx" path="/Users/chauduong/Desktop/airfoil/solona-test-app/src/components/Form/Input/Input.tsx">
        <metrics statements="22" coveredstatements="0" conditionals="25" coveredconditionals="0" methods="7" coveredmethods="0"/>
        <line num="20" count="0" type="stmt"/>
        <line num="40" count="0" type="stmt"/>
        <line num="42" count="0" type="stmt"/>
        <line num="43" count="0" type="stmt"/>
        <line num="44" count="0" type="stmt"/>
        <line num="45" count="0" type="stmt"/>
        <line num="47" count="0" type="stmt"/>
        <line num="48" count="0" type="cond" truecount="0" falsecount="2"/>
        <line num="49" count="0" type="stmt"/>
        <line num="53" count="0" type="stmt"/>
        <line num="54" count="0" type="cond" truecount="0" falsecount="2"/>
        <line num="55" count="0" type="stmt"/>
        <line num="59" count="0" type="stmt"/>
        <line num="63" count="0" type="stmt"/>
        <line num="64" count="0" type="stmt"/>
        <line num="67" count="0" type="stmt"/>
        <line num="68" count="0" type="cond" truecount="0" falsecount="2"/>
        <line num="71" count="0" type="cond" truecount="0" falsecount="2"/>
        <line num="72" count="0" type="cond" truecount="0" falsecount="2"/>
        <line num="74" count="0" type="stmt"/>
        <line num="125" count="0" type="stmt"/>
        <line num="138" count="0" type="stmt"/>
      </file>
      <file name="index.ts" path="/Users/chauduong/Desktop/airfoil/solona-test-app/src/components/Form/Input/index.ts">
        <metrics statements="0" coveredstatements="0" conditionals="0" coveredconditionals="0" methods="0" coveredmethods="0"/>
      </file>
      <file name="types.ts" path="/Users/chauduong/Desktop/airfoil/solona-test-app/src/components/Form/Input/types.ts">
        <metrics statements="0" coveredstatements="0" conditionals="0" coveredconditionals="0" methods="0" coveredmethods="0"/>
      </file>
    </package>
    <package name="solona-test-app.src.components.Form.InputAdornment">
      <metrics statements="4" coveredstatements="0" conditionals="2" coveredconditionals="0" methods="1" coveredmethods="0"/>
      <file name="InputAdornment.tsx" path="/Users/chauduong/Desktop/airfoil/solona-test-app/src/components/Form/InputAdornment/InputAdornment.tsx">
        <metrics statements="4" coveredstatements="0" conditionals="2" coveredconditionals="0" methods="1" coveredmethods="0"/>
        <line num="14" count="0" type="stmt"/>
        <line num="24" count="0" type="stmt"/>
        <line num="26" count="0" type="cond" truecount="0" falsecount="2"/>
        <line num="28" count="0" type="stmt"/>
      </file>
      <file name="index.ts" path="/Users/chauduong/Desktop/airfoil/solona-test-app/src/components/Form/InputAdornment/index.ts">
        <metrics statements="0" coveredstatements="0" conditionals="0" coveredconditionals="0" methods="0" coveredmethods="0"/>
      </file>
    </package>
    <package name="solona-test-app.src.components.Form.InputSearch">
      <metrics statements="36" coveredstatements="0" conditionals="7" coveredconditionals="0" methods="12" coveredmethods="0"/>
      <file name="InputSearch.tsx" path="/Users/chauduong/Desktop/airfoil/solona-test-app/src/components/Form/InputSearch/InputSearch.tsx">
        <metrics statements="36" coveredstatements="0" conditionals="7" coveredconditionals="0" methods="12" coveredmethods="0"/>
        <line num="14" count="0" type="stmt"/>
        <line num="15" count="0" type="stmt"/>
        <line num="17" count="0" type="stmt"/>
        <line num="18" count="0" type="stmt"/>
        <line num="19" count="0" type="stmt"/>
        <line num="20" count="0" type="stmt"/>
        <line num="22" count="0" type="stmt"/>
        <line num="23" count="0" type="stmt"/>
        <line num="24" count="0" type="stmt"/>
        <line num="28" count="0" type="stmt"/>
        <line num="33" count="0" type="stmt"/>
        <line num="34" count="0" type="stmt"/>
        <line num="35" count="0" type="stmt"/>
        <line num="36" count="0" type="stmt"/>
        <line num="38" count="0" type="stmt"/>
        <line num="44" count="0" type="stmt"/>
        <line num="45" count="0" type="stmt"/>
        <line num="48" count="0" type="stmt"/>
        <line num="49" count="0" type="cond" truecount="0" falsecount="2"/>
        <line num="50" count="0" type="stmt"/>
        <line num="51" count="0" type="stmt"/>
        <line num="52" count="0" type="stmt"/>
        <line num="54" count="0" type="stmt"/>
        <line num="55" count="0" type="stmt"/>
        <line num="56" count="0" type="stmt"/>
        <line num="57" count="0" type="stmt"/>
        <line num="58" count="0" type="stmt"/>
        <line num="61" count="0" type="stmt"/>
        <line num="63" count="0" type="stmt"/>
        <line num="64" count="0" type="cond" truecount="0" falsecount="2"/>
        <line num="65" count="0" type="cond" truecount="0" falsecount="3"/>
        <line num="67" count="0" type="stmt"/>
        <line num="69" count="0" type="stmt"/>
        <line num="71" count="0" type="stmt"/>
        <line num="76" count="0" type="stmt"/>
        <line num="82" count="0" type="stmt"/>
      </file>
      <file name="index.ts" path="/Users/chauduong/Desktop/airfoil/solona-test-app/src/components/Form/InputSearch/index.ts">
        <metrics statements="0" coveredstatements="0" conditionals="0" coveredconditionals="0" methods="0" coveredmethods="0"/>
      </file>
    </package>
    <package name="solona-test-app.src.components.Form.InputWithLabel">
      <metrics statements="4" coveredstatements="0" conditionals="6" coveredconditionals="0" methods="2" coveredmethods="0"/>
      <file name="InputWithLabel.tsx" path="/Users/chauduong/Desktop/airfoil/solona-test-app/src/components/Form/InputWithLabel/InputWithLabel.tsx">
        <metrics statements="4" coveredstatements="0" conditionals="6" coveredconditionals="0" methods="2" coveredmethods="0"/>
        <line num="15" count="0" type="stmt"/>
        <line num="34" count="0" type="stmt"/>
        <line num="35" count="0" type="cond" truecount="0" falsecount="2"/>
        <line num="61" count="0" type="stmt"/>
      </file>
      <file name="index.ts" path="/Users/chauduong/Desktop/airfoil/solona-test-app/src/components/Form/InputWithLabel/index.ts">
        <metrics statements="0" coveredstatements="0" conditionals="0" coveredconditionals="0" methods="0" coveredmethods="0"/>
      </file>
    </package>
    <package name="solona-test-app.src.components.Form.Label">
      <metrics statements="4" coveredstatements="0" conditionals="2" coveredconditionals="0" methods="1" coveredmethods="0"/>
      <file name="Label.tsx" path="/Users/chauduong/Desktop/airfoil/solona-test-app/src/components/Form/Label/Label.tsx">
        <metrics statements="4" coveredstatements="0" conditionals="2" coveredconditionals="0" methods="1" coveredmethods="0"/>
        <line num="10" count="0" type="stmt"/>
        <line num="17" count="0" type="stmt"/>
        <line num="19" count="0" type="cond" truecount="0" falsecount="2"/>
        <line num="21" count="0" type="stmt"/>
      </file>
      <file name="index.ts" path="/Users/chauduong/Desktop/airfoil/solona-test-app/src/components/Form/Label/index.ts">
        <metrics statements="0" coveredstatements="0" conditionals="0" coveredconditionals="0" methods="0" coveredmethods="0"/>
      </file>
    </package>
    <package name="solona-test-app.src.components.Form.Switch">
      <metrics statements="5" coveredstatements="0" conditionals="6" coveredconditionals="0" methods="2" coveredmethods="0"/>
      <file name="Switch.tsx" path="/Users/chauduong/Desktop/airfoil/solona-test-app/src/components/Form/Switch/Switch.tsx">
        <metrics statements="5" coveredstatements="0" conditionals="6" coveredconditionals="0" methods="2" coveredmethods="0"/>
        <line num="17" count="0" type="stmt"/>
        <line num="32" count="0" type="stmt"/>
        <line num="34" count="0" type="stmt"/>
        <line num="36" count="0" type="stmt"/>
        <line num="58" count="0" type="stmt"/>
      </file>
      <file name="index.ts" path="/Users/chauduong/Desktop/airfoil/solona-test-app/src/components/Form/Switch/index.ts">
        <metrics statements="0" coveredstatements="0" conditionals="0" coveredconditionals="0" methods="0" coveredmethods="0"/>
      </file>
    </package>
    <package name="solona-test-app.src.components.HeaderCustom">
      <metrics statements="11" coveredstatements="0" conditionals="9" coveredconditionals="0" methods="3" coveredmethods="0"/>
      <file name="HeaderButton.tsx" path="/Users/chauduong/Desktop/airfoil/solona-test-app/src/components/HeaderCustom/HeaderButton.tsx">
        <metrics statements="2" coveredstatements="0" conditionals="0" coveredconditionals="0" methods="1" coveredmethods="0"/>
        <line num="9" count="0" type="stmt"/>
        <line num="14" count="0" type="stmt"/>
      </file>
      <file name="HeaderCustom.tsx" path="/Users/chauduong/Desktop/airfoil/solona-test-app/src/components/HeaderCustom/HeaderCustom.tsx">
        <metrics statements="9" coveredstatements="0" conditionals="9" coveredconditionals="0" methods="2" coveredmethods="0"/>
        <line num="23" count="0" type="stmt"/>
        <line num="28" count="0" type="stmt"/>
        <line num="45" count="0" type="stmt"/>
        <line num="47" count="0" type="stmt"/>
        <line num="48" count="0" type="cond" truecount="0" falsecount="2"/>
        <line num="49" count="0" type="stmt"/>
        <line num="60" count="0" type="stmt"/>
        <line num="63" count="0" type="stmt"/>
        <line num="65" count="0" type="stmt"/>
      </file>
      <file name="index.ts" path="/Users/chauduong/Desktop/airfoil/solona-test-app/src/components/HeaderCustom/index.ts">
        <metrics statements="0" coveredstatements="0" conditionals="0" coveredconditionals="0" methods="0" coveredmethods="0"/>
      </file>
    </package>
    <package name="solona-test-app.src.components.Icons">
      <metrics statements="0" coveredstatements="0" conditionals="0" coveredconditionals="0" methods="0" coveredmethods="0"/>
      <file name="index.ts" path="/Users/chauduong/Desktop/airfoil/solona-test-app/src/components/Icons/index.ts">
        <metrics statements="0" coveredstatements="0" conditionals="0" coveredconditionals="0" methods="0" coveredmethods="0"/>
      </file>
    </package>
    <package name="solona-test-app.src.components.Icons.AnimatedIcons">
      <metrics statements="2" coveredstatements="0" conditionals="3" coveredconditionals="0" methods="1" coveredmethods="0"/>
      <file name="Svg.tsx" path="/Users/chauduong/Desktop/airfoil/solona-test-app/src/components/Icons/AnimatedIcons/Svg.tsx">
        <metrics statements="2" coveredstatements="0" conditionals="3" coveredconditionals="0" methods="1" coveredmethods="0"/>
        <line num="6" count="0" type="stmt"/>
        <line num="12" count="0" type="stmt"/>
      </file>
      <file name="index.ts" path="/Users/chauduong/Desktop/airfoil/solona-test-app/src/components/Icons/AnimatedIcons/index.ts">
        <metrics statements="0" coveredstatements="0" conditionals="0" coveredconditionals="0" methods="0" coveredmethods="0"/>
      </file>
    </package>
    <package name="solona-test-app.src.components.Layout">
      <metrics statements="4" coveredstatements="4" conditionals="2" coveredconditionals="1" methods="1" coveredmethods="1"/>
      <file name="Box.tsx" path="/Users/chauduong/Desktop/airfoil/solona-test-app/src/components/Layout/Box.tsx">
        <metrics statements="2" coveredstatements="2" conditionals="2" coveredconditionals="1" methods="1" coveredmethods="1"/>
        <line num="6" count="1" type="stmt"/>
        <line num="13" count="1" type="cond" truecount="1" falsecount="1"/>
      </file>
      <file name="HStack.tsx" path="/Users/chauduong/Desktop/airfoil/solona-test-app/src/components/Layout/HStack.tsx">
        <metrics statements="1" coveredstatements="1" conditionals="0" coveredconditionals="0" methods="0" coveredmethods="0"/>
        <line num="6" count="1" type="stmt"/>
      </file>
      <file name="VStack.tsx" path="/Users/chauduong/Desktop/airfoil/solona-test-app/src/components/Layout/VStack.tsx">
        <metrics statements="1" coveredstatements="1" conditionals="0" coveredconditionals="0" methods="0" coveredmethods="0"/>
        <line num="6" count="1" type="stmt"/>
      </file>
      <file name="index.ts" path="/Users/chauduong/Desktop/airfoil/solona-test-app/src/components/Layout/index.ts">
        <metrics statements="0" coveredstatements="0" conditionals="0" coveredconditionals="0" methods="0" coveredmethods="0"/>
      </file>
      <file name="types.ts" path="/Users/chauduong/Desktop/airfoil/solona-test-app/src/components/Layout/types.ts">
        <metrics statements="0" coveredstatements="0" conditionals="0" coveredconditionals="0" methods="0" coveredmethods="0"/>
      </file>
    </package>
    <package name="solona-test-app.src.components.Logo">
      <metrics statements="4" coveredstatements="0" conditionals="0" coveredconditionals="0" methods="1" coveredmethods="0"/>
      <file name="Logo.tsx" path="/Users/chauduong/Desktop/airfoil/solona-test-app/src/components/Logo/Logo.tsx">
        <metrics statements="4" coveredstatements="0" conditionals="0" coveredconditionals="0" methods="1" coveredmethods="0"/>
        <line num="7" count="0" type="stmt"/>
        <line num="10" count="0" type="stmt"/>
        <line num="12" count="0" type="stmt"/>
        <line num="13" count="0" type="stmt"/>
      </file>
      <file name="index.ts" path="/Users/chauduong/Desktop/airfoil/solona-test-app/src/components/Logo/index.ts">
        <metrics statements="0" coveredstatements="0" conditionals="0" coveredconditionals="0" methods="0" coveredmethods="0"/>
      </file>
    </package>
    <package name="solona-test-app.src.components.Modal">
      <metrics statements="21" coveredstatements="0" conditionals="6" coveredconditionals="0" methods="9" coveredmethods="0"/>
      <file name="Modal.tsx" path="/Users/chauduong/Desktop/airfoil/solona-test-app/src/components/Modal/Modal.tsx">
        <metrics statements="14" coveredstatements="0" conditionals="2" coveredconditionals="0" methods="6" coveredmethods="0"/>
        <line num="29" count="0" type="stmt"/>
        <line num="37" count="0" type="stmt"/>
        <line num="38" count="0" type="stmt"/>
        <line num="40" count="0" type="stmt"/>
        <line num="42" count="0" type="stmt"/>
        <line num="47" count="0" type="stmt"/>
        <line num="48" count="0" type="stmt"/>
        <line num="51" count="0" type="stmt"/>
        <line num="54" count="0" type="stmt"/>
        <line num="56" count="0" type="stmt"/>
        <line num="65" count="0" type="stmt"/>
        <line num="67" count="0" type="stmt"/>
        <line num="98" count="0" type="stmt"/>
        <line num="104" count="0" type="stmt"/>
      </file>
      <file name="ModalContent.tsx" path="/Users/chauduong/Desktop/airfoil/solona-test-app/src/components/Modal/ModalContent.tsx">
        <metrics statements="2" coveredstatements="0" conditionals="0" coveredconditionals="0" methods="1" coveredmethods="0"/>
        <line num="8" count="0" type="stmt"/>
        <line num="9" count="0" type="stmt"/>
      </file>
      <file name="ModalFooter.tsx" path="/Users/chauduong/Desktop/airfoil/solona-test-app/src/components/Modal/ModalFooter.tsx">
        <metrics statements="2" coveredstatements="0" conditionals="0" coveredconditionals="0" methods="1" coveredmethods="0"/>
        <line num="8" count="0" type="stmt"/>
        <line num="9" count="0" type="stmt"/>
      </file>
      <file name="ModalHeader.tsx" path="/Users/chauduong/Desktop/airfoil/solona-test-app/src/components/Modal/ModalHeader.tsx">
        <metrics statements="3" coveredstatements="0" conditionals="4" coveredconditionals="0" methods="1" coveredmethods="0"/>
        <line num="15" count="0" type="stmt"/>
        <line num="23" count="0" type="stmt"/>
        <line num="24" count="0" type="stmt"/>
      </file>
      <file name="index.ts" path="/Users/chauduong/Desktop/airfoil/solona-test-app/src/components/Modal/index.ts">
        <metrics statements="0" coveredstatements="0" conditionals="0" coveredconditionals="0" methods="0" coveredmethods="0"/>
      </file>
      <file name="types.ts" path="/Users/chauduong/Desktop/airfoil/solona-test-app/src/components/Modal/types.ts">
        <metrics statements="0" coveredstatements="0" conditionals="0" coveredconditionals="0" methods="0" coveredmethods="0"/>
      </file>
    </package>
    <package name="solona-test-app.src.components.Popover">
      <metrics statements="9" coveredstatements="0" conditionals="0" coveredconditionals="0" methods="4" coveredmethods="0"/>
      <file name="Popover.tsx" path="/Users/chauduong/Desktop/airfoil/solona-test-app/src/components/Popover/Popover.tsx">
        <metrics statements="9" coveredstatements="0" conditionals="0" coveredconditionals="0" methods="4" coveredmethods="0"/>
        <line num="15" count="0" type="stmt"/>
        <line num="16" count="0" type="stmt"/>
        <line num="17" count="0" type="stmt"/>
        <line num="18" count="0" type="stmt"/>
        <line num="19" count="0" type="stmt"/>
        <line num="34" count="0" type="stmt"/>
        <line num="43" count="0" type="stmt"/>
        <line num="51" count="0" type="stmt"/>
        <line num="57" count="0" type="stmt"/>
      </file>
      <file name="index.ts" path="/Users/chauduong/Desktop/airfoil/solona-test-app/src/components/Popover/index.ts">
        <metrics statements="0" coveredstatements="0" conditionals="0" coveredconditionals="0" methods="0" coveredmethods="0"/>
      </file>
    </package>
    <package name="solona-test-app.src.components.ScreenContainer">
      <metrics statements="3" coveredstatements="0" conditionals="3" coveredconditionals="0" methods="1" coveredmethods="0"/>
      <file name="ScreenContainer.tsx" path="/Users/chauduong/Desktop/airfoil/solona-test-app/src/components/ScreenContainer/ScreenContainer.tsx">
        <metrics statements="3" coveredstatements="0" conditionals="3" coveredconditionals="0" methods="1" coveredmethods="0"/>
        <line num="15" count="0" type="stmt"/>
        <line num="26" count="0" type="stmt"/>
        <line num="28" count="0" type="stmt"/>
      </file>
      <file name="index.ts" path="/Users/chauduong/Desktop/airfoil/solona-test-app/src/components/ScreenContainer/index.ts">
        <metrics statements="0" coveredstatements="0" conditionals="0" coveredconditionals="0" methods="0" coveredmethods="0"/>
      </file>
    </package>
    <package name="solona-test-app.src.components.Skeleton">
      <metrics statements="2" coveredstatements="0" conditionals="0" coveredconditionals="0" methods="1" coveredmethods="0"/>
      <file name="Skeleton.tsx" path="/Users/chauduong/Desktop/airfoil/solona-test-app/src/components/Skeleton/Skeleton.tsx">
        <metrics statements="2" coveredstatements="0" conditionals="0" coveredconditionals="0" methods="1" coveredmethods="0"/>
        <line num="6" count="0" type="stmt"/>
        <line num="7" count="0" type="stmt"/>
      </file>
      <file name="index.ts" path="/Users/chauduong/Desktop/airfoil/solona-test-app/src/components/Skeleton/index.ts">
        <metrics statements="0" coveredstatements="0" conditionals="0" coveredconditionals="0" methods="0" coveredmethods="0"/>
      </file>
    </package>
    <package name="solona-test-app.src.components.TabBar">
      <metrics statements="37" coveredstatements="0" conditionals="21" coveredconditionals="0" methods="11" coveredmethods="0"/>
      <file name="TabBar.tsx" path="/Users/chauduong/Desktop/airfoil/solona-test-app/src/components/TabBar/TabBar.tsx">
        <metrics statements="13" coveredstatements="0" conditionals="2" coveredconditionals="0" methods="4" coveredmethods="0"/>
        <line num="21" count="0" type="stmt"/>
        <line num="23" count="0" type="stmt"/>
        <line num="24" count="0" type="stmt"/>
        <line num="25" count="0" type="stmt"/>
        <line num="26" count="0" type="stmt"/>
        <line num="42" count="0" type="stmt"/>
        <line num="44" count="0" type="stmt"/>
        <line num="46" count="0" type="stmt"/>
        <line num="48" count="0" type="stmt"/>
        <line num="49" count="0" type="cond" truecount="0" falsecount="2"/>
        <line num="50" count="0" type="stmt"/>
        <line num="60" count="0" type="stmt"/>
        <line num="78" count="0" type="stmt"/>
      </file>
      <file name="TabItem.tsx" path="/Users/chauduong/Desktop/airfoil/solona-test-app/src/components/TabBar/TabItem.tsx">
        <metrics statements="24" coveredstatements="0" conditionals="19" coveredconditionals="0" methods="7" coveredmethods="0"/>
        <line num="34" count="0" type="stmt"/>
        <line num="36" count="0" type="stmt"/>
        <line num="38" count="0" type="cond" truecount="0" falsecount="2"/>
        <line num="39" count="0" type="stmt"/>
        <line num="41" count="0" type="cond" truecount="0" falsecount="2"/>
        <line num="42" count="0" type="stmt"/>
        <line num="48" count="0" type="stmt"/>
        <line num="61" count="0" type="stmt"/>
        <line num="63" count="0" type="stmt"/>
        <line num="65" count="0" type="cond" truecount="0" falsecount="3"/>
        <line num="67" count="0" type="stmt"/>
        <line num="69" count="0" type="stmt"/>
        <line num="71" count="0" type="stmt"/>
        <line num="75" count="0" type="stmt"/>
        <line num="76" count="0" type="stmt"/>
        <line num="88" count="0" type="stmt"/>
        <line num="89" count="0" type="cond" truecount="0" falsecount="2"/>
        <line num="94" count="0" type="stmt"/>
        <line num="95" count="0" type="stmt"/>
        <line num="101" count="0" type="cond" truecount="0" falsecount="4"/>
        <line num="103" count="0" type="stmt"/>
        <line num="107" count="0" type="stmt"/>
        <line num="108" count="0" type="stmt"/>
        <line num="114" count="0" type="stmt"/>
      </file>
      <file name="index.ts" path="/Users/chauduong/Desktop/airfoil/solona-test-app/src/components/TabBar/index.ts">
        <metrics statements="0" coveredstatements="0" conditionals="0" coveredconditionals="0" methods="0" coveredmethods="0"/>
      </file>
    </package>
    <package name="solona-test-app.src.components.Tabs">
      <metrics statements="22" coveredstatements="0" conditionals="14" coveredconditionals="0" methods="7" coveredmethods="0"/>
      <file name="Tabs.tsx" path="/Users/chauduong/Desktop/airfoil/solona-test-app/src/components/Tabs/Tabs.tsx">
        <metrics statements="19" coveredstatements="0" conditionals="14" coveredconditionals="0" methods="6" coveredmethods="0"/>
        <line num="38" count="0" type="stmt"/>
        <line num="60" count="0" type="stmt"/>
        <line num="62" count="0" type="stmt"/>
        <line num="64" count="0" type="stmt"/>
        <line num="65" count="0" type="stmt"/>
        <line num="68" count="0" type="stmt"/>
        <line num="69" count="0" type="stmt"/>
        <line num="70" count="0" type="stmt"/>
        <line num="73" count="0" type="cond" truecount="0" falsecount="2"/>
        <line num="75" count="0" type="stmt"/>
        <line num="79" count="0" type="stmt"/>
        <line num="103" count="0" type="stmt"/>
        <line num="104" count="0" type="cond" truecount="0" falsecount="2"/>
        <line num="105" count="0" type="stmt"/>
        <line num="107" count="0" type="stmt"/>
        <line num="114" count="0" type="stmt"/>
        <line num="115" count="0" type="stmt"/>
        <line num="126" count="0" type="stmt"/>
        <line num="139" count="0" type="stmt"/>
      </file>
      <file name="index.ts" path="/Users/chauduong/Desktop/airfoil/solona-test-app/src/components/Tabs/index.ts">
        <metrics statements="0" coveredstatements="0" conditionals="0" coveredconditionals="0" methods="0" coveredmethods="0"/>
      </file>
      <file name="theme.ts" path="/Users/chauduong/Desktop/airfoil/solona-test-app/src/components/Tabs/theme.ts">
        <metrics statements="3" coveredstatements="0" conditionals="0" coveredconditionals="0" methods="1" coveredmethods="0"/>
        <line num="13" count="0" type="stmt"/>
        <line num="33" count="0" type="stmt"/>
        <line num="34" count="0" type="stmt"/>
      </file>
      <file name="types.ts" path="/Users/chauduong/Desktop/airfoil/solona-test-app/src/components/Tabs/types.ts">
        <metrics statements="0" coveredstatements="0" conditionals="0" coveredconditionals="0" methods="0" coveredmethods="0"/>
      </file>
    </package>
    <package name="solona-test-app.src.components.Text">
      <metrics statements="8" coveredstatements="0" conditionals="8" coveredconditionals="0" methods="1" coveredmethods="0"/>
      <file name="Text.tsx" path="/Users/chauduong/Desktop/airfoil/solona-test-app/src/components/Text/Text.tsx">
        <metrics statements="5" coveredstatements="0" conditionals="8" coveredconditionals="0" methods="1" coveredmethods="0"/>
        <line num="41" count="0" type="stmt"/>
        <line num="61" count="0" type="stmt"/>
        <line num="63" count="0" type="stmt"/>
        <line num="67" count="0" type="cond" truecount="0" falsecount="2"/>
        <line num="69" count="0" type="stmt"/>
      </file>
      <file name="index.ts" path="/Users/chauduong/Desktop/airfoil/solona-test-app/src/components/Text/index.ts">
        <metrics statements="0" coveredstatements="0" conditionals="0" coveredconditionals="0" methods="0" coveredmethods="0"/>
      </file>
      <file name="theme.ts" path="/Users/chauduong/Desktop/airfoil/solona-test-app/src/components/Text/theme.ts">
        <metrics statements="3" coveredstatements="0" conditionals="0" coveredconditionals="0" methods="0" coveredmethods="0"/>
        <line num="9" count="0" type="stmt"/>
        <line num="19" count="0" type="stmt"/>
        <line num="29" count="0" type="stmt"/>
      </file>
      <file name="types.ts" path="/Users/chauduong/Desktop/airfoil/solona-test-app/src/components/Text/types.ts">
        <metrics statements="0" coveredstatements="0" conditionals="0" coveredconditionals="0" methods="0" coveredmethods="0"/>
      </file>
    </package>
    <package name="solona-test-app.src.components.UserNav">
      <metrics statements="12" coveredstatements="0" conditionals="6" coveredconditionals="0" methods="5" coveredmethods="0"/>
      <file name="NavItem.tsx" path="/Users/chauduong/Desktop/airfoil/solona-test-app/src/components/UserNav/NavItem.tsx">
        <metrics statements="6" coveredstatements="0" conditionals="6" coveredconditionals="0" methods="2" coveredmethods="0"/>
        <line num="20" count="0" type="stmt"/>
        <line num="34" count="0" type="stmt"/>
        <line num="36" count="0" type="stmt"/>
        <line num="37" count="0" type="stmt"/>
        <line num="44" count="0" type="cond" truecount="0" falsecount="2"/>
        <line num="46" count="0" type="stmt"/>
      </file>
      <file name="UserNav.tsx" path="/Users/chauduong/Desktop/airfoil/solona-test-app/src/components/UserNav/UserNav.tsx">
        <metrics statements="6" coveredstatements="0" conditionals="0" coveredconditionals="0" methods="3" coveredmethods="0"/>
        <line num="27" count="0" type="stmt"/>
        <line num="56" count="0" type="stmt"/>
        <line num="66" count="0" type="stmt"/>
        <line num="68" count="0" type="stmt"/>
        <line num="178" count="0" type="stmt"/>
        <line num="185" count="0" type="stmt"/>
      </file>
      <file name="index.ts" path="/Users/chauduong/Desktop/airfoil/solona-test-app/src/components/UserNav/index.ts">
        <metrics statements="0" coveredstatements="0" conditionals="0" coveredconditionals="0" methods="0" coveredmethods="0"/>
      </file>
    </package>
    <package name="solona-test-app.src.config">
      <metrics statements="3" coveredstatements="1" conditionals="0" coveredconditionals="0" methods="0" coveredmethods="0"/>
      <file name="index.ts" path="/Users/chauduong/Desktop/airfoil/solona-test-app/src/config/index.ts">
        <metrics statements="2" coveredstatements="0" conditionals="0" coveredconditionals="0" methods="0" coveredmethods="0"/>
        <line num="1" count="0" type="stmt"/>
        <line num="2" count="0" type="stmt"/>
      </file>
      <file name="theme.ts" path="/Users/chauduong/Desktop/airfoil/solona-test-app/src/config/theme.ts">
        <metrics statements="1" coveredstatements="1" conditionals="0" coveredconditionals="0" methods="0" coveredmethods="0"/>
        <line num="3" count="1" type="stmt"/>
      </file>
    </package>
    <package name="solona-test-app.src.constants">
      <metrics statements="4" coveredstatements="0" conditionals="0" coveredconditionals="0" methods="0" coveredmethods="0"/>
      <file name="index.ts" path="/Users/chauduong/Desktop/airfoil/solona-test-app/src/constants/index.ts">
        <metrics statements="4" coveredstatements="0" conditionals="0" coveredconditionals="0" methods="0" coveredmethods="0"/>
        <line num="1" count="0" type="stmt"/>
        <line num="2" count="0" type="stmt"/>
        <line num="3" count="0" type="stmt"/>
        <line num="4" count="0" type="stmt"/>
      </file>
    </package>
    <package name="solona-test-app.src.features.showcase">
      <metrics statements="0" coveredstatements="0" conditionals="0" coveredconditionals="0" methods="0" coveredmethods="0"/>
      <file name="index.ts" path="/Users/chauduong/Desktop/airfoil/solona-test-app/src/features/showcase/index.ts">
        <metrics statements="0" coveredstatements="0" conditionals="0" coveredconditionals="0" methods="0" coveredmethods="0"/>
      </file>
    </package>
    <package name="solona-test-app.src.features.showcase.components">
      <metrics statements="0" coveredstatements="0" conditionals="0" coveredconditionals="0" methods="0" coveredmethods="0"/>
      <file name="index.ts" path="/Users/chauduong/Desktop/airfoil/solona-test-app/src/features/showcase/components/index.ts">
        <metrics statements="0" coveredstatements="0" conditionals="0" coveredconditionals="0" methods="0" coveredmethods="0"/>
      </file>
    </package>
    <package name="solona-test-app.src.features.showcase.components.SectionComponent">
      <metrics statements="2" coveredstatements="0" conditionals="0" coveredconditionals="0" methods="1" coveredmethods="0"/>
      <file name="SectionComponent.tsx" path="/Users/chauduong/Desktop/airfoil/solona-test-app/src/features/showcase/components/SectionComponent/SectionComponent.tsx">
        <metrics statements="2" coveredstatements="0" conditionals="0" coveredconditionals="0" methods="1" coveredmethods="0"/>
        <line num="9" count="0" type="stmt"/>
        <line num="13" count="0" type="stmt"/>
      </file>
      <file name="index.ts" path="/Users/chauduong/Desktop/airfoil/solona-test-app/src/features/showcase/components/SectionComponent/index.ts">
        <metrics statements="0" coveredstatements="0" conditionals="0" coveredconditionals="0" methods="0" coveredmethods="0"/>
      </file>
    </package>
    <package name="solona-test-app.src.features.showcase.routes">
      <metrics statements="0" coveredstatements="0" conditionals="0" coveredconditionals="0" methods="0" coveredmethods="0"/>
      <file name="index.ts" path="/Users/chauduong/Desktop/airfoil/solona-test-app/src/features/showcase/routes/index.ts">
        <metrics statements="0" coveredstatements="0" conditionals="0" coveredconditionals="0" methods="0" coveredmethods="0"/>
      </file>
    </package>
    <package name="solona-test-app.src.features.showcase.routes.Showcase">
      <metrics statements="25" coveredstatements="0" conditionals="0" coveredconditionals="0" methods="17" coveredmethods="0"/>
      <file name="Showcase.tsx" path="/Users/chauduong/Desktop/airfoil/solona-test-app/src/features/showcase/routes/Showcase/Showcase.tsx">
        <metrics statements="25" coveredstatements="0" conditionals="0" coveredconditionals="0" methods="17" coveredmethods="0"/>
        <line num="29" count="0" type="stmt"/>
        <line num="34" count="0" type="stmt"/>
        <line num="43" count="0" type="stmt"/>
        <line num="51" count="0" type="stmt"/>
        <line num="59" count="0" type="stmt"/>
        <line num="67" count="0" type="stmt"/>
        <line num="74" count="0" type="stmt"/>
        <line num="75" count="0" type="stmt"/>
        <line num="76" count="0" type="stmt"/>
        <line num="77" count="0" type="stmt"/>
        <line num="85" count="0" type="stmt"/>
        <line num="86" count="0" type="stmt"/>
        <line num="92" count="0" type="stmt"/>
        <line num="109" count="0" type="stmt"/>
        <line num="139" count="0" type="stmt"/>
        <line num="217" count="0" type="stmt"/>
        <line num="285" count="0" type="stmt"/>
        <line num="289" count="0" type="stmt"/>
        <line num="299" count="0" type="stmt"/>
        <line num="309" count="0" type="stmt"/>
        <line num="317" count="0" type="stmt"/>
        <line num="392" count="0" type="stmt"/>
        <line num="528" count="0" type="stmt"/>
        <line num="537" count="0" type="stmt"/>
        <line num="548" count="0" type="stmt"/>
      </file>
      <file name="index.ts" path="/Users/chauduong/Desktop/airfoil/solona-test-app/src/features/showcase/routes/Showcase/index.ts">
        <metrics statements="0" coveredstatements="0" conditionals="0" coveredconditionals="0" methods="0" coveredmethods="0"/>
      </file>
    </package>
    <package name="solona-test-app.src.features.showcase.types">
      <metrics statements="0" coveredstatements="0" conditionals="0" coveredconditionals="0" methods="0" coveredmethods="0"/>
      <file name="index.ts" path="/Users/chauduong/Desktop/airfoil/solona-test-app/src/features/showcase/types/index.ts">
        <metrics statements="0" coveredstatements="0" conditionals="0" coveredconditionals="0" methods="0" coveredmethods="0"/>
      </file>
    </package>
    <package name="solona-test-app.src.hooks">
      <metrics statements="91" coveredstatements="0" conditionals="18" coveredconditionals="0" methods="30" coveredmethods="0"/>
      <file name="index.ts" path="/Users/chauduong/Desktop/airfoil/solona-test-app/src/hooks/index.ts">
        <metrics statements="0" coveredstatements="0" conditionals="0" coveredconditionals="0" methods="0" coveredmethods="0"/>
      </file>
      <file name="useBackHandler.ts" path="/Users/chauduong/Desktop/airfoil/solona-test-app/src/hooks/useBackHandler.ts">
        <metrics statements="3" coveredstatements="0" conditionals="0" coveredconditionals="0" methods="3" coveredmethods="0"/>
        <line num="5" count="0" type="stmt"/>
        <line num="6" count="0" type="stmt"/>
        <line num="8" count="0" type="stmt"/>
      </file>
      <file name="useBehaviorState.tsx" path="/Users/chauduong/Desktop/airfoil/solona-test-app/src/hooks/useBehaviorState.tsx">
        <metrics statements="21" coveredstatements="0" conditionals="1" coveredconditionals="0" methods="7" coveredmethods="0"/>
        <line num="41" count="0" type="cond" truecount="0" falsecount="1"/>
        <line num="44" count="0" type="stmt"/>
        <line num="49" count="0" type="stmt"/>
        <line num="50" count="0" type="stmt"/>
        <line num="51" count="0" type="stmt"/>
        <line num="57" count="0" type="stmt"/>
        <line num="58" count="0" type="stmt"/>
        <line num="59" count="0" type="stmt"/>
        <line num="65" count="0" type="stmt"/>
        <line num="66" count="0" type="stmt"/>
        <line num="67" count="0" type="stmt"/>
        <line num="73" count="0" type="stmt"/>
        <line num="74" count="0" type="stmt"/>
        <line num="75" count="0" type="stmt"/>
        <line num="81" count="0" type="stmt"/>
        <line num="82" count="0" type="stmt"/>
        <line num="83" count="0" type="stmt"/>
        <line num="89" count="0" type="stmt"/>
        <line num="90" count="0" type="stmt"/>
        <line num="91" count="0" type="stmt"/>
        <line num="94" count="0" type="stmt"/>
      </file>
      <file name="useKeyboard.tsx" path="/Users/chauduong/Desktop/airfoil/solona-test-app/src/hooks/useKeyboard.tsx">
        <metrics statements="24" coveredstatements="0" conditionals="2" coveredconditionals="0" methods="8" coveredmethods="0"/>
        <line num="9" count="0" type="stmt"/>
        <line num="15" count="0" type="stmt"/>
        <line num="21" count="0" type="stmt"/>
        <line num="22" count="0" type="stmt"/>
        <line num="26" count="0" type="stmt"/>
        <line num="28" count="0" type="stmt"/>
        <line num="29" count="0" type="stmt"/>
        <line num="31" count="0" type="stmt"/>
        <line num="32" count="0" type="stmt"/>
        <line num="33" count="0" type="stmt"/>
        <line num="34" count="0" type="stmt"/>
        <line num="36" count="0" type="stmt"/>
        <line num="37" count="0" type="stmt"/>
        <line num="39" count="0" type="stmt"/>
        <line num="40" count="0" type="stmt"/>
        <line num="41" count="0" type="cond" truecount="0" falsecount="2"/>
        <line num="42" count="0" type="stmt"/>
        <line num="44" count="0" type="stmt"/>
        <line num="45" count="0" type="stmt"/>
        <line num="49" count="0" type="stmt"/>
        <line num="50" count="0" type="stmt"/>
        <line num="57" count="0" type="stmt"/>
        <line num="58" count="0" type="stmt"/>
        <line num="62" count="0" type="stmt"/>
      </file>
      <file name="useModal.tsx" path="/Users/chauduong/Desktop/airfoil/solona-test-app/src/hooks/useModal.tsx">
        <metrics statements="9" coveredstatements="0" conditionals="0" coveredconditionals="0" methods="4" coveredmethods="0"/>
        <line num="4" count="0" type="stmt"/>
        <line num="5" count="0" type="stmt"/>
        <line num="7" count="0" type="stmt"/>
        <line num="8" count="0" type="stmt"/>
        <line num="11" count="0" type="stmt"/>
        <line num="12" count="0" type="stmt"/>
        <line num="15" count="0" type="stmt"/>
        <line num="16" count="0" type="stmt"/>
        <line num="19" count="0" type="stmt"/>
      </file>
      <file name="useModalAlert.tsx" path="/Users/chauduong/Desktop/airfoil/solona-test-app/src/hooks/useModalAlert.tsx">
        <metrics statements="27" coveredstatements="0" conditionals="15" coveredconditionals="0" methods="7" coveredmethods="0"/>
        <line num="36" count="0" type="stmt"/>
        <line num="41" count="0" type="stmt"/>
        <line num="48" count="0" type="stmt"/>
        <line num="57" count="0" type="stmt"/>
        <line num="59" count="0" type="stmt"/>
        <line num="60" count="0" type="cond" truecount="0" falsecount="5"/>
        <line num="62" count="0" type="stmt"/>
        <line num="64" count="0" type="stmt"/>
        <line num="66" count="0" type="stmt"/>
        <line num="68" count="0" type="stmt"/>
        <line num="70" count="0" type="stmt"/>
        <line num="74" count="0" type="stmt"/>
        <line num="75" count="0" type="cond" truecount="0" falsecount="2"/>
        <line num="76" count="0" type="stmt"/>
        <line num="78" count="0" type="stmt"/>
        <line num="80" count="0" type="stmt"/>
        <line num="81" count="0" type="cond" truecount="0" falsecount="2"/>
        <line num="82" count="0" type="cond" truecount="0" falsecount="2"/>
        <line num="83" count="0" type="stmt"/>
        <line num="86" count="0" type="stmt"/>
        <line num="101" count="0" type="stmt"/>
        <line num="102" count="0" type="cond" truecount="0" falsecount="2"/>
        <line num="103" count="0" type="stmt"/>
        <line num="105" count="0" type="stmt"/>
        <line num="123" count="0" type="stmt"/>
        <line num="124" count="0" type="stmt"/>
        <line num="151" count="0" type="stmt"/>
      </file>
      <file name="usePlatform.tsx" path="/Users/chauduong/Desktop/airfoil/solona-test-app/src/hooks/usePlatform.tsx">
        <metrics statements="7" coveredstatements="0" conditionals="0" coveredconditionals="0" methods="1" coveredmethods="0"/>
        <line num="24" count="0" type="stmt"/>
        <line num="25" count="0" type="stmt"/>
        <line num="26" count="0" type="stmt"/>
        <line num="27" count="0" type="stmt"/>
        <line num="28" count="0" type="stmt"/>
        <line num="29" count="0" type="stmt"/>
        <line num="31" count="0" type="stmt"/>
      </file>
    </package>
    <package name="solona-test-app.src.providers">
      <metrics statements="0" coveredstatements="0" conditionals="0" coveredconditionals="0" methods="0" coveredmethods="0"/>
      <file name="app.tsx" path="/Users/chauduong/Desktop/airfoil/solona-test-app/src/providers/app.tsx">
        <metrics statements="0" coveredstatements="0" conditionals="0" coveredconditionals="0" methods="0" coveredmethods="0"/>
      </file>
    </package>
    <package name="solona-test-app.src.types">
      <metrics statements="0" coveredstatements="0" conditionals="0" coveredconditionals="0" methods="0" coveredmethods="0"/>
      <file name="declarations.d.ts" path="/Users/chauduong/Desktop/airfoil/solona-test-app/src/types/declarations.d.ts">
        <metrics statements="0" coveredstatements="0" conditionals="0" coveredconditionals="0" methods="0" coveredmethods="0"/>
      </file>
      <file name="themed.d.ts" path="/Users/chauduong/Desktop/airfoil/solona-test-app/src/types/themed.d.ts">
        <metrics statements="0" coveredstatements="0" conditionals="0" coveredconditionals="0" methods="0" coveredmethods="0"/>
      </file>
    </package>
    <package name="solona-test-app.src.utils">
      <metrics statements="14" coveredstatements="8" conditionals="9" coveredconditionals="3" methods="6" coveredmethods="1"/>
      <file name="color.ts" path="/Users/chauduong/Desktop/airfoil/solona-test-app/src/utils/color.ts">
        <metrics statements="10" coveredstatements="8" conditionals="7" coveredconditionals="3" methods="1" coveredmethods="1"/>
        <line num="10" count="1" type="cond" truecount="0" falsecount="1"/>
        <line num="11" count="3" type="stmt"/>
        <line num="13" count="3" type="cond" truecount="1" falsecount="1"/>
        <line num="14" count="0" type="stmt"/>
        <line num="17" count="3" type="stmt"/>
        <line num="18" count="3" type="stmt"/>
        <line num="19" count="3" type="stmt"/>
        <line num="22" count="3" type="cond" truecount="2" falsecount="2"/>
        <line num="23" count="0" type="stmt"/>
        <line num="26" count="3" type="stmt"/>
      </file>
      <file name="icon.ts" path="/Users/chauduong/Desktop/airfoil/solona-test-app/src/utils/icon.ts">
        <metrics statements="2" coveredstatements="0" conditionals="2" coveredconditionals="0" methods="2" coveredmethods="0"/>
        <line num="20" count="0" type="stmt"/>
        <line num="21" count="0" type="cond" truecount="0" falsecount="2"/>
      </file>
      <file name="lazyImport.ts" path="/Users/chauduong/Desktop/airfoil/solona-test-app/src/utils/lazyImport.ts">
        <metrics statements="2" coveredstatements="0" conditionals="0" coveredconditionals="0" methods="3" coveredmethods="0"/>
        <line num="9" count="0" type="stmt"/>
        <line num="11" count="0" type="stmt"/>
      </file>
    </package>
  </project>
</coverage>
