{"/Users/chauduong/Desktop/airfoil/solona-test-app/expo-env.d.ts": {"path":"/Users/chauduong/Desktop/airfoil/solona-test-app/expo-env.d.ts","statementMap":{},"fnMap":{},"branchMap":{},"s":{},"f":{},"b":{}}
,"/Users/chauduong/Desktop/airfoil/solona-test-app/jest.config.ts": {"path":"/Users/chauduong/Desktop/airfoil/solona-test-app/jest.config.ts","statementMap":{"0":{"start":{"line":3,"column":23},"end":{"line":23,"column":1}}},"fnMap":{},"branchMap":{},"s":{"0":0},"f":{},"b":{}}
,"/Users/chauduong/Desktop/airfoil/solona-test-app/src/__tests__/mock/renderApp.tsx": {"path":"/Users/chauduong/Desktop/airfoil/solona-test-app/src/__tests__/mock/renderApp.tsx","statementMap":{"0":{"start":{"line":12,"column":25},"end":{"line":20,"column":1}},"1":{"start":{"line":13,"column":2},"end":{"line":13,"column":23}},"2":{"start":{"line":15,"column":2},"end":{"line":19,"column":4}}},"fnMap":{"0":{"name":"(anonymous_0)","decl":{"start":{"line":12,"column":25},"end":{"line":12,"column":26}},"loc":{"start":{"line":12,"column":50},"end":{"line":20,"column":1}},"line":12}},"branchMap":{},"s":{"0":1,"1":1,"2":1},"f":{"0":1},"b":{},"_coverageSchema":"1a1c01bbd47fc00a2c39e90264f33305004495a9","hash":"406ef6d74e6d6e681a0e66080e2cbf53d989aa11"}
,"/Users/chauduong/Desktop/airfoil/solona-test-app/src/app/[...missing].tsx": {"path":"/Users/chauduong/Desktop/airfoil/solona-test-app/src/app/[...missing].tsx","statementMap":{"0":{"start":{"line":12,"column":29},"end":{"line":14,"column":3}},"1":{"start":{"line":13,"column":4},"end":{"line":13,"column":39}},"2":{"start":{"line":16,"column":2},"end":{"line":31,"column":4}}},"fnMap":{"0":{"name":"NotFoundScreen","decl":{"start":{"line":11,"column":24},"end":{"line":11,"column":38}},"loc":{"start":{"line":11,"column":41},"end":{"line":32,"column":1}},"line":11},"1":{"name":"(anonymous_1)","decl":{"start":{"line":12,"column":29},"end":{"line":12,"column":30}},"loc":{"start":{"line":12,"column":64},"end":{"line":14,"column":3}},"line":12}},"branchMap":{},"s":{"0":0,"1":0,"2":0},"f":{"0":0,"1":0},"b":{}}
,"/Users/chauduong/Desktop/airfoil/solona-test-app/src/app/_layout.tsx": {"path":"/Users/chauduong/Desktop/airfoil/solona-test-app/src/app/_layout.tsx","statementMap":{"0":{"start":{"line":21,"column":33},"end":{"line":24,"column":1}},"1":{"start":{"line":27,"column":0},"end":{"line":27,"column":36}},"2":{"start":{"line":30,"column":31},"end":{"line":36,"column":4}},"3":{"start":{"line":39,"column":2},"end":{"line":41,"column":14}},"4":{"start":{"line":40,"column":4},"end":{"line":40,"column":27}},"5":{"start":{"line":40,"column":15},"end":{"line":40,"column":27}},"6":{"start":{"line":43,"column":2},"end":{"line":47,"column":20}},"7":{"start":{"line":44,"column":4},"end":{"line":46,"column":5}},"8":{"start":{"line":45,"column":6},"end":{"line":45,"column":31}},"9":{"start":{"line":49,"column":2},"end":{"line":51,"column":3}},"10":{"start":{"line":50,"column":4},"end":{"line":50,"column":16}},"11":{"start":{"line":53,"column":2},"end":{"line":53,"column":27}},"12":{"start":{"line":57,"column":22},"end":{"line":57,"column":38}},"13":{"start":{"line":58,"column":2},"end":{"line":58,"column":38}},"14":{"start":{"line":59,"column":2},"end":{"line":71,"column":4}}},"fnMap":{"0":{"name":"RootLayout","decl":{"start":{"line":29,"column":24},"end":{"line":29,"column":34}},"loc":{"start":{"line":29,"column":37},"end":{"line":54,"column":1}},"line":29},"1":{"name":"(anonymous_1)","decl":{"start":{"line":39,"column":12},"end":{"line":39,"column":13}},"loc":{"start":{"line":39,"column":18},"end":{"line":41,"column":3}},"line":39},"2":{"name":"(anonymous_2)","decl":{"start":{"line":43,"column":12},"end":{"line":43,"column":13}},"loc":{"start":{"line":43,"column":18},"end":{"line":47,"column":3}},"line":43},"3":{"name":"RootLayoutNav","decl":{"start":{"line":56,"column":9},"end":{"line":56,"column":22}},"loc":{"start":{"line":56,"column":25},"end":{"line":72,"column":1}},"line":56}},"branchMap":{"0":{"loc":{"start":{"line":40,"column":4},"end":{"line":40,"column":27}},"type":"if","locations":[{"start":{"line":40,"column":4},"end":{"line":40,"column":27}},{"start":{},"end":{}}],"line":40},"1":{"loc":{"start":{"line":44,"column":4},"end":{"line":46,"column":5}},"type":"if","locations":[{"start":{"line":44,"column":4},"end":{"line":46,"column":5}},{"start":{},"end":{}}],"line":44},"2":{"loc":{"start":{"line":49,"column":2},"end":{"line":51,"column":3}},"type":"if","locations":[{"start":{"line":49,"column":2},"end":{"line":51,"column":3}},{"start":{},"end":{}}],"line":49},"3":{"loc":{"start":{"line":58,"column":15},"end":{"line":58,"column":37}},"type":"binary-expr","locations":[{"start":{"line":58,"column":15},"end":{"line":58,"column":26}},{"start":{"line":58,"column":30},"end":{"line":58,"column":37}}],"line":58}},"s":{"0":0,"1":0,"2":0,"3":0,"4":0,"5":0,"6":0,"7":0,"8":0,"9":0,"10":0,"11":0,"12":0,"13":0,"14":0},"f":{"0":0,"1":0,"2":0,"3":0},"b":{"0":[0,0],"1":[0,0],"2":[0,0],"3":[0,0]}}
,"/Users/chauduong/Desktop/airfoil/solona-test-app/src/app/index.tsx": {"path":"/Users/chauduong/Desktop/airfoil/solona-test-app/src/app/index.tsx","statementMap":{"0":{"start":{"line":4,"column":14},"end":{"line":6,"column":1}},"1":{"start":{"line":5,"column":2},"end":{"line":5,"column":51}}},"fnMap":{"0":{"name":"(anonymous_0)","decl":{"start":{"line":4,"column":14},"end":{"line":4,"column":15}},"loc":{"start":{"line":4,"column":20},"end":{"line":6,"column":1}},"line":4}},"branchMap":{},"s":{"0":0,"1":0},"f":{"0":0},"b":{}}
,"/Users/chauduong/Desktop/airfoil/solona-test-app/src/app/modal.tsx": {"path":"/Users/chauduong/Desktop/airfoil/solona-test-app/src/app/modal.tsx","statementMap":{"0":{"start":{"line":5,"column":2},"end":{"line":13,"column":4}},"1":{"start":{"line":16,"column":15},"end":{"line":31,"column":2}}},"fnMap":{"0":{"name":"ModalScreen","decl":{"start":{"line":4,"column":24},"end":{"line":4,"column":35}},"loc":{"start":{"line":4,"column":38},"end":{"line":14,"column":1}},"line":4}},"branchMap":{"0":{"loc":{"start":{"line":11,"column":24},"end":{"line":11,"column":64}},"type":"cond-expr","locations":[{"start":{"line":11,"column":48},"end":{"line":11,"column":55}},{"start":{"line":11,"column":58},"end":{"line":11,"column":64}}],"line":11}},"s":{"0":0,"1":0},"f":{"0":0},"b":{"0":[0,0]}}
,"/Users/chauduong/Desktop/airfoil/solona-test-app/src/app/(drawer)/_layout.tsx": {"path":"/Users/chauduong/Desktop/airfoil/solona-test-app/src/app/(drawer)/_layout.tsx","statementMap":{"0":{"start":{"line":14,"column":6},"end":{"line":14,"column":16}},"1":{"start":{"line":16,"column":2},"end":{"line":36,"column":4}},"2":{"start":{"line":19,"column":8},"end":{"line":21,"column":30}}},"fnMap":{"0":{"name":"DrawerLayout","decl":{"start":{"line":7,"column":24},"end":{"line":7,"column":36}},"loc":{"start":{"line":7,"column":39},"end":{"line":37,"column":1}},"line":7},"1":{"name":"(anonymous_1)","decl":{"start":{"line":18,"column":21},"end":{"line":18,"column":22}},"loc":{"start":{"line":19,"column":8},"end":{"line":21,"column":30}},"line":19}},"branchMap":{},"s":{"0":0,"1":0,"2":0},"f":{"0":0,"1":0},"b":{}}
,"/Users/chauduong/Desktop/airfoil/solona-test-app/src/app/(drawer)/(tabs)/_layout.tsx": {"path":"/Users/chauduong/Desktop/airfoil/solona-test-app/src/app/(drawer)/(tabs)/_layout.tsx","statementMap":{"0":{"start":{"line":10,"column":21},"end":{"line":10,"column":59}},"1":{"start":{"line":11,"column":16},"end":{"line":72,"column":1}},"2":{"start":{"line":16,"column":6},"end":{"line":21,"column":12}},"3":{"start":{"line":28,"column":6},"end":{"line":33,"column":12}},"4":{"start":{"line":40,"column":6},"end":{"line":55,"column":12}},"5":{"start":{"line":64,"column":6},"end":{"line":69,"column":12}},"6":{"start":{"line":75,"column":23},"end":{"line":75,"column":74}},"7":{"start":{"line":75,"column":53},"end":{"line":75,"column":74}},"8":{"start":{"line":77,"column":2},"end":{"line":98,"column":4}},"9":{"start":{"line":85,"column":8},"end":{"line":95,"column":10}}},"fnMap":{"0":{"name":"(anonymous_0)","decl":{"start":{"line":15,"column":16},"end":{"line":15,"column":17}},"loc":{"start":{"line":16,"column":6},"end":{"line":21,"column":12}},"line":16},"1":{"name":"(anonymous_1)","decl":{"start":{"line":27,"column":16},"end":{"line":27,"column":17}},"loc":{"start":{"line":28,"column":6},"end":{"line":33,"column":12}},"line":28},"2":{"name":"(anonymous_2)","decl":{"start":{"line":39,"column":16},"end":{"line":39,"column":17}},"loc":{"start":{"line":40,"column":6},"end":{"line":55,"column":12}},"line":40},"3":{"name":"(anonymous_3)","decl":{"start":{"line":63,"column":16},"end":{"line":63,"column":17}},"loc":{"start":{"line":64,"column":6},"end":{"line":69,"column":12}},"line":64},"4":{"name":"TabLayout","decl":{"start":{"line":74,"column":24},"end":{"line":74,"column":33}},"loc":{"start":{"line":74,"column":36},"end":{"line":99,"column":1}},"line":74},"5":{"name":"(anonymous_5)","decl":{"start":{"line":75,"column":23},"end":{"line":75,"column":24}},"loc":{"start":{"line":75,"column":53},"end":{"line":75,"column":74}},"line":75},"6":{"name":"(anonymous_6)","decl":{"start":{"line":84,"column":19},"end":{"line":84,"column":20}},"loc":{"start":{"line":85,"column":8},"end":{"line":95,"column":10}},"line":85}},"branchMap":{},"s":{"0":0,"1":0,"2":0,"3":0,"4":0,"5":0,"6":0,"7":0,"8":0,"9":0},"f":{"0":0,"1":0,"2":0,"3":0,"4":0,"5":0,"6":0},"b":{}}
,"/Users/chauduong/Desktop/airfoil/solona-test-app/src/app/(drawer)/(tabs)/discover/_layout.tsx": {"path":"/Users/chauduong/Desktop/airfoil/solona-test-app/src/app/(drawer)/(tabs)/discover/_layout.tsx","statementMap":{"0":{"start":{"line":22,"column":14},"end":{"line":22,"column":16}},"1":{"start":{"line":23,"column":13},"end":{"line":23,"column":16}},"2":{"start":{"line":24,"column":15},"end":{"line":24,"column":34}},"3":{"start":{"line":34,"column":6},"end":{"line":34,"column":16}},"4":{"start":{"line":36,"column":19},"end":{"line":36,"column":36}},"5":{"start":{"line":38,"column":24},"end":{"line":40,"column":5}},"6":{"start":{"line":38,"column":48},"end":{"line":40,"column":3}},"7":{"start":{"line":42,"column":2},"end":{"line":58,"column":17}},"8":{"start":{"line":43,"column":4},"end":{"line":57,"column":6}},"9":{"start":{"line":60,"column":29},"end":{"line":90,"column":3}},"10":{"start":{"line":61,"column":4},"end":{"line":89,"column":6}},"11":{"start":{"line":92,"column":2},"end":{"line":101,"column":4}}},"fnMap":{"0":{"name":"DiscoverLayout","decl":{"start":{"line":26,"column":24},"end":{"line":26,"column":38}},"loc":{"start":{"line":26,"column":41},"end":{"line":102,"column":1}},"line":26},"1":{"name":"(anonymous_1)","decl":{"start":{"line":38,"column":41},"end":{"line":38,"column":42}},"loc":{"start":{"line":38,"column":48},"end":{"line":40,"column":3}},"line":38},"2":{"name":"(anonymous_2)","decl":{"start":{"line":42,"column":12},"end":{"line":42,"column":13}},"loc":{"start":{"line":42,"column":18},"end":{"line":58,"column":3}},"line":42},"3":{"name":"(anonymous_3)","decl":{"start":{"line":60,"column":29},"end":{"line":60,"column":30}},"loc":{"start":{"line":60,"column":59},"end":{"line":90,"column":3}},"line":60}},"branchMap":{},"s":{"0":0,"1":0,"2":0,"3":0,"4":0,"5":0,"6":0,"7":0,"8":0,"9":0,"10":0,"11":0},"f":{"0":0,"1":0,"2":0,"3":0},"b":{}}
,"/Users/chauduong/Desktop/airfoil/solona-test-app/src/app/(drawer)/(tabs)/discover/index.tsx": {"path":"/Users/chauduong/Desktop/airfoil/solona-test-app/src/app/(drawer)/(tabs)/discover/index.tsx","statementMap":{"0":{"start":{"line":6,"column":2},"end":{"line":14,"column":4}}},"fnMap":{"0":{"name":"DiscoverScreen","decl":{"start":{"line":5,"column":24},"end":{"line":5,"column":38}},"loc":{"start":{"line":5,"column":41},"end":{"line":15,"column":1}},"line":5}},"branchMap":{},"s":{"0":0},"f":{"0":0},"b":{}}
,"/Users/chauduong/Desktop/airfoil/solona-test-app/src/app/(drawer)/(tabs)/game/_layout.tsx": {"path":"/Users/chauduong/Desktop/airfoil/solona-test-app/src/app/(drawer)/(tabs)/game/_layout.tsx","statementMap":{"0":{"start":{"line":17,"column":6},"end":{"line":17,"column":16}},"1":{"start":{"line":19,"column":29},"end":{"line":31,"column":3}},"2":{"start":{"line":20,"column":4},"end":{"line":30,"column":6}},"3":{"start":{"line":33,"column":2},"end":{"line":42,"column":4}}},"fnMap":{"0":{"name":"GameLayout","decl":{"start":{"line":10,"column":24},"end":{"line":10,"column":34}},"loc":{"start":{"line":10,"column":37},"end":{"line":43,"column":1}},"line":10},"1":{"name":"(anonymous_1)","decl":{"start":{"line":19,"column":29},"end":{"line":19,"column":30}},"loc":{"start":{"line":19,"column":64},"end":{"line":31,"column":3}},"line":19}},"branchMap":{},"s":{"0":0,"1":0,"2":0,"3":0},"f":{"0":0,"1":0},"b":{}}
,"/Users/chauduong/Desktop/airfoil/solona-test-app/src/app/(drawer)/(tabs)/game/index.tsx": {"path":"/Users/chauduong/Desktop/airfoil/solona-test-app/src/app/(drawer)/(tabs)/game/index.tsx","statementMap":{"0":{"start":{"line":8,"column":2},"end":{"line":19,"column":4}}},"fnMap":{"0":{"name":"HomeScreen","decl":{"start":{"line":7,"column":24},"end":{"line":7,"column":34}},"loc":{"start":{"line":7,"column":37},"end":{"line":20,"column":1}},"line":7}},"branchMap":{},"s":{"0":0},"f":{"0":0},"b":{}}
,"/Users/chauduong/Desktop/airfoil/solona-test-app/src/app/(drawer)/(tabs)/home/_layout.tsx": {"path":"/Users/chauduong/Desktop/airfoil/solona-test-app/src/app/(drawer)/(tabs)/home/_layout.tsx","statementMap":{"0":{"start":{"line":17,"column":6},"end":{"line":17,"column":16}},"1":{"start":{"line":19,"column":29},"end":{"line":31,"column":3}},"2":{"start":{"line":20,"column":4},"end":{"line":30,"column":6}},"3":{"start":{"line":33,"column":2},"end":{"line":42,"column":4}}},"fnMap":{"0":{"name":"HomeLayout","decl":{"start":{"line":10,"column":24},"end":{"line":10,"column":34}},"loc":{"start":{"line":10,"column":37},"end":{"line":43,"column":1}},"line":10},"1":{"name":"(anonymous_1)","decl":{"start":{"line":19,"column":29},"end":{"line":19,"column":30}},"loc":{"start":{"line":19,"column":64},"end":{"line":31,"column":3}},"line":19}},"branchMap":{},"s":{"0":0,"1":0,"2":0,"3":0},"f":{"0":0,"1":0},"b":{}}
,"/Users/chauduong/Desktop/airfoil/solona-test-app/src/app/(drawer)/(tabs)/home/index.tsx": {"path":"/Users/chauduong/Desktop/airfoil/solona-test-app/src/app/(drawer)/(tabs)/home/index.tsx","statementMap":{"0":{"start":{"line":8,"column":2},"end":{"line":22,"column":4}}},"fnMap":{"0":{"name":"HomeScreen","decl":{"start":{"line":7,"column":24},"end":{"line":7,"column":34}},"loc":{"start":{"line":7,"column":37},"end":{"line":23,"column":1}},"line":7}},"branchMap":{},"s":{"0":0},"f":{"0":0},"b":{}}
,"/Users/chauduong/Desktop/airfoil/solona-test-app/src/app/(drawer)/(tabs)/showcase/_layout.tsx": {"path":"/Users/chauduong/Desktop/airfoil/solona-test-app/src/app/(drawer)/(tabs)/showcase/_layout.tsx","statementMap":{"0":{"start":{"line":7,"column":29},"end":{"line":9,"column":3}},"1":{"start":{"line":8,"column":4},"end":{"line":8,"column":58}},"2":{"start":{"line":11,"column":2},"end":{"line":20,"column":4}}},"fnMap":{"0":{"name":"ShowcaseLayout","decl":{"start":{"line":6,"column":24},"end":{"line":6,"column":38}},"loc":{"start":{"line":6,"column":41},"end":{"line":21,"column":1}},"line":6},"1":{"name":"(anonymous_1)","decl":{"start":{"line":7,"column":29},"end":{"line":7,"column":30}},"loc":{"start":{"line":7,"column":64},"end":{"line":9,"column":3}},"line":7}},"branchMap":{},"s":{"0":0,"1":0,"2":0},"f":{"0":0,"1":0},"b":{}}
,"/Users/chauduong/Desktop/airfoil/solona-test-app/src/app/(drawer)/(tabs)/showcase/index.tsx": {"path":"/Users/chauduong/Desktop/airfoil/solona-test-app/src/app/(drawer)/(tabs)/showcase/index.tsx","statementMap":{"0":{"start":{"line":8,"column":17},"end":{"line":12,"column":1}},"1":{"start":{"line":9,"column":2},"end":{"line":11,"column":5}},"2":{"start":{"line":9,"column":66},"end":{"line":11,"column":3}},"3":{"start":{"line":21,"column":6},"end":{"line":21,"column":16}},"4":{"start":{"line":22,"column":2},"end":{"line":34,"column":4}}},"fnMap":{"0":{"name":"(anonymous_0)","decl":{"start":{"line":8,"column":28},"end":{"line":8,"column":29}},"loc":{"start":{"line":9,"column":2},"end":{"line":11,"column":5}},"line":9},"1":{"name":"(anonymous_1)","decl":{"start":{"line":9,"column":53},"end":{"line":9,"column":54}},"loc":{"start":{"line":9,"column":66},"end":{"line":11,"column":3}},"line":9},"2":{"name":"ShowcaseScreen","decl":{"start":{"line":14,"column":24},"end":{"line":14,"column":38}},"loc":{"start":{"line":14,"column":41},"end":{"line":35,"column":1}},"line":14}},"branchMap":{},"s":{"0":0,"1":0,"2":0,"3":0,"4":0},"f":{"0":0,"1":0,"2":0},"b":{}}
,"/Users/chauduong/Desktop/airfoil/solona-test-app/src/app/(drawer)/invites/_layout.tsx": {"path":"/Users/chauduong/Desktop/airfoil/solona-test-app/src/app/(drawer)/invites/_layout.tsx","statementMap":{"0":{"start":{"line":7,"column":29},"end":{"line":9,"column":3}},"1":{"start":{"line":8,"column":4},"end":{"line":8,"column":66}},"2":{"start":{"line":11,"column":2},"end":{"line":20,"column":4}}},"fnMap":{"0":{"name":"InvitesLayout","decl":{"start":{"line":6,"column":24},"end":{"line":6,"column":37}},"loc":{"start":{"line":6,"column":40},"end":{"line":21,"column":1}},"line":6},"1":{"name":"(anonymous_1)","decl":{"start":{"line":7,"column":29},"end":{"line":7,"column":30}},"loc":{"start":{"line":7,"column":64},"end":{"line":9,"column":3}},"line":7}},"branchMap":{},"s":{"0":0,"1":0,"2":0},"f":{"0":0,"1":0},"b":{}}
,"/Users/chauduong/Desktop/airfoil/solona-test-app/src/app/(drawer)/invites/index.tsx": {"path":"/Users/chauduong/Desktop/airfoil/solona-test-app/src/app/(drawer)/invites/index.tsx","statementMap":{"0":{"start":{"line":8,"column":2},"end":{"line":19,"column":4}}},"fnMap":{"0":{"name":"InvitesScreen","decl":{"start":{"line":7,"column":24},"end":{"line":7,"column":37}},"loc":{"start":{"line":7,"column":40},"end":{"line":20,"column":1}},"line":7}},"branchMap":{},"s":{"0":0},"f":{"0":0},"b":{}}
,"/Users/chauduong/Desktop/airfoil/solona-test-app/src/app/(drawer)/my-leaderboards/_layout.tsx": {"path":"/Users/chauduong/Desktop/airfoil/solona-test-app/src/app/(drawer)/my-leaderboards/_layout.tsx","statementMap":{"0":{"start":{"line":7,"column":29},"end":{"line":9,"column":3}},"1":{"start":{"line":8,"column":4},"end":{"line":8,"column":75}},"2":{"start":{"line":11,"column":2},"end":{"line":20,"column":4}}},"fnMap":{"0":{"name":"MyLeaderBoardsLayout","decl":{"start":{"line":6,"column":24},"end":{"line":6,"column":44}},"loc":{"start":{"line":6,"column":47},"end":{"line":21,"column":1}},"line":6},"1":{"name":"(anonymous_1)","decl":{"start":{"line":7,"column":29},"end":{"line":7,"column":30}},"loc":{"start":{"line":7,"column":64},"end":{"line":9,"column":3}},"line":7}},"branchMap":{},"s":{"0":0,"1":0,"2":0},"f":{"0":0,"1":0},"b":{}}
,"/Users/chauduong/Desktop/airfoil/solona-test-app/src/app/(drawer)/my-leaderboards/index.tsx": {"path":"/Users/chauduong/Desktop/airfoil/solona-test-app/src/app/(drawer)/my-leaderboards/index.tsx","statementMap":{"0":{"start":{"line":8,"column":2},"end":{"line":19,"column":4}}},"fnMap":{"0":{"name":"MyLeaderBoardsScreen","decl":{"start":{"line":7,"column":24},"end":{"line":7,"column":44}},"loc":{"start":{"line":7,"column":47},"end":{"line":20,"column":1}},"line":7}},"branchMap":{},"s":{"0":0},"f":{"0":0},"b":{}}
,"/Users/chauduong/Desktop/airfoil/solona-test-app/src/app/(drawer)/profile/_layout.tsx": {"path":"/Users/chauduong/Desktop/airfoil/solona-test-app/src/app/(drawer)/profile/_layout.tsx","statementMap":{"0":{"start":{"line":7,"column":29},"end":{"line":9,"column":3}},"1":{"start":{"line":8,"column":4},"end":{"line":8,"column":66}},"2":{"start":{"line":11,"column":2},"end":{"line":20,"column":4}}},"fnMap":{"0":{"name":"ProfileLayout","decl":{"start":{"line":6,"column":24},"end":{"line":6,"column":37}},"loc":{"start":{"line":6,"column":40},"end":{"line":21,"column":1}},"line":6},"1":{"name":"(anonymous_1)","decl":{"start":{"line":7,"column":29},"end":{"line":7,"column":30}},"loc":{"start":{"line":7,"column":64},"end":{"line":9,"column":3}},"line":7}},"branchMap":{},"s":{"0":0,"1":0,"2":0},"f":{"0":0,"1":0},"b":{}}
,"/Users/chauduong/Desktop/airfoil/solona-test-app/src/app/(drawer)/profile/index.tsx": {"path":"/Users/chauduong/Desktop/airfoil/solona-test-app/src/app/(drawer)/profile/index.tsx","statementMap":{"0":{"start":{"line":8,"column":2},"end":{"line":19,"column":4}}},"fnMap":{"0":{"name":"ProfileScreen","decl":{"start":{"line":7,"column":24},"end":{"line":7,"column":37}},"loc":{"start":{"line":7,"column":40},"end":{"line":20,"column":1}},"line":7}},"branchMap":{},"s":{"0":0},"f":{"0":0},"b":{}}
,"/Users/chauduong/Desktop/airfoil/solona-test-app/src/app/(drawer)/settings/_layout.tsx": {"path":"/Users/chauduong/Desktop/airfoil/solona-test-app/src/app/(drawer)/settings/_layout.tsx","statementMap":{"0":{"start":{"line":7,"column":29},"end":{"line":9,"column":3}},"1":{"start":{"line":8,"column":4},"end":{"line":8,"column":67}},"2":{"start":{"line":11,"column":2},"end":{"line":20,"column":4}}},"fnMap":{"0":{"name":"SettingsLayout","decl":{"start":{"line":6,"column":24},"end":{"line":6,"column":38}},"loc":{"start":{"line":6,"column":41},"end":{"line":21,"column":1}},"line":6},"1":{"name":"(anonymous_1)","decl":{"start":{"line":7,"column":29},"end":{"line":7,"column":30}},"loc":{"start":{"line":7,"column":64},"end":{"line":9,"column":3}},"line":7}},"branchMap":{},"s":{"0":0,"1":0,"2":0},"f":{"0":0,"1":0},"b":{}}
,"/Users/chauduong/Desktop/airfoil/solona-test-app/src/app/(drawer)/settings/index.tsx": {"path":"/Users/chauduong/Desktop/airfoil/solona-test-app/src/app/(drawer)/settings/index.tsx","statementMap":{"0":{"start":{"line":8,"column":2},"end":{"line":19,"column":4}}},"fnMap":{"0":{"name":"SettingsScreen","decl":{"start":{"line":7,"column":24},"end":{"line":7,"column":38}},"loc":{"start":{"line":7,"column":41},"end":{"line":20,"column":1}},"line":7}},"branchMap":{},"s":{"0":0},"f":{"0":0},"b":{}}
,"/Users/chauduong/Desktop/airfoil/solona-test-app/src/app/(drawer)/vault/_layout.tsx": {"path":"/Users/chauduong/Desktop/airfoil/solona-test-app/src/app/(drawer)/vault/_layout.tsx","statementMap":{"0":{"start":{"line":7,"column":29},"end":{"line":9,"column":3}},"1":{"start":{"line":8,"column":4},"end":{"line":8,"column":64}},"2":{"start":{"line":11,"column":2},"end":{"line":20,"column":4}}},"fnMap":{"0":{"name":"VaultLayout","decl":{"start":{"line":6,"column":24},"end":{"line":6,"column":35}},"loc":{"start":{"line":6,"column":38},"end":{"line":21,"column":1}},"line":6},"1":{"name":"(anonymous_1)","decl":{"start":{"line":7,"column":29},"end":{"line":7,"column":30}},"loc":{"start":{"line":7,"column":64},"end":{"line":9,"column":3}},"line":7}},"branchMap":{},"s":{"0":0,"1":0,"2":0},"f":{"0":0,"1":0},"b":{}}
,"/Users/chauduong/Desktop/airfoil/solona-test-app/src/app/(drawer)/vault/index.tsx": {"path":"/Users/chauduong/Desktop/airfoil/solona-test-app/src/app/(drawer)/vault/index.tsx","statementMap":{"0":{"start":{"line":8,"column":2},"end":{"line":19,"column":4}}},"fnMap":{"0":{"name":"VaultScreen","decl":{"start":{"line":7,"column":24},"end":{"line":7,"column":35}},"loc":{"start":{"line":7,"column":38},"end":{"line":20,"column":1}},"line":7}},"branchMap":{},"s":{"0":0},"f":{"0":0},"b":{}}
,"/Users/chauduong/Desktop/airfoil/solona-test-app/src/components/Avatar/Avatar.tsx": {"path":"/Users/chauduong/Desktop/airfoil/solona-test-app/src/components/Avatar/Avatar.tsx","statementMap":{"0":{"start":{"line":11,"column":22},"end":{"line":46,"column":1}},"1":{"start":{"line":18,"column":6},"end":{"line":18,"column":16}},"2":{"start":{"line":19,"column":2},"end":{"line":45,"column":4}}},"fnMap":{"0":{"name":"(anonymous_0)","decl":{"start":{"line":11,"column":22},"end":{"line":11,"column":23}},"loc":{"start":{"line":11,"column":60},"end":{"line":46,"column":1}},"line":11}},"branchMap":{},"s":{"0":1,"1":1,"2":1},"f":{"0":1},"b":{},"_coverageSchema":"1a1c01bbd47fc00a2c39e90264f33305004495a9","hash":"81e40ede3e8d7964fb872e875097ef4694d927aa"}
,"/Users/chauduong/Desktop/airfoil/solona-test-app/src/components/Avatar/index.ts": {"path":"/Users/chauduong/Desktop/airfoil/solona-test-app/src/components/Avatar/index.ts","statementMap":{},"fnMap":{},"branchMap":{},"s":{},"f":{},"b":{},"_coverageSchema":"1a1c01bbd47fc00a2c39e90264f33305004495a9","hash":"05c07febd95f87ae540bf230859fd28ed640bc25"}
,"/Users/chauduong/Desktop/airfoil/solona-test-app/src/components/Badge/Badge.tsx": {"path":"/Users/chauduong/Desktop/airfoil/solona-test-app/src/components/Badge/Badge.tsx","statementMap":{"0":{"start":{"line":12,"column":21},"end":{"line":29,"column":1}},"1":{"start":{"line":18,"column":17},"end":{"line":18,"column":40}},"2":{"start":{"line":20,"column":2},"end":{"line":20,"column":29}},"3":{"start":{"line":20,"column":17},"end":{"line":20,"column":29}},"4":{"start":{"line":22,"column":2},"end":{"line":28,"column":4}},"5":{"start":{"line":31,"column":18},"end":{"line":65,"column":1}},"6":{"start":{"line":42,"column":8},"end":{"line":64,"column":3}}},"fnMap":{"0":{"name":"(anonymous_0)","decl":{"start":{"line":12,"column":21},"end":{"line":12,"column":22}},"loc":{"start":{"line":17,"column":18},"end":{"line":29,"column":1}},"line":17},"1":{"name":"(anonymous_1)","decl":{"start":{"line":32,"column":2},"end":{"line":32,"column":3}},"loc":{"start":{"line":42,"column":8},"end":{"line":64,"column":3}},"line":42}},"branchMap":{"0":{"loc":{"start":{"line":15,"column":2},"end":{"line":15,"column":21}},"type":"default-arg","locations":[{"start":{"line":15,"column":13},"end":{"line":15,"column":21}}],"line":15},"1":{"loc":{"start":{"line":20,"column":2},"end":{"line":20,"column":29}},"type":"if","locations":[{"start":{"line":20,"column":2},"end":{"line":20,"column":29}},{"start":{},"end":{}}],"line":20},"2":{"loc":{"start":{"line":51,"column":10},"end":{"line":53,"column":7}},"type":"binary-expr","locations":[{"start":{"line":51,"column":10},"end":{"line":51,"column":31}},{"start":{"line":51,"column":35},"end":{"line":53,"column":7}}],"line":51},"3":{"loc":{"start":{"line":54,"column":10},"end":{"line":56,"column":7}},"type":"binary-expr","locations":[{"start":{"line":54,"column":10},"end":{"line":54,"column":28}},{"start":{"line":54,"column":32},"end":{"line":56,"column":7}}],"line":54},"4":{"loc":{"start":{"line":60,"column":10},"end":{"line":62,"column":7}},"type":"binary-expr","locations":[{"start":{"line":60,"column":10},"end":{"line":60,"column":28}},{"start":{"line":60,"column":32},"end":{"line":62,"column":7}}],"line":60}},"s":{"0":0,"1":0,"2":0,"3":0,"4":0,"5":0,"6":0},"f":{"0":0,"1":0},"b":{"0":[0],"1":[0,0],"2":[0,0],"3":[0,0],"4":[0,0]}}
,"/Users/chauduong/Desktop/airfoil/solona-test-app/src/components/Badge/index.ts": {"path":"/Users/chauduong/Desktop/airfoil/solona-test-app/src/components/Badge/index.ts","statementMap":{},"fnMap":{},"branchMap":{},"s":{},"f":{},"b":{}}
,"/Users/chauduong/Desktop/airfoil/solona-test-app/src/components/BadgeDot/BadgeDot.tsx": {"path":"/Users/chauduong/Desktop/airfoil/solona-test-app/src/components/BadgeDot/BadgeDot.tsx","statementMap":{"0":{"start":{"line":20,"column":14},"end":{"line":20,"column":15}},"1":{"start":{"line":21,"column":13},"end":{"line":21,"column":16}},"2":{"start":{"line":22,"column":15},"end":{"line":22,"column":32}},"3":{"start":{"line":24,"column":24},"end":{"line":85,"column":1}},"4":{"start":{"line":25,"column":19},"end":{"line":25,"column":36}},"5":{"start":{"line":27,"column":24},"end":{"line":29,"column":5}},"6":{"start":{"line":27,"column":48},"end":{"line":29,"column":3}},"7":{"start":{"line":37,"column":6},"end":{"line":37,"column":16}},"8":{"start":{"line":39,"column":2},"end":{"line":57,"column":30}},"9":{"start":{"line":40,"column":4},"end":{"line":56,"column":5}},"10":{"start":{"line":41,"column":6},"end":{"line":55,"column":8}},"11":{"start":{"line":59,"column":2},"end":{"line":84,"column":4}}},"fnMap":{"0":{"name":"(anonymous_0)","decl":{"start":{"line":24,"column":24},"end":{"line":24,"column":25}},"loc":{"start":{"line":24,"column":77},"end":{"line":85,"column":1}},"line":24},"1":{"name":"(anonymous_1)","decl":{"start":{"line":27,"column":41},"end":{"line":27,"column":42}},"loc":{"start":{"line":27,"column":48},"end":{"line":29,"column":3}},"line":27},"2":{"name":"(anonymous_2)","decl":{"start":{"line":39,"column":12},"end":{"line":39,"column":13}},"loc":{"start":{"line":39,"column":18},"end":{"line":57,"column":3}},"line":39}},"branchMap":{"0":{"loc":{"start":{"line":24,"column":27},"end":{"line":24,"column":45}},"type":"default-arg","locations":[{"start":{"line":24,"column":41},"end":{"line":24,"column":45}}],"line":24},"1":{"loc":{"start":{"line":40,"column":4},"end":{"line":56,"column":5}},"type":"if","locations":[{"start":{"line":40,"column":4},"end":{"line":56,"column":5}},{"start":{},"end":{}}],"line":40}},"s":{"0":0,"1":0,"2":0,"3":0,"4":0,"5":0,"6":0,"7":0,"8":0,"9":0,"10":0,"11":0},"f":{"0":0,"1":0,"2":0},"b":{"0":[0],"1":[0,0]}}
,"/Users/chauduong/Desktop/airfoil/solona-test-app/src/components/BadgeDot/index.ts": {"path":"/Users/chauduong/Desktop/airfoil/solona-test-app/src/components/BadgeDot/index.ts","statementMap":{},"fnMap":{},"branchMap":{},"s":{},"f":{},"b":{}}
,"/Users/chauduong/Desktop/airfoil/solona-test-app/src/components/BorderTopLight/BorderTopLight.tsx": {"path":"/Users/chauduong/Desktop/airfoil/solona-test-app/src/components/BorderTopLight/BorderTopLight.tsx","statementMap":{"0":{"start":{"line":7,"column":30},"end":{"line":31,"column":1}},"1":{"start":{"line":8,"column":2},"end":{"line":30,"column":4}}},"fnMap":{"0":{"name":"(anonymous_0)","decl":{"start":{"line":7,"column":30},"end":{"line":7,"column":31}},"loc":{"start":{"line":7,"column":69},"end":{"line":31,"column":1}},"line":7}},"branchMap":{},"s":{"0":0,"1":0},"f":{"0":0},"b":{}}
,"/Users/chauduong/Desktop/airfoil/solona-test-app/src/components/BorderTopLight/index.ts": {"path":"/Users/chauduong/Desktop/airfoil/solona-test-app/src/components/BorderTopLight/index.ts","statementMap":{},"fnMap":{},"branchMap":{},"s":{},"f":{},"b":{}}
,"/Users/chauduong/Desktop/airfoil/solona-test-app/src/components/Button/Button.tsx": {"path":"/Users/chauduong/Desktop/airfoil/solona-test-app/src/components/Button/Button.tsx","statementMap":{"0":{"start":{"line":71,"column":24},"end":{"line":75,"column":1}},"1":{"start":{"line":77,"column":22},"end":{"line":188,"column":1}},"2":{"start":{"line":93,"column":28},"end":{"line":93,"column":58}},"3":{"start":{"line":99,"column":6},"end":{"line":99,"column":16}},"4":{"start":{"line":101,"column":2},"end":{"line":103,"column":17}},"5":{"start":{"line":102,"column":4},"end":{"line":102,"column":45}},"6":{"start":{"line":105,"column":24},"end":{"line":108,"column":3}},"7":{"start":{"line":106,"column":4},"end":{"line":106,"column":19}},"8":{"start":{"line":107,"column":4},"end":{"line":107,"column":24}},"9":{"start":{"line":110,"column":25},"end":{"line":113,"column":3}},"10":{"start":{"line":111,"column":4},"end":{"line":111,"column":20}},"11":{"start":{"line":112,"column":4},"end":{"line":112,"column":21}},"12":{"start":{"line":115,"column":24},"end":{"line":122,"column":3}},"13":{"start":{"line":117,"column":6},"end":{"line":119,"column":7}},"14":{"start":{"line":118,"column":8},"end":{"line":118,"column":23}},"15":{"start":{"line":124,"column":23},"end":{"line":124,"column":33}},"16":{"start":{"line":126,"column":29},"end":{"line":132,"column":3}},"17":{"start":{"line":127,"column":11},"end":{"line":130,"column":5}},"18":{"start":{"line":134,"column":23},"end":{"line":134,"column":32}},"19":{"start":{"line":136,"column":2},"end":{"line":187,"column":4}},"20":{"start":{"line":190,"column":15},"end":{"line":208,"column":2}}},"fnMap":{"0":{"name":"(anonymous_0)","decl":{"start":{"line":77,"column":22},"end":{"line":77,"column":23}},"loc":{"start":{"line":92,"column":38},"end":{"line":188,"column":1}},"line":92},"1":{"name":"(anonymous_1)","decl":{"start":{"line":101,"column":12},"end":{"line":101,"column":13}},"loc":{"start":{"line":101,"column":18},"end":{"line":103,"column":3}},"line":101},"2":{"name":"(anonymous_2)","decl":{"start":{"line":105,"column":24},"end":{"line":105,"column":25}},"loc":{"start":{"line":105,"column":54},"end":{"line":108,"column":3}},"line":105},"3":{"name":"(anonymous_3)","decl":{"start":{"line":110,"column":25},"end":{"line":110,"column":26}},"loc":{"start":{"line":110,"column":55},"end":{"line":113,"column":3}},"line":110},"4":{"name":"(anonymous_4)","decl":{"start":{"line":116,"column":4},"end":{"line":116,"column":5}},"loc":{"start":{"line":116,"column":36},"end":{"line":120,"column":5}},"line":116},"5":{"name":"(anonymous_5)","decl":{"start":{"line":127,"column":4},"end":{"line":127,"column":5}},"loc":{"start":{"line":127,"column":11},"end":{"line":130,"column":5}},"line":127}},"branchMap":{"0":{"loc":{"start":{"line":79,"column":2},"end":{"line":79,"column":21}},"type":"default-arg","locations":[{"start":{"line":79,"column":12},"end":{"line":79,"column":21}}],"line":79},"1":{"loc":{"start":{"line":80,"column":2},"end":{"line":80,"column":12}},"type":"default-arg","locations":[{"start":{"line":80,"column":9},"end":{"line":80,"column":12}}],"line":80},"2":{"loc":{"start":{"line":83,"column":2},"end":{"line":83,"column":17}},"type":"default-arg","locations":[{"start":{"line":83,"column":12},"end":{"line":83,"column":17}}],"line":83},"3":{"loc":{"start":{"line":102,"column":13},"end":{"line":102,"column":43}},"type":"cond-expr","locations":[{"start":{"line":102,"column":24},"end":{"line":102,"column":34}},{"start":{"line":102,"column":37},"end":{"line":102,"column":43}}],"line":102},"4":{"loc":{"start":{"line":117,"column":6},"end":{"line":119,"column":7}},"type":"if","locations":[{"start":{"line":117,"column":6},"end":{"line":119,"column":7}},{"start":{},"end":{}}],"line":117},"5":{"loc":{"start":{"line":117,"column":10},"end":{"line":117,"column":31}},"type":"binary-expr","locations":[{"start":{"line":117,"column":10},"end":{"line":117,"column":18}},{"start":{"line":117,"column":22},"end":{"line":117,"column":31}}],"line":117},"6":{"loc":{"start":{"line":145,"column":8},"end":{"line":145,"column":76}},"type":"cond-expr","locations":[{"start":{"line":145,"column":23},"end":{"line":145,"column":54}},{"start":{"line":145,"column":57},"end":{"line":145,"column":76}}],"line":145},"7":{"loc":{"start":{"line":146,"column":8},"end":{"line":146,"column":37}},"type":"binary-expr","locations":[{"start":{"line":146,"column":8},"end":{"line":146,"column":17}},{"start":{"line":146,"column":21},"end":{"line":146,"column":37}}],"line":146},"8":{"loc":{"start":{"line":154,"column":7},"end":{"line":185,"column":7}},"type":"cond-expr","locations":[{"start":{"line":155,"column":8},"end":{"line":155,"column":75}},{"start":{"line":157,"column":8},"end":{"line":184,"column":11}}],"line":154},"9":{"loc":{"start":{"line":158,"column":11},"end":{"line":165,"column":14}},"type":"binary-expr","locations":[{"start":{"line":158,"column":11},"end":{"line":158,"column":19}},{"start":{"line":159,"column":12},"end":{"line":165,"column":14}}],"line":158},"10":{"loc":{"start":{"line":176,"column":11},"end":{"line":183,"column":14}},"type":"binary-expr","locations":[{"start":{"line":176,"column":11},"end":{"line":176,"column":20}},{"start":{"line":177,"column":12},"end":{"line":183,"column":14}}],"line":176}},"s":{"0":0,"1":0,"2":0,"3":0,"4":0,"5":0,"6":0,"7":0,"8":0,"9":0,"10":0,"11":0,"12":0,"13":0,"14":0,"15":0,"16":0,"17":0,"18":0,"19":0,"20":0},"f":{"0":0,"1":0,"2":0,"3":0,"4":0,"5":0},"b":{"0":[0],"1":[0],"2":[0],"3":[0,0],"4":[0,0],"5":[0,0],"6":[0,0],"7":[0,0],"8":[0,0],"9":[0,0],"10":[0,0]}}
,"/Users/chauduong/Desktop/airfoil/solona-test-app/src/components/Button/index.ts": {"path":"/Users/chauduong/Desktop/airfoil/solona-test-app/src/components/Button/index.ts","statementMap":{},"fnMap":{},"branchMap":{},"s":{},"f":{},"b":{}}
,"/Users/chauduong/Desktop/airfoil/solona-test-app/src/components/Button/theme.ts": {"path":"/Users/chauduong/Desktop/airfoil/solona-test-app/src/components/Button/theme.ts","statementMap":{"0":{"start":{"line":8,"column":24},"end":{"line":168,"column":1}},"1":{"start":{"line":32,"column":6},"end":{"line":32,"column":16}},"2":{"start":{"line":34,"column":2},"end":{"line":167,"column":4}},"3":{"start":{"line":170,"column":21},"end":{"line":204,"column":1}},"4":{"start":{"line":206,"column":33},"end":{"line":222,"column":1}},"5":{"start":{"line":224,"column":21},"end":{"line":228,"column":1}}},"fnMap":{"0":{"name":"(anonymous_0)","decl":{"start":{"line":8,"column":24},"end":{"line":8,"column":25}},"loc":{"start":{"line":14,"column":5},"end":{"line":168,"column":1}},"line":14}},"branchMap":{},"s":{"0":0,"1":0,"2":0,"3":0,"4":0,"5":0},"f":{"0":0},"b":{}}
,"/Users/chauduong/Desktop/airfoil/solona-test-app/src/components/Button/types.ts": {"path":"/Users/chauduong/Desktop/airfoil/solona-test-app/src/components/Button/types.ts","statementMap":{},"fnMap":{},"branchMap":{},"s":{},"f":{},"b":{}}
,"/Users/chauduong/Desktop/airfoil/solona-test-app/src/components/DrawerContentCustom/DrawerContentCustom.tsx": {"path":"/Users/chauduong/Desktop/airfoil/solona-test-app/src/components/DrawerContentCustom/DrawerContentCustom.tsx","statementMap":{"0":{"start":{"line":13,"column":35},"end":{"line":42,"column":1}},"1":{"start":{"line":24,"column":6},"end":{"line":24,"column":16}},"2":{"start":{"line":25,"column":17},"end":{"line":25,"column":36}},"3":{"start":{"line":27,"column":2},"end":{"line":41,"column":4}}},"fnMap":{"0":{"name":"(anonymous_0)","decl":{"start":{"line":13,"column":35},"end":{"line":13,"column":36}},"loc":{"start":{"line":16,"column":32},"end":{"line":42,"column":1}},"line":16}},"branchMap":{},"s":{"0":0,"1":0,"2":0,"3":0},"f":{"0":0},"b":{}}
,"/Users/chauduong/Desktop/airfoil/solona-test-app/src/components/DrawerContentCustom/index.ts": {"path":"/Users/chauduong/Desktop/airfoil/solona-test-app/src/components/DrawerContentCustom/index.ts","statementMap":{},"fnMap":{},"branchMap":{},"s":{},"f":{},"b":{}}
,"/Users/chauduong/Desktop/airfoil/solona-test-app/src/components/EmptyState/EmptyState.tsx": {"path":"/Users/chauduong/Desktop/airfoil/solona-test-app/src/components/EmptyState/EmptyState.tsx","statementMap":{"0":{"start":{"line":14,"column":26},"end":{"line":79,"column":1}},"1":{"start":{"line":28,"column":6},"end":{"line":28,"column":16}},"2":{"start":{"line":30,"column":2},"end":{"line":78,"column":4}}},"fnMap":{"0":{"name":"(anonymous_0)","decl":{"start":{"line":14,"column":26},"end":{"line":14,"column":27}},"loc":{"start":{"line":19,"column":23},"end":{"line":79,"column":1}},"line":19}},"branchMap":{"0":{"loc":{"start":{"line":63,"column":7},"end":{"line":76,"column":7}},"type":"binary-expr","locations":[{"start":{"line":63,"column":7},"end":{"line":63,"column":15}},{"start":{"line":64,"column":8},"end":{"line":75,"column":17}}],"line":63}},"s":{"0":0,"1":0,"2":0},"f":{"0":0},"b":{"0":[0,0]}}
,"/Users/chauduong/Desktop/airfoil/solona-test-app/src/components/EmptyState/index.ts": {"path":"/Users/chauduong/Desktop/airfoil/solona-test-app/src/components/EmptyState/index.ts","statementMap":{},"fnMap":{},"branchMap":{},"s":{},"f":{},"b":{}}
,"/Users/chauduong/Desktop/airfoil/solona-test-app/src/components/Form/index.ts": {"path":"/Users/chauduong/Desktop/airfoil/solona-test-app/src/components/Form/index.ts","statementMap":{},"fnMap":{},"branchMap":{},"s":{},"f":{},"b":{}}
,"/Users/chauduong/Desktop/airfoil/solona-test-app/src/components/Form/BottomBorder/BottomBorder.tsx": {"path":"/Users/chauduong/Desktop/airfoil/solona-test-app/src/components/Form/BottomBorder/BottomBorder.tsx","statementMap":{"0":{"start":{"line":15,"column":28},"end":{"line":35,"column":1}},"1":{"start":{"line":21,"column":17},"end":{"line":21,"column":37}},"2":{"start":{"line":22,"column":2},"end":{"line":34,"column":4}},"3":{"start":{"line":37,"column":18},"end":{"line":75,"column":1}},"4":{"start":{"line":48,"column":8},"end":{"line":74,"column":3}}},"fnMap":{"0":{"name":"(anonymous_0)","decl":{"start":{"line":15,"column":28},"end":{"line":15,"column":29}},"loc":{"start":{"line":20,"column":25},"end":{"line":35,"column":1}},"line":20},"1":{"name":"(anonymous_1)","decl":{"start":{"line":38,"column":2},"end":{"line":38,"column":3}},"loc":{"start":{"line":48,"column":8},"end":{"line":74,"column":3}},"line":48}},"branchMap":{"0":{"loc":{"start":{"line":16,"column":2},"end":{"line":16,"column":15}},"type":"default-arg","locations":[{"start":{"line":16,"column":10},"end":{"line":16,"column":15}}],"line":16},"1":{"loc":{"start":{"line":17,"column":2},"end":{"line":17,"column":18}},"type":"default-arg","locations":[{"start":{"line":17,"column":13},"end":{"line":17,"column":18}}],"line":17},"2":{"loc":{"start":{"line":29,"column":19},"end":{"line":29,"column":39}},"type":"cond-expr","locations":[{"start":{"line":29,"column":30},"end":{"line":29,"column":31}},{"start":{"line":29,"column":34},"end":{"line":29,"column":39}}],"line":29},"3":{"loc":{"start":{"line":64,"column":23},"end":{"line":64,"column":46}},"type":"cond-expr","locations":[{"start":{"line":64,"column":31},"end":{"line":64,"column":37}},{"start":{"line":64,"column":40},"end":{"line":64,"column":46}}],"line":64},"4":{"loc":{"start":{"line":65,"column":36},"end":{"line":65,"column":58}},"type":"cond-expr","locations":[{"start":{"line":65,"column":44},"end":{"line":65,"column":50}},{"start":{"line":65,"column":53},"end":{"line":65,"column":58}}],"line":65}},"s":{"0":0,"1":0,"2":0,"3":0,"4":0},"f":{"0":0,"1":0},"b":{"0":[0],"1":[0],"2":[0,0],"3":[0,0],"4":[0,0]}}
,"/Users/chauduong/Desktop/airfoil/solona-test-app/src/components/Form/BottomBorder/index.ts": {"path":"/Users/chauduong/Desktop/airfoil/solona-test-app/src/components/Form/BottomBorder/index.ts","statementMap":{},"fnMap":{},"branchMap":{},"s":{},"f":{},"b":{}}
,"/Users/chauduong/Desktop/airfoil/solona-test-app/src/components/Form/Checkbox/Checkbox.tsx": {"path":"/Users/chauduong/Desktop/airfoil/solona-test-app/src/components/Form/Checkbox/Checkbox.tsx","statementMap":{"0":{"start":{"line":20,"column":24},"end":{"line":83,"column":1}},"1":{"start":{"line":30,"column":18},"end":{"line":30,"column":34}},"2":{"start":{"line":31,"column":17},"end":{"line":31,"column":56}},"3":{"start":{"line":38,"column":6},"end":{"line":38,"column":16}},"4":{"start":{"line":40,"column":44},"end":{"line":40,"column":62}},"5":{"start":{"line":42,"column":23},"end":{"line":45,"column":3}},"6":{"start":{"line":43,"column":4},"end":{"line":43,"column":25}},"7":{"start":{"line":43,"column":18},"end":{"line":43,"column":25}},"8":{"start":{"line":44,"column":4},"end":{"line":44,"column":28}},"9":{"start":{"line":47,"column":2},"end":{"line":82,"column":4}},"10":{"start":{"line":85,"column":18},"end":{"line":136,"column":1}},"11":{"start":{"line":99,"column":8},"end":{"line":135,"column":3}}},"fnMap":{"0":{"name":"(anonymous_0)","decl":{"start":{"line":20,"column":24},"end":{"line":20,"column":25}},"loc":{"start":{"line":29,"column":21},"end":{"line":83,"column":1}},"line":29},"1":{"name":"(anonymous_1)","decl":{"start":{"line":42,"column":23},"end":{"line":42,"column":24}},"loc":{"start":{"line":42,"column":29},"end":{"line":45,"column":3}},"line":42},"2":{"name":"(anonymous_2)","decl":{"start":{"line":86,"column":2},"end":{"line":86,"column":3}},"loc":{"start":{"line":99,"column":8},"end":{"line":135,"column":3}},"line":99}},"branchMap":{"0":{"loc":{"start":{"line":21,"column":2},"end":{"line":21,"column":15}},"type":"default-arg","locations":[{"start":{"line":21,"column":10},"end":{"line":21,"column":15}}],"line":21},"1":{"loc":{"start":{"line":22,"column":2},"end":{"line":22,"column":18}},"type":"default-arg","locations":[{"start":{"line":22,"column":13},"end":{"line":22,"column":18}}],"line":22},"2":{"loc":{"start":{"line":26,"column":2},"end":{"line":26,"column":19}},"type":"default-arg","locations":[{"start":{"line":26,"column":9},"end":{"line":26,"column":19}}],"line":26},"3":{"loc":{"start":{"line":43,"column":4},"end":{"line":43,"column":25}},"type":"if","locations":[{"start":{"line":43,"column":4},"end":{"line":43,"column":25}},{"start":{},"end":{}}],"line":43},"4":{"loc":{"start":{"line":56,"column":22},"end":{"line":56,"column":59}},"type":"cond-expr","locations":[{"start":{"line":56,"column":36},"end":{"line":56,"column":48}},{"start":{"line":56,"column":51},"end":{"line":56,"column":59}}],"line":56},"5":{"loc":{"start":{"line":64,"column":9},"end":{"line":73,"column":12}},"type":"binary-expr","locations":[{"start":{"line":64,"column":9},"end":{"line":64,"column":14}},{"start":{"line":65,"column":11},"end":{"line":73,"column":11}}],"line":64},"6":{"loc":{"start":{"line":65,"column":11},"end":{"line":73,"column":11}},"type":"cond-expr","locations":[{"start":{"line":66,"column":12},"end":{"line":70,"column":14}},{"start":{"line":72,"column":12},"end":{"line":72,"column":49}}],"line":65},"7":{"loc":{"start":{"line":67,"column":21},"end":{"line":67,"column":51}},"type":"cond-expr","locations":[{"start":{"line":67,"column":32},"end":{"line":67,"column":42}},{"start":{"line":67,"column":45},"end":{"line":67,"column":51}}],"line":67},"8":{"loc":{"start":{"line":107,"column":23},"end":{"line":107,"column":60}},"type":"cond-expr","locations":[{"start":{"line":107,"column":35},"end":{"line":107,"column":44}},{"start":{"line":107,"column":47},"end":{"line":107,"column":60}}],"line":107},"9":{"loc":{"start":{"line":110,"column":20},"end":{"line":110,"column":69}},"type":"cond-expr","locations":[{"start":{"line":110,"column":30},"end":{"line":110,"column":48}},{"start":{"line":110,"column":51},"end":{"line":110,"column":69}}],"line":110},"10":{"loc":{"start":{"line":112,"column":19},"end":{"line":112,"column":61}},"type":"cond-expr","locations":[{"start":{"line":112,"column":31},"end":{"line":112,"column":47}},{"start":{"line":112,"column":50},"end":{"line":112,"column":61}}],"line":112},"11":{"loc":{"start":{"line":117,"column":10},"end":{"line":120,"column":7}},"type":"binary-expr","locations":[{"start":{"line":117,"column":10},"end":{"line":117,"column":18}},{"start":{"line":117,"column":22},"end":{"line":120,"column":7}}],"line":117},"12":{"loc":{"start":{"line":128,"column":10},"end":{"line":130,"column":7}},"type":"binary-expr","locations":[{"start":{"line":128,"column":10},"end":{"line":128,"column":18}},{"start":{"line":128,"column":22},"end":{"line":130,"column":7}}],"line":128}},"s":{"0":0,"1":0,"2":0,"3":0,"4":0,"5":0,"6":0,"7":0,"8":0,"9":0,"10":0,"11":0},"f":{"0":0,"1":0,"2":0},"b":{"0":[0],"1":[0],"2":[0],"3":[0,0],"4":[0,0],"5":[0,0],"6":[0,0],"7":[0,0],"8":[0,0],"9":[0,0],"10":[0,0],"11":[0,0],"12":[0,0]}}
,"/Users/chauduong/Desktop/airfoil/solona-test-app/src/components/Form/Checkbox/index.ts": {"path":"/Users/chauduong/Desktop/airfoil/solona-test-app/src/components/Form/Checkbox/index.ts","statementMap":{},"fnMap":{},"branchMap":{},"s":{},"f":{},"b":{}}
,"/Users/chauduong/Desktop/airfoil/solona-test-app/src/components/Form/CodeInput/CodeInput.tsx": {"path":"/Users/chauduong/Desktop/airfoil/solona-test-app/src/components/Form/CodeInput/CodeInput.tsx","statementMap":{"0":{"start":{"line":17,"column":27},"end":{"line":17,"column":28}},"1":{"start":{"line":18,"column":22},"end":{"line":18,"column":24}},"2":{"start":{"line":29,"column":25},"end":{"line":113,"column":1}},"3":{"start":{"line":44,"column":6},"end":{"line":44,"column":16}},"4":{"start":{"line":46,"column":17},"end":{"line":46,"column":40}},"5":{"start":{"line":48,"column":14},"end":{"line":48,"column":52}},"6":{"start":{"line":49,"column":38},"end":{"line":52,"column":4}},"7":{"start":{"line":54,"column":21},"end":{"line":94,"column":3}},"8":{"start":{"line":55,"column":40},"end":{"line":55,"column":44}},"9":{"start":{"line":57,"column":4},"end":{"line":70,"column":5}},"10":{"start":{"line":58,"column":6},"end":{"line":67,"column":8}},"11":{"start":{"line":68,"column":11},"end":{"line":70,"column":5}},"12":{"start":{"line":69,"column":6},"end":{"line":69,"column":29}},"13":{"start":{"line":72,"column":4},"end":{"line":93,"column":6}},"14":{"start":{"line":95,"column":2},"end":{"line":112,"column":4}},"15":{"start":{"line":108,"column":8},"end":{"line":108,"column":29}},"16":{"start":{"line":108,"column":22},"end":{"line":108,"column":29}},"17":{"start":{"line":109,"column":8},"end":{"line":109,"column":24}},"18":{"start":{"line":115,"column":18},"end":{"line":138,"column":1}},"19":{"start":{"line":124,"column":8},"end":{"line":137,"column":3}}},"fnMap":{"0":{"name":"(anonymous_0)","decl":{"start":{"line":29,"column":25},"end":{"line":29,"column":26}},"loc":{"start":{"line":37,"column":22},"end":{"line":113,"column":1}},"line":37},"1":{"name":"(anonymous_1)","decl":{"start":{"line":54,"column":21},"end":{"line":54,"column":22}},"loc":{"start":{"line":54,"column":74},"end":{"line":94,"column":3}},"line":54},"2":{"name":"(anonymous_2)","decl":{"start":{"line":107,"column":20},"end":{"line":107,"column":21}},"loc":{"start":{"line":107,"column":27},"end":{"line":110,"column":7}},"line":107},"3":{"name":"(anonymous_3)","decl":{"start":{"line":116,"column":2},"end":{"line":116,"column":3}},"loc":{"start":{"line":124,"column":8},"end":{"line":137,"column":3}},"line":124}},"branchMap":{"0":{"loc":{"start":{"line":34,"column":2},"end":{"line":34,"column":32}},"type":"default-arg","locations":[{"start":{"line":34,"column":14},"end":{"line":34,"column":32}}],"line":34},"1":{"loc":{"start":{"line":35,"column":2},"end":{"line":35,"column":17}},"type":"default-arg","locations":[{"start":{"line":35,"column":13},"end":{"line":35,"column":17}}],"line":35},"2":{"loc":{"start":{"line":57,"column":4},"end":{"line":70,"column":5}},"type":"if","locations":[{"start":{"line":57,"column":4},"end":{"line":70,"column":5}},{"start":{"line":68,"column":11},"end":{"line":70,"column":5}}],"line":57},"3":{"loc":{"start":{"line":58,"column":18},"end":{"line":67,"column":7}},"type":"cond-expr","locations":[{"start":{"line":59,"column":8},"end":{"line":64,"column":21}},{"start":{"line":66,"column":8},"end":{"line":66,"column":21}}],"line":58},"4":{"loc":{"start":{"line":68,"column":11},"end":{"line":70,"column":5}},"type":"if","locations":[{"start":{"line":68,"column":11},"end":{"line":70,"column":5}},{"start":{},"end":{}}],"line":68},"5":{"loc":{"start":{"line":77,"column":19},"end":{"line":77,"column":45}},"type":"cond-expr","locations":[{"start":{"line":77,"column":31},"end":{"line":77,"column":37}},{"start":{"line":77,"column":40},"end":{"line":77,"column":45}}],"line":77},"6":{"loc":{"start":{"line":84,"column":11},"end":{"line":84,"column":27}},"type":"binary-expr","locations":[{"start":{"line":84,"column":11},"end":{"line":84,"column":20}},{"start":{"line":84,"column":24},"end":{"line":84,"column":27}}],"line":84},"7":{"loc":{"start":{"line":89,"column":28},"end":{"line":89,"column":66}},"type":"cond-expr","locations":[{"start":{"line":89,"column":51},"end":{"line":89,"column":57}},{"start":{"line":89,"column":60},"end":{"line":89,"column":66}}],"line":89},"8":{"loc":{"start":{"line":89,"column":28},"end":{"line":89,"column":48}},"type":"binary-expr","locations":[{"start":{"line":89,"column":28},"end":{"line":89,"column":35}},{"start":{"line":89,"column":39},"end":{"line":89,"column":48}}],"line":89},"9":{"loc":{"start":{"line":108,"column":8},"end":{"line":108,"column":29}},"type":"if","locations":[{"start":{"line":108,"column":8},"end":{"line":108,"column":29}},{"start":{},"end":{}}],"line":108},"10":{"loc":{"start":{"line":131,"column":23},"end":{"line":131,"column":57}},"type":"cond-expr","locations":[{"start":{"line":131,"column":34},"end":{"line":131,"column":43}},{"start":{"line":131,"column":46},"end":{"line":131,"column":57}}],"line":131}},"s":{"0":0,"1":0,"2":0,"3":0,"4":0,"5":0,"6":0,"7":0,"8":0,"9":0,"10":0,"11":0,"12":0,"13":0,"14":0,"15":0,"16":0,"17":0,"18":0,"19":0},"f":{"0":0,"1":0,"2":0,"3":0},"b":{"0":[0],"1":[0],"2":[0,0],"3":[0,0],"4":[0,0],"5":[0,0],"6":[0,0],"7":[0,0],"8":[0,0],"9":[0,0],"10":[0,0]}}
,"/Users/chauduong/Desktop/airfoil/solona-test-app/src/components/Form/CodeInput/index.ts": {"path":"/Users/chauduong/Desktop/airfoil/solona-test-app/src/components/Form/CodeInput/index.ts","statementMap":{},"fnMap":{},"branchMap":{},"s":{},"f":{},"b":{}}
,"/Users/chauduong/Desktop/airfoil/solona-test-app/src/components/Form/Description/Description.tsx": {"path":"/Users/chauduong/Desktop/airfoil/solona-test-app/src/components/Form/Description/Description.tsx","statementMap":{"0":{"start":{"line":8,"column":27},"end":{"line":15,"column":1}},"1":{"start":{"line":9,"column":2},"end":{"line":9,"column":29}},"2":{"start":{"line":9,"column":17},"end":{"line":9,"column":29}},"3":{"start":{"line":10,"column":2},"end":{"line":14,"column":4}}},"fnMap":{"0":{"name":"(anonymous_0)","decl":{"start":{"line":8,"column":27},"end":{"line":8,"column":28}},"loc":{"start":{"line":8,"column":66},"end":{"line":15,"column":1}},"line":8}},"branchMap":{"0":{"loc":{"start":{"line":9,"column":2},"end":{"line":9,"column":29}},"type":"if","locations":[{"start":{"line":9,"column":2},"end":{"line":9,"column":29}},{"start":{},"end":{}}],"line":9}},"s":{"0":0,"1":0,"2":0,"3":0},"f":{"0":0},"b":{"0":[0,0]}}
,"/Users/chauduong/Desktop/airfoil/solona-test-app/src/components/Form/Description/index.ts": {"path":"/Users/chauduong/Desktop/airfoil/solona-test-app/src/components/Form/Description/index.ts","statementMap":{},"fnMap":{},"branchMap":{},"s":{},"f":{},"b":{}}
,"/Users/chauduong/Desktop/airfoil/solona-test-app/src/components/Form/HelperText/HelperText.tsx": {"path":"/Users/chauduong/Desktop/airfoil/solona-test-app/src/components/Form/HelperText/HelperText.tsx","statementMap":{"0":{"start":{"line":11,"column":26},"end":{"line":35,"column":1}},"1":{"start":{"line":19,"column":6},"end":{"line":19,"column":16}},"2":{"start":{"line":21,"column":2},"end":{"line":21,"column":29}},"3":{"start":{"line":21,"column":17},"end":{"line":21,"column":29}},"4":{"start":{"line":23,"column":2},"end":{"line":34,"column":4}}},"fnMap":{"0":{"name":"(anonymous_0)","decl":{"start":{"line":11,"column":26},"end":{"line":11,"column":27}},"loc":{"start":{"line":11,"column":78},"end":{"line":35,"column":1}},"line":11}},"branchMap":{"0":{"loc":{"start":{"line":21,"column":2},"end":{"line":21,"column":29}},"type":"if","locations":[{"start":{"line":21,"column":2},"end":{"line":21,"column":29}},{"start":{},"end":{}}],"line":21},"1":{"loc":{"start":{"line":25,"column":7},"end":{"line":25,"column":75}},"type":"binary-expr","locations":[{"start":{"line":25,"column":7},"end":{"line":25,"column":12}},{"start":{"line":25,"column":16},"end":{"line":25,"column":75}}],"line":25},"2":{"loc":{"start":{"line":26,"column":7},"end":{"line":32,"column":7}},"type":"cond-expr","locations":[{"start":{"line":27,"column":8},"end":{"line":29,"column":15}},{"start":{"line":31,"column":8},"end":{"line":31,"column":16}}],"line":26},"3":{"loc":{"start":{"line":27,"column":40},"end":{"line":27,"column":62}},"type":"cond-expr","locations":[{"start":{"line":27,"column":48},"end":{"line":27,"column":54}},{"start":{"line":27,"column":57},"end":{"line":27,"column":62}}],"line":27}},"s":{"0":0,"1":0,"2":0,"3":0,"4":0},"f":{"0":0},"b":{"0":[0,0],"1":[0,0],"2":[0,0],"3":[0,0]}}
,"/Users/chauduong/Desktop/airfoil/solona-test-app/src/components/Form/HelperText/index.ts": {"path":"/Users/chauduong/Desktop/airfoil/solona-test-app/src/components/Form/HelperText/index.ts","statementMap":{},"fnMap":{},"branchMap":{},"s":{},"f":{},"b":{}}
,"/Users/chauduong/Desktop/airfoil/solona-test-app/src/components/Form/Input/Input.tsx": {"path":"/Users/chauduong/Desktop/airfoil/solona-test-app/src/components/Form/Input/Input.tsx","statementMap":{"0":{"start":{"line":20,"column":21},"end":{"line":123,"column":1}},"1":{"start":{"line":40,"column":6},"end":{"line":40,"column":16}},"2":{"start":{"line":42,"column":33},"end":{"line":42,"column":54}},"3":{"start":{"line":43,"column":17},"end":{"line":43,"column":61}},"4":{"start":{"line":44,"column":19},"end":{"line":44,"column":44}},"5":{"start":{"line":45,"column":17},"end":{"line":45,"column":45}},"6":{"start":{"line":47,"column":31},"end":{"line":51,"column":3}},"7":{"start":{"line":48,"column":4},"end":{"line":50,"column":5}},"8":{"start":{"line":49,"column":6},"end":{"line":49,"column":35}},"9":{"start":{"line":53,"column":2},"end":{"line":57,"column":22}},"10":{"start":{"line":54,"column":4},"end":{"line":56,"column":5}},"11":{"start":{"line":55,"column":6},"end":{"line":55,"column":35}},"12":{"start":{"line":59,"column":25},"end":{"line":61,"column":5}},"13":{"start":{"line":59,"column":49},"end":{"line":61,"column":3}},"14":{"start":{"line":63,"column":24},"end":{"line":65,"column":3}},"15":{"start":{"line":64,"column":4},"end":{"line":64,"column":33}},"16":{"start":{"line":67,"column":23},"end":{"line":69,"column":3}},"17":{"start":{"line":68,"column":4},"end":{"line":68,"column":56}},"18":{"start":{"line":71,"column":31},"end":{"line":71,"column":55}},"19":{"start":{"line":72,"column":25},"end":{"line":72,"column":58}},"20":{"start":{"line":74,"column":2},"end":{"line":122,"column":4}},"21":{"start":{"line":125,"column":18},"end":{"line":173,"column":1}},"22":{"start":{"line":138,"column":8},"end":{"line":172,"column":3}}},"fnMap":{"0":{"name":"(anonymous_0)","decl":{"start":{"line":20,"column":21},"end":{"line":20,"column":22}},"loc":{"start":{"line":33,"column":18},"end":{"line":123,"column":1}},"line":33},"1":{"name":"(anonymous_1)","decl":{"start":{"line":47,"column":31},"end":{"line":47,"column":32}},"loc":{"start":{"line":47,"column":37},"end":{"line":51,"column":3}},"line":47},"2":{"name":"(anonymous_2)","decl":{"start":{"line":53,"column":12},"end":{"line":53,"column":13}},"loc":{"start":{"line":53,"column":18},"end":{"line":57,"column":3}},"line":53},"3":{"name":"(anonymous_3)","decl":{"start":{"line":59,"column":42},"end":{"line":59,"column":43}},"loc":{"start":{"line":59,"column":49},"end":{"line":61,"column":3}},"line":59},"4":{"name":"(anonymous_4)","decl":{"start":{"line":63,"column":24},"end":{"line":63,"column":25}},"loc":{"start":{"line":63,"column":30},"end":{"line":65,"column":3}},"line":63},"5":{"name":"(anonymous_5)","decl":{"start":{"line":67,"column":23},"end":{"line":67,"column":24}},"loc":{"start":{"line":67,"column":29},"end":{"line":69,"column":3}},"line":67},"6":{"name":"(anonymous_6)","decl":{"start":{"line":126,"column":2},"end":{"line":126,"column":3}},"loc":{"start":{"line":138,"column":8},"end":{"line":172,"column":3}},"line":138}},"branchMap":{"0":{"loc":{"start":{"line":29,"column":2},"end":{"line":29,"column":19}},"type":"default-arg","locations":[{"start":{"line":29,"column":10},"end":{"line":29,"column":19}}],"line":29},"1":{"loc":{"start":{"line":48,"column":4},"end":{"line":50,"column":5}},"type":"if","locations":[{"start":{"line":48,"column":4},"end":{"line":50,"column":5}},{"start":{},"end":{}}],"line":48},"2":{"loc":{"start":{"line":54,"column":4},"end":{"line":56,"column":5}},"type":"if","locations":[{"start":{"line":54,"column":4},"end":{"line":56,"column":5}},{"start":{},"end":{}}],"line":54},"3":{"loc":{"start":{"line":68,"column":30},"end":{"line":68,"column":54}},"type":"cond-expr","locations":[{"start":{"line":68,"column":38},"end":{"line":68,"column":39}},{"start":{"line":68,"column":42},"end":{"line":68,"column":54}}],"line":68},"4":{"loc":{"start":{"line":71,"column":31},"end":{"line":71,"column":55}},"type":"cond-expr","locations":[{"start":{"line":71,"column":42},"end":{"line":71,"column":47}},{"start":{"line":71,"column":50},"end":{"line":71,"column":55}}],"line":71},"5":{"loc":{"start":{"line":72,"column":25},"end":{"line":72,"column":58}},"type":"cond-expr","locations":[{"start":{"line":72,"column":36},"end":{"line":72,"column":49}},{"start":{"line":72,"column":52},"end":{"line":72,"column":58}}],"line":72},"6":{"loc":{"start":{"line":84,"column":10},"end":{"line":84,"column":46}},"type":"binary-expr","locations":[{"start":{"line":84,"column":10},"end":{"line":84,"column":31}},{"start":{"line":84,"column":35},"end":{"line":84,"column":46}}],"line":84},"7":{"loc":{"start":{"line":98,"column":10},"end":{"line":98,"column":50}},"type":"binary-expr","locations":[{"start":{"line":98,"column":10},"end":{"line":98,"column":31}},{"start":{"line":98,"column":35},"end":{"line":98,"column":50}}],"line":98},"8":{"loc":{"start":{"line":111,"column":10},"end":{"line":111,"column":46}},"type":"binary-expr","locations":[{"start":{"line":111,"column":10},"end":{"line":111,"column":31}},{"start":{"line":111,"column":35},"end":{"line":111,"column":46}}],"line":111},"9":{"loc":{"start":{"line":148,"column":19},"end":{"line":148,"column":37}},"type":"cond-expr","locations":[{"start":{"line":148,"column":30},"end":{"line":148,"column":32}},{"start":{"line":148,"column":35},"end":{"line":148,"column":37}}],"line":148},"10":{"loc":{"start":{"line":149,"column":20},"end":{"line":149,"column":39}},"type":"cond-expr","locations":[{"start":{"line":149,"column":32},"end":{"line":149,"column":34}},{"start":{"line":149,"column":37},"end":{"line":149,"column":39}}],"line":149},"11":{"loc":{"start":{"line":151,"column":23},"end":{"line":151,"column":57}},"type":"cond-expr","locations":[{"start":{"line":151,"column":34},"end":{"line":151,"column":43}},{"start":{"line":151,"column":46},"end":{"line":151,"column":57}}],"line":151},"12":{"loc":{"start":{"line":169,"column":13},"end":{"line":169,"column":38}},"type":"cond-expr","locations":[{"start":{"line":169,"column":24},"end":{"line":169,"column":29}},{"start":{"line":169,"column":32},"end":{"line":169,"column":38}}],"line":169}},"s":{"0":0,"1":0,"2":0,"3":0,"4":0,"5":0,"6":0,"7":0,"8":0,"9":0,"10":0,"11":0,"12":0,"13":0,"14":0,"15":0,"16":0,"17":0,"18":0,"19":0,"20":0,"21":0,"22":0},"f":{"0":0,"1":0,"2":0,"3":0,"4":0,"5":0,"6":0},"b":{"0":[0],"1":[0,0],"2":[0,0],"3":[0,0],"4":[0,0],"5":[0,0],"6":[0,0],"7":[0,0],"8":[0,0],"9":[0,0],"10":[0,0],"11":[0,0],"12":[0,0]}}
,"/Users/chauduong/Desktop/airfoil/solona-test-app/src/components/Form/Input/index.ts": {"path":"/Users/chauduong/Desktop/airfoil/solona-test-app/src/components/Form/Input/index.ts","statementMap":{},"fnMap":{},"branchMap":{},"s":{},"f":{},"b":{}}
,"/Users/chauduong/Desktop/airfoil/solona-test-app/src/components/Form/Input/types.ts": {"path":"/Users/chauduong/Desktop/airfoil/solona-test-app/src/components/Form/Input/types.ts","statementMap":{},"fnMap":{},"branchMap":{},"s":{},"f":{},"b":{}}
,"/Users/chauduong/Desktop/airfoil/solona-test-app/src/components/Form/InputAdornment/InputAdornment.tsx": {"path":"/Users/chauduong/Desktop/airfoil/solona-test-app/src/components/Form/InputAdornment/InputAdornment.tsx","statementMap":{"0":{"start":{"line":14,"column":30},"end":{"line":33,"column":1}},"1":{"start":{"line":24,"column":6},"end":{"line":24,"column":16}},"2":{"start":{"line":26,"column":2},"end":{"line":26,"column":25}},"3":{"start":{"line":26,"column":13},"end":{"line":26,"column":25}},"4":{"start":{"line":28,"column":2},"end":{"line":32,"column":4}}},"fnMap":{"0":{"name":"(anonymous_0)","decl":{"start":{"line":14,"column":30},"end":{"line":14,"column":31}},"loc":{"start":{"line":17,"column":45},"end":{"line":33,"column":1}},"line":17}},"branchMap":{"0":{"loc":{"start":{"line":26,"column":2},"end":{"line":26,"column":25}},"type":"if","locations":[{"start":{"line":26,"column":2},"end":{"line":26,"column":25}},{"start":{},"end":{}}],"line":26}},"s":{"0":0,"1":0,"2":0,"3":0,"4":0},"f":{"0":0},"b":{"0":[0,0]}}
,"/Users/chauduong/Desktop/airfoil/solona-test-app/src/components/Form/InputAdornment/index.ts": {"path":"/Users/chauduong/Desktop/airfoil/solona-test-app/src/components/Form/InputAdornment/index.ts","statementMap":{},"fnMap":{},"branchMap":{},"s":{},"f":{},"b":{}}
,"/Users/chauduong/Desktop/airfoil/solona-test-app/src/components/Form/InputSearch/InputSearch.tsx": {"path":"/Users/chauduong/Desktop/airfoil/solona-test-app/src/components/Form/InputSearch/InputSearch.tsx","statementMap":{"0":{"start":{"line":14,"column":18},"end":{"line":15,"column":48}},"1":{"start":{"line":15,"column":2},"end":{"line":15,"column":48}},"2":{"start":{"line":15,"column":28},"end":{"line":15,"column":47}},"3":{"start":{"line":17,"column":27},"end":{"line":89,"column":1}},"4":{"start":{"line":18,"column":42},"end":{"line":18,"column":77}},"5":{"start":{"line":19,"column":40},"end":{"line":19,"column":52}},"6":{"start":{"line":20,"column":46},"end":{"line":20,"column":62}},"7":{"start":{"line":22,"column":2},"end":{"line":26,"column":23}},"8":{"start":{"line":23,"column":4},"end":{"line":25,"column":6}},"9":{"start":{"line":24,"column":6},"end":{"line":24,"column":35}},"10":{"start":{"line":28,"column":19},"end":{"line":42,"column":3}},"11":{"start":{"line":33,"column":4},"end":{"line":41,"column":6}},"12":{"start":{"line":34,"column":6},"end":{"line":34,"column":26}},"13":{"start":{"line":35,"column":6},"end":{"line":35,"column":35}},"14":{"start":{"line":36,"column":6},"end":{"line":40,"column":8}},"15":{"start":{"line":38,"column":10},"end":{"line":38,"column":26}},"16":{"start":{"line":44,"column":23},"end":{"line":46,"column":3}},"17":{"start":{"line":45,"column":4},"end":{"line":45,"column":26}},"18":{"start":{"line":48,"column":21},"end":{"line":59,"column":3}},"19":{"start":{"line":49,"column":4},"end":{"line":53,"column":5}},"20":{"start":{"line":50,"column":6},"end":{"line":50,"column":29}},"21":{"start":{"line":51,"column":6},"end":{"line":51,"column":32}},"22":{"start":{"line":52,"column":6},"end":{"line":52,"column":13}},"23":{"start":{"line":54,"column":4},"end":{"line":54,"column":33}},"24":{"start":{"line":55,"column":4},"end":{"line":55,"column":26}},"25":{"start":{"line":56,"column":4},"end":{"line":56,"column":25}},"26":{"start":{"line":57,"column":4},"end":{"line":57,"column":32}},"27":{"start":{"line":58,"column":4},"end":{"line":58,"column":27}},"28":{"start":{"line":61,"column":26},"end":{"line":61,"column":65}},"29":{"start":{"line":63,"column":21},"end":{"line":74,"column":33}},"30":{"start":{"line":64,"column":4},"end":{"line":73,"column":5}},"31":{"start":{"line":65,"column":6},"end":{"line":72,"column":7}},"32":{"start":{"line":67,"column":10},"end":{"line":67,"column":49}},"33":{"start":{"line":69,"column":10},"end":{"line":69,"column":31}},"34":{"start":{"line":71,"column":10},"end":{"line":71,"column":23}},"35":{"start":{"line":76,"column":2},"end":{"line":88,"column":4}},"36":{"start":{"line":82,"column":23},"end":{"line":82,"column":42}}},"fnMap":{"0":{"name":"(anonymous_0)","decl":{"start":{"line":14,"column":18},"end":{"line":14,"column":19}},"loc":{"start":{"line":15,"column":2},"end":{"line":15,"column":48}},"line":15},"1":{"name":"(anonymous_1)","decl":{"start":{"line":15,"column":14},"end":{"line":15,"column":15}},"loc":{"start":{"line":15,"column":28},"end":{"line":15,"column":47}},"line":15},"2":{"name":"(anonymous_2)","decl":{"start":{"line":17,"column":27},"end":{"line":17,"column":28}},"loc":{"start":{"line":17,"column":78},"end":{"line":89,"column":1}},"line":17},"3":{"name":"(anonymous_3)","decl":{"start":{"line":22,"column":12},"end":{"line":22,"column":13}},"loc":{"start":{"line":22,"column":18},"end":{"line":26,"column":3}},"line":22},"4":{"name":"(anonymous_4)","decl":{"start":{"line":23,"column":11},"end":{"line":23,"column":12}},"loc":{"start":{"line":23,"column":17},"end":{"line":25,"column":5}},"line":23},"5":{"name":"(anonymous_5)","decl":{"start":{"line":28,"column":19},"end":{"line":28,"column":20}},"loc":{"start":{"line":32,"column":7},"end":{"line":42,"column":3}},"line":32},"6":{"name":"(anonymous_6)","decl":{"start":{"line":33,"column":11},"end":{"line":33,"column":12}},"loc":{"start":{"line":33,"column":30},"end":{"line":41,"column":5}},"line":33},"7":{"name":"(anonymous_7)","decl":{"start":{"line":37,"column":19},"end":{"line":37,"column":20}},"loc":{"start":{"line":37,"column":25},"end":{"line":39,"column":9}},"line":37},"8":{"name":"(anonymous_8)","decl":{"start":{"line":44,"column":23},"end":{"line":44,"column":24}},"loc":{"start":{"line":44,"column":42},"end":{"line":46,"column":3}},"line":44},"9":{"name":"(anonymous_9)","decl":{"start":{"line":48,"column":21},"end":{"line":48,"column":22}},"loc":{"start":{"line":48,"column":46},"end":{"line":59,"column":3}},"line":48},"10":{"name":"(anonymous_10)","decl":{"start":{"line":63,"column":29},"end":{"line":63,"column":30}},"loc":{"start":{"line":63,"column":35},"end":{"line":74,"column":3}},"line":63},"11":{"name":"(anonymous_11)","decl":{"start":{"line":82,"column":17},"end":{"line":82,"column":18}},"loc":{"start":{"line":82,"column":23},"end":{"line":82,"column":42}},"line":82}},"branchMap":{"0":{"loc":{"start":{"line":49,"column":4},"end":{"line":53,"column":5}},"type":"if","locations":[{"start":{"line":49,"column":4},"end":{"line":53,"column":5}},{"start":{},"end":{}}],"line":49},"1":{"loc":{"start":{"line":64,"column":4},"end":{"line":73,"column":5}},"type":"if","locations":[{"start":{"line":64,"column":4},"end":{"line":73,"column":5}},{"start":{},"end":{}}],"line":64},"2":{"loc":{"start":{"line":65,"column":6},"end":{"line":72,"column":7}},"type":"switch","locations":[{"start":{"line":66,"column":8},"end":{"line":67,"column":49}},{"start":{"line":68,"column":8},"end":{"line":69,"column":31}},{"start":{"line":70,"column":8},"end":{"line":71,"column":23}}],"line":65}},"s":{"0":0,"1":0,"2":0,"3":0,"4":0,"5":0,"6":0,"7":0,"8":0,"9":0,"10":0,"11":0,"12":0,"13":0,"14":0,"15":0,"16":0,"17":0,"18":0,"19":0,"20":0,"21":0,"22":0,"23":0,"24":0,"25":0,"26":0,"27":0,"28":0,"29":0,"30":0,"31":0,"32":0,"33":0,"34":0,"35":0,"36":0},"f":{"0":0,"1":0,"2":0,"3":0,"4":0,"5":0,"6":0,"7":0,"8":0,"9":0,"10":0,"11":0},"b":{"0":[0,0],"1":[0,0],"2":[0,0,0]}}
,"/Users/chauduong/Desktop/airfoil/solona-test-app/src/components/Form/InputSearch/index.ts": {"path":"/Users/chauduong/Desktop/airfoil/solona-test-app/src/components/Form/InputSearch/index.ts","statementMap":{},"fnMap":{},"branchMap":{},"s":{},"f":{},"b":{}}
,"/Users/chauduong/Desktop/airfoil/solona-test-app/src/components/Form/InputWithLabel/InputWithLabel.tsx": {"path":"/Users/chauduong/Desktop/airfoil/solona-test-app/src/components/Form/InputWithLabel/InputWithLabel.tsx","statementMap":{"0":{"start":{"line":15,"column":30},"end":{"line":71,"column":1}},"1":{"start":{"line":34,"column":22},"end":{"line":60,"column":8}},"2":{"start":{"line":35,"column":4},"end":{"line":60,"column":5}},"3":{"start":{"line":61,"column":2},"end":{"line":70,"column":4}}},"fnMap":{"0":{"name":"(anonymous_0)","decl":{"start":{"line":15,"column":30},"end":{"line":15,"column":31}},"loc":{"start":{"line":33,"column":18},"end":{"line":71,"column":1}},"line":33},"1":{"name":"(anonymous_1)","decl":{"start":{"line":34,"column":23},"end":{"line":34,"column":24}},"loc":{"start":{"line":35,"column":4},"end":{"line":60,"column":5}},"line":35}},"branchMap":{"0":{"loc":{"start":{"line":16,"column":2},"end":{"line":16,"column":18}},"type":"default-arg","locations":[{"start":{"line":16,"column":13},"end":{"line":16,"column":18}}],"line":16},"1":{"loc":{"start":{"line":17,"column":2},"end":{"line":17,"column":15}},"type":"default-arg","locations":[{"start":{"line":17,"column":10},"end":{"line":17,"column":15}}],"line":17},"2":{"loc":{"start":{"line":28,"column":2},"end":{"line":28,"column":16}},"type":"default-arg","locations":[{"start":{"line":28,"column":9},"end":{"line":28,"column":16}}],"line":28},"3":{"loc":{"start":{"line":30,"column":2},"end":{"line":30,"column":17}},"type":"default-arg","locations":[{"start":{"line":30,"column":13},"end":{"line":30,"column":17}}],"line":30},"4":{"loc":{"start":{"line":35,"column":4},"end":{"line":60,"column":5}},"type":"cond-expr","locations":[{"start":{"line":36,"column":6},"end":{"line":50,"column":8}},{"start":{"line":52,"column":6},"end":{"line":59,"column":8}}],"line":35}},"s":{"0":0,"1":0,"2":0,"3":0},"f":{"0":0,"1":0},"b":{"0":[0],"1":[0],"2":[0],"3":[0],"4":[0,0]}}
,"/Users/chauduong/Desktop/airfoil/solona-test-app/src/components/Form/InputWithLabel/index.ts": {"path":"/Users/chauduong/Desktop/airfoil/solona-test-app/src/components/Form/InputWithLabel/index.ts","statementMap":{},"fnMap":{},"branchMap":{},"s":{},"f":{},"b":{}}
,"/Users/chauduong/Desktop/airfoil/solona-test-app/src/components/Form/Label/Label.tsx": {"path":"/Users/chauduong/Desktop/airfoil/solona-test-app/src/components/Form/Label/Label.tsx","statementMap":{"0":{"start":{"line":10,"column":21},"end":{"line":26,"column":1}},"1":{"start":{"line":17,"column":6},"end":{"line":17,"column":16}},"2":{"start":{"line":19,"column":2},"end":{"line":19,"column":29}},"3":{"start":{"line":19,"column":17},"end":{"line":19,"column":29}},"4":{"start":{"line":21,"column":2},"end":{"line":25,"column":4}}},"fnMap":{"0":{"name":"(anonymous_0)","decl":{"start":{"line":10,"column":21},"end":{"line":10,"column":22}},"loc":{"start":{"line":10,"column":60},"end":{"line":26,"column":1}},"line":10}},"branchMap":{"0":{"loc":{"start":{"line":19,"column":2},"end":{"line":19,"column":29}},"type":"if","locations":[{"start":{"line":19,"column":2},"end":{"line":19,"column":29}},{"start":{},"end":{}}],"line":19}},"s":{"0":0,"1":0,"2":0,"3":0,"4":0},"f":{"0":0},"b":{"0":[0,0]}}
,"/Users/chauduong/Desktop/airfoil/solona-test-app/src/components/Form/Label/index.ts": {"path":"/Users/chauduong/Desktop/airfoil/solona-test-app/src/components/Form/Label/index.ts","statementMap":{},"fnMap":{},"branchMap":{},"s":{},"f":{},"b":{}}
,"/Users/chauduong/Desktop/airfoil/solona-test-app/src/components/Form/Switch/Switch.tsx": {"path":"/Users/chauduong/Desktop/airfoil/solona-test-app/src/components/Form/Switch/Switch.tsx","statementMap":{"0":{"start":{"line":17,"column":22},"end":{"line":82,"column":1}},"1":{"start":{"line":32,"column":6},"end":{"line":32,"column":16}},"2":{"start":{"line":34,"column":19},"end":{"line":34,"column":26}},"3":{"start":{"line":36,"column":2},"end":{"line":81,"column":4}},"4":{"start":{"line":58,"column":10},"end":{"line":71,"column":19}}},"fnMap":{"0":{"name":"(anonymous_0)","decl":{"start":{"line":17,"column":22},"end":{"line":17,"column":23}},"loc":{"start":{"line":23,"column":19},"end":{"line":82,"column":1}},"line":23},"1":{"name":"(anonymous_1)","decl":{"start":{"line":57,"column":28},"end":{"line":57,"column":29}},"loc":{"start":{"line":58,"column":10},"end":{"line":71,"column":19}},"line":58}},"branchMap":{"0":{"loc":{"start":{"line":38,"column":7},"end":{"line":43,"column":7}},"type":"binary-expr","locations":[{"start":{"line":38,"column":7},"end":{"line":38,"column":15}},{"start":{"line":39,"column":8},"end":{"line":42,"column":17}}],"line":38},"1":{"loc":{"start":{"line":49,"column":27},"end":{"line":49,"column":58}},"type":"cond-expr","locations":[{"start":{"line":49,"column":38},"end":{"line":49,"column":48}},{"start":{"line":49,"column":51},"end":{"line":49,"column":58}}],"line":49},"2":{"loc":{"start":{"line":51,"column":29},"end":{"line":51,"column":60}},"type":"cond-expr","locations":[{"start":{"line":51,"column":40},"end":{"line":51,"column":50}},{"start":{"line":51,"column":53},"end":{"line":51,"column":60}}],"line":51}},"s":{"0":0,"1":0,"2":0,"3":0,"4":0},"f":{"0":0,"1":0},"b":{"0":[0,0],"1":[0,0],"2":[0,0]}}
,"/Users/chauduong/Desktop/airfoil/solona-test-app/src/components/Form/Switch/index.ts": {"path":"/Users/chauduong/Desktop/airfoil/solona-test-app/src/components/Form/Switch/index.ts","statementMap":{},"fnMap":{},"branchMap":{},"s":{},"f":{},"b":{}}
,"/Users/chauduong/Desktop/airfoil/solona-test-app/src/components/HeaderCustom/HeaderButton.tsx": {"path":"/Users/chauduong/Desktop/airfoil/solona-test-app/src/components/HeaderCustom/HeaderButton.tsx","statementMap":{"0":{"start":{"line":9,"column":28},"end":{"line":28,"column":1}},"1":{"start":{"line":14,"column":2},"end":{"line":27,"column":4}}},"fnMap":{"0":{"name":"(anonymous_0)","decl":{"start":{"line":9,"column":28},"end":{"line":9,"column":29}},"loc":{"start":{"line":13,"column":25},"end":{"line":28,"column":1}},"line":13}},"branchMap":{},"s":{"0":0,"1":0},"f":{"0":0},"b":{}}
,"/Users/chauduong/Desktop/airfoil/solona-test-app/src/components/HeaderCustom/HeaderCustom.tsx": {"path":"/Users/chauduong/Desktop/airfoil/solona-test-app/src/components/HeaderCustom/HeaderCustom.tsx","statementMap":{"0":{"start":{"line":23,"column":23},"end":{"line":26,"column":1}},"1":{"start":{"line":28,"column":28},"end":{"line":95,"column":1}},"2":{"start":{"line":45,"column":6},"end":{"line":45,"column":16}},"3":{"start":{"line":47,"column":22},"end":{"line":61,"column":20}},"4":{"start":{"line":48,"column":4},"end":{"line":59,"column":5}},"5":{"start":{"line":49,"column":6},"end":{"line":58,"column":8}},"6":{"start":{"line":60,"column":4},"end":{"line":60,"column":17}},"7":{"start":{"line":63,"column":17},"end":{"line":63,"column":36}},"8":{"start":{"line":65,"column":2},"end":{"line":94,"column":4}}},"fnMap":{"0":{"name":"(anonymous_0)","decl":{"start":{"line":28,"column":28},"end":{"line":28,"column":29}},"loc":{"start":{"line":36,"column":24},"end":{"line":95,"column":1}},"line":36},"1":{"name":"(anonymous_1)","decl":{"start":{"line":47,"column":30},"end":{"line":47,"column":31}},"loc":{"start":{"line":47,"column":36},"end":{"line":61,"column":3}},"line":47}},"branchMap":{"0":{"loc":{"start":{"line":33,"column":2},"end":{"line":33,"column":19}},"type":"default-arg","locations":[{"start":{"line":33,"column":15},"end":{"line":33,"column":19}}],"line":33},"1":{"loc":{"start":{"line":48,"column":4},"end":{"line":59,"column":5}},"type":"if","locations":[{"start":{"line":48,"column":4},"end":{"line":59,"column":5}},{"start":{},"end":{}}],"line":48},"2":{"loc":{"start":{"line":78,"column":9},"end":{"line":91,"column":9}},"type":"binary-expr","locations":[{"start":{"line":78,"column":9},"end":{"line":78,"column":17}},{"start":{"line":79,"column":10},"end":{"line":90,"column":13}}],"line":78},"3":{"loc":{"start":{"line":80,"column":35},"end":{"line":80,"column":78}},"type":"cond-expr","locations":[{"start":{"line":80,"column":48},"end":{"line":80,"column":66}},{"start":{"line":80,"column":69},"end":{"line":80,"column":78}}],"line":80},"4":{"loc":{"start":{"line":81,"column":15},"end":{"line":81,"column":76}},"type":"binary-expr","locations":[{"start":{"line":81,"column":15},"end":{"line":81,"column":25}},{"start":{"line":81,"column":29},"end":{"line":81,"column":76}}],"line":81}},"s":{"0":0,"1":0,"2":0,"3":0,"4":0,"5":0,"6":0,"7":0,"8":0},"f":{"0":0,"1":0},"b":{"0":[0],"1":[0,0],"2":[0,0],"3":[0,0],"4":[0,0]}}
,"/Users/chauduong/Desktop/airfoil/solona-test-app/src/components/HeaderCustom/index.ts": {"path":"/Users/chauduong/Desktop/airfoil/solona-test-app/src/components/HeaderCustom/index.ts","statementMap":{},"fnMap":{},"branchMap":{},"s":{},"f":{},"b":{}}
,"/Users/chauduong/Desktop/airfoil/solona-test-app/src/components/Icons/index.ts": {"path":"/Users/chauduong/Desktop/airfoil/solona-test-app/src/components/Icons/index.ts","statementMap":{},"fnMap":{},"branchMap":{},"s":{},"f":{},"b":{}}
[...]
,"/Users/chauduong/Desktop/airfoil/solona-test-app/src/hooks/useBehaviorState.tsx": {"path":"/Users/chauduong/Desktop/airfoil/solona-test-app/src/hooks/useBehaviorState.tsx","statementMap":{"0":{"start":{"line":41,"column":32},"end":{"line":103,"column":1}},"1":{"start":{"line":44,"column":28},"end":{"line":44,"column":59}},"2":{"start":{"line":49,"column":24},"end":{"line":52,"column":3}},"3":{"start":{"line":50,"column":4},"end":{"line":50,"column":24}},"4":{"start":{"line":51,"column":4},"end":{"line":51,"column":26}},"5":{"start":{"line":57,"column":25},"end":{"line":60,"column":3}},"6":{"start":{"line":58,"column":4},"end":{"line":58,"column":21}},"7":{"start":{"line":59,"column":4},"end":{"line":59,"column":23}},"8":{"start":{"line":65,"column":24},"end":{"line":68,"column":3}},"9":{"start":{"line":66,"column":4},"end":{"line":66,"column":24}},"10":{"start":{"line":67,"column":4},"end":{"line":67,"column":26}},"11":{"start":{"line":73,"column":25},"end":{"line":76,"column":3}},"12":{"start":{"line":74,"column":4},"end":{"line":74,"column":21}},"13":{"start":{"line":75,"column":4},"end":{"line":75,"column":23}},"14":{"start":{"line":81,"column":24},"end":{"line":84,"column":3}},"15":{"start":{"line":82,"column":4},"end":{"line":82,"column":24}},"16":{"start":{"line":83,"column":4},"end":{"line":83,"column":26}},"17":{"start":{"line":89,"column":25},"end":{"line":92,"column":3}},"18":{"start":{"line":90,"column":4},"end":{"line":90,"column":21}},"19":{"start":{"line":91,"column":4},"end":{"line":91,"column":23}},"20":{"start":{"line":94,"column":2},"end":{"line":102,"column":4}}},"fnMap":{"0":{"name":"(anonymous_0)","decl":{"start":{"line":41,"column":32},"end":{"line":41,"column":33}},"loc":{"start":{"line":43,"column":54},"end":{"line":103,"column":1}},"line":43},"1":{"name":"(anonymous_1)","decl":{"start":{"line":49,"column":24},"end":{"line":49,"column":25}},"loc":{"start":{"line":49,"column":30},"end":{"line":52,"column":3}},"line":49},"2":{"name":"(anonymous_2)","decl":{"start":{"line":57,"column":25},"end":{"line":57,"column":26}},"loc":{"start":{"line":57,"column":31},"end":{"line":60,"column":3}},"line":57},"3":{"name":"(anonymous_3)","decl":{"start":{"line":65,"column":24},"end":{"line":65,"column":25}},"loc":{"start":{"line":65,"column":30},"end":{"line":68,"column":3}},"line":65},"4":{"name":"(anonymous_4)","decl":{"start":{"line":73,"column":25},"end":{"line":73,"column":26}},"loc":{"start":{"line":73,"column":31},"end":{"line":76,"column":3}},"line":73},"5":{"name":"(anonymous_5)","decl":{"start":{"line":81,"column":24},"end":{"line":81,"column":25}},"loc":{"start":{"line":81,"column":30},"end":{"line":84,"column":3}},"line":81},"6":{"name":"(anonymous_6)","decl":{"start":{"line":89,"column":25},"end":{"line":89,"column":26}},"loc":{"start":{"line":89,"column":31},"end":{"line":92,"column":3}},"line":89}},"branchMap":{"0":{"loc":{"start":{"line":41,"column":33},"end":{"line":43,"column":28}},"type":"default-arg","locations":[{"start":{"line":43,"column":26},"end":{"line":43,"column":28}}],"line":41}},"s":{"0":0,"1":0,"2":0,"3":0,"4":0,"5":0,"6":0,"7":0,"8":0,"9":0,"10":0,"11":0,"12":0,"13":0,"14":0,"15":0,"16":0,"17":0,"18":0,"19":0,"20":0},"f":{"0":0,"1":0,"2":0,"3":0,"4":0,"5":0,"6":0},"b":{"0":[0]}}
,"/Users/chauduong/Desktop/airfoil/solona-test-app/src/hooks/useKeyboard.tsx": {"path":"/Users/chauduong/Desktop/airfoil/solona-test-app/src/hooks/useKeyboard.tsx","statementMap":{"0":{"start":{"line":9,"column":25},"end":{"line":14,"column":2}},"1":{"start":{"line":15,"column":21},"end":{"line":18,"column":1}},"2":{"start":{"line":21,"column":28},"end":{"line":21,"column":43}},"3":{"start":{"line":22,"column":40},"end":{"line":25,"column":18}},"4":{"start":{"line":26,"column":46},"end":{"line":26,"column":65}},"5":{"start":{"line":28,"column":56},"end":{"line":30,"column":3}},"6":{"start":{"line":29,"column":4},"end":{"line":29,"column":73}},"7":{"start":{"line":31,"column":55},"end":{"line":35,"column":3}},"8":{"start":{"line":32,"column":4},"end":{"line":32,"column":19}},"9":{"start":{"line":33,"column":4},"end":{"line":33,"column":73}},"10":{"start":{"line":34,"column":4},"end":{"line":34,"column":47}},"11":{"start":{"line":36,"column":56},"end":{"line":38,"column":3}},"12":{"start":{"line":37,"column":4},"end":{"line":37,"column":73}},"13":{"start":{"line":39,"column":55},"end":{"line":47,"column":3}},"14":{"start":{"line":40,"column":4},"end":{"line":40,"column":20}},"15":{"start":{"line":41,"column":4},"end":{"line":46,"column":5}},"16":{"start":{"line":42,"column":6},"end":{"line":42,"column":75}},"17":{"start":{"line":44,"column":6},"end":{"line":44,"column":35}},"18":{"start":{"line":45,"column":6},"end":{"line":45,"column":27}},"19":{"start":{"line":49,"column":2},"end":{"line":60,"column":9}},"20":{"start":{"line":50,"column":26},"end":{"line":55,"column":5}},"21":{"start":{"line":57,"column":4},"end":{"line":59,"column":6}},"22":{"start":{"line":58,"column":6},"end":{"line":58,"column":69}},"23":{"start":{"line":58,"column":46},"end":{"line":58,"column":67}},"24":{"start":{"line":62,"column":2},"end":{"line":66,"column":4}}},"fnMap":{"0":{"name":"useKeyboard","decl":{"start":{"line":20,"column":16},"end":{"line":20,"column":27}},"loc":{"start":{"line":20,"column":30},"end":{"line":67,"column":1}},"line":20},"1":{"name":"(anonymous_1)","decl":{"start":{"line":28,"column":56},"end":{"line":28,"column":57}},"loc":{"start":{"line":28,"column":63},"end":{"line":30,"column":3}},"line":28},"2":{"name":"(anonymous_2)","decl":{"start":{"line":31,"column":55},"end":{"line":31,"column":56}},"loc":{"start":{"line":31,"column":62},"end":{"line":35,"column":3}},"line":31},"3":{"name":"(anonymous_3)","decl":{"start":{"line":36,"column":56},"end":{"line":36,"column":57}},"loc":{"start":{"line":36,"column":63},"end":{"line":38,"column":3}},"line":36},"4":{"name":"(anonymous_4)","decl":{"start":{"line":39,"column":55},"end":{"line":39,"column":56}},"loc":{"start":{"line":39,"column":62},"end":{"line":47,"column":3}},"line":39},"5":{"name":"(anonymous_5)","decl":{"start":{"line":49,"column":12},"end":{"line":49,"column":13}},"loc":{"start":{"line":49,"column":18},"end":{"line":60,"column":3}},"line":49},"6":{"name":"(anonymous_6)","decl":{"start":{"line":57,"column":11},"end":{"line":57,"column":12}},"loc":{"start":{"line":57,"column":17},"end":{"line":59,"column":5}},"line":57},"7":{"name":"(anonymous_7)","decl":{"start":{"line":58,"column":28},"end":{"line":58,"column":29}},"loc":{"start":{"line":58,"column":46},"end":{"line":58,"column":67}},"line":58}},"branchMap":{"0":{"loc":{"start":{"line":41,"column":4},"end":{"line":46,"column":5}},"type":"if","locations":[{"start":{"line":41,"column":4},"end":{"line":46,"column":5}},{"start":{"line":43,"column":11},"end":{"line":46,"column":5}}],"line":41}},"s":{"0":0,"1":0,"2":0,"3":0,"4":0,"5":0,"6":0,"7":0,"8":0,"9":0,"10":0,"11":0,"12":0,"13":0,"14":0,"15":0,"16":0,"17":0,"18":0,"19":0,"20":0,"21":0,"22":0,"23":0,"24":0},"f":{"0":0,"1":0,"2":0,"3":0,"4":0,"5":0,"6":0,"7":0},"b":{"0":[0,0]}}
,"/Users/chauduong/Desktop/airfoil/solona-test-app/src/hooks/useModal.tsx": {"path":"/Users/chauduong/Desktop/airfoil/solona-test-app/src/hooks/useModal.tsx","statementMap":{"0":{"start":{"line":4,"column":24},"end":{"line":25,"column":1}},"1":{"start":{"line":5,"column":25},"end":{"line":5,"column":62}},"2":{"start":{"line":7,"column":17},"end":{"line":9,"column":8}},"3":{"start":{"line":8,"column":4},"end":{"line":8,"column":38}},"4":{"start":{"line":11,"column":18},"end":{"line":13,"column":8}},"5":{"start":{"line":12,"column":4},"end":{"line":12,"column":36}},"6":{"start":{"line":15,"column":20},"end":{"line":17,"column":8}},"7":{"start":{"line":16,"column":4},"end":{"line":16,"column":38}},"8":{"start":{"line":19,"column":2},"end":{"line":24,"column":4}}},"fnMap":{"0":{"name":"(anonymous_0)","decl":{"start":{"line":4,"column":24},"end":{"line":4,"column":25}},"loc":{"start":{"line":4,"column":30},"end":{"line":25,"column":1}},"line":4},"1":{"name":"(anonymous_1)","decl":{"start":{"line":7,"column":29},"end":{"line":7,"column":30}},"loc":{"start":{"line":7,"column":35},"end":{"line":9,"column":3}},"line":7},"2":{"name":"(anonymous_2)","decl":{"start":{"line":11,"column":30},"end":{"line":11,"column":31}},"loc":{"start":{"line":11,"column":36},"end":{"line":13,"column":3}},"line":11},"3":{"name":"(anonymous_3)","decl":{"start":{"line":15,"column":32},"end":{"line":15,"column":33}},"loc":{"start":{"line":15,"column":38},"end":{"line":17,"column":3}},"line":15}},"branchMap":{},"s":{"0":0,"1":0,"2":0,"3":0,"4":0,"5":0,"6":0,"7":0,"8":0},"f":{"0":0,"1":0,"2":0,"3":0},"b":{}}
,"/Users/chauduong/Desktop/airfoil/solona-test-app/src/hooks/useModalAlert.tsx": {"path":"/Users/chauduong/Desktop/airfoil/solona-test-app/src/hooks/useModalAlert.tsx","statementMap":{"0":{"start":{"line":36,"column":21},"end":{"line":39,"column":1}},"1":{"start":{"line":41,"column":29},"end":{"line":156,"column":1}},"2":{"start":{"line":48,"column":46},"end":{"line":48,"column":56}},"3":{"start":{"line":57,"column":6},"end":{"line":57,"column":16}},"4":{"start":{"line":59,"column":21},"end":{"line":72,"column":45}},"5":{"start":{"line":60,"column":4},"end":{"line":71,"column":5}},"6":{"start":{"line":62,"column":8},"end":{"line":62,"column":80}},"7":{"start":{"line":64,"column":8},"end":{"line":64,"column":70}},"8":{"start":{"line":66,"column":8},"end":{"line":66,"column":64}},"9":{"start":{"line":68,"column":8},"end":{"line":68,"column":67}},"10":{"start":{"line":70,"column":8},"end":{"line":70,"column":21}},"11":{"start":{"line":74,"column":24},"end":{"line":99,"column":41}},"12":{"start":{"line":75,"column":4},"end":{"line":77,"column":5}},"13":{"start":{"line":76,"column":6},"end":{"line":76,"column":18}},"14":{"start":{"line":78,"column":4},"end":{"line":98,"column":6}},"15":{"start":{"line":80,"column":30},"end":{"line":84,"column":9}},"16":{"start":{"line":81,"column":10},"end":{"line":81,"column":38}},"17":{"start":{"line":81,"column":28},"end":{"line":81,"column":38}},"18":{"start":{"line":82,"column":10},"end":{"line":82,"column":42}},"19":{"start":{"line":82,"column":30},"end":{"line":82,"column":42}},"20":{"start":{"line":83,"column":10},"end":{"line":83,"column":22}},"21":{"start":{"line":86,"column":8},"end":{"line":96,"column":10}},"22":{"start":{"line":101,"column":29},"end":{"line":121,"column":12}},"23":{"start":{"line":102,"column":4},"end":{"line":104,"column":5}},"24":{"start":{"line":103,"column":6},"end":{"line":103,"column":18}},"25":{"start":{"line":105,"column":4},"end":{"line":120,"column":6}},"26":{"start":{"line":123,"column":22},"end":{"line":149,"column":6}},"27":{"start":{"line":124,"column":4},"end":{"line":148,"column":12}},"28":{"start":{"line":151,"column":2},"end":{"line":155,"column":4}}},"fnMap":{"0":{"name":"(anonymous_0)","decl":{"start":{"line":41,"column":29},"end":{"line":41,"column":30}},"loc":{"start":{"line":47,"column":26},"end":{"line":156,"column":1}},"line":47},"1":{"name":"(anonymous_1)","decl":{"start":{"line":59,"column":29},"end":{"line":59,"column":30}},"loc":{"start":{"line":59,"column":35},"end":{"line":72,"column":3}},"line":59},"2":{"name":"(anonymous_2)","decl":{"start":{"line":74,"column":32},"end":{"line":74,"column":33}},"loc":{"start":{"line":74,"column":38},"end":{"line":99,"column":3}},"line":74},"3":{"name":"(anonymous_3)","decl":{"start":{"line":79,"column":6},"end":{"line":79,"column":7}},"loc":{"start":{"line":79,"column":79},"end":{"line":97,"column":7}},"line":79},"4":{"name":"(anonymous_4)","decl":{"start":{"line":80,"column":30},"end":{"line":80,"column":31}},"loc":{"start":{"line":80,"column":36},"end":{"line":84,"column":9}},"line":80},"5":{"name":"(anonymous_5)","decl":{"start":{"line":101,"column":37},"end":{"line":101,"column":38}},"loc":{"start":{"line":101,"column":43},"end":{"line":121,"column":3}},"line":101},"6":{"name":"(anonymous_6)","decl":{"start":{"line":123,"column":23},"end":{"line":123,"column":24}},"loc":{"start":{"line":124,"column":4},"end":{"line":148,"column":12}},"line":124}},"branchMap":{"0":{"loc":{"start":{"line":44,"column":2},"end":{"line":44,"column":18}},"type":"default-arg","locations":[{"start":{"line":44,"column":9},"end":{"line":44,"column":18}}],"line":44},"1":{"loc":{"start":{"line":45,"column":2},"end":{"line":45,"column":20}},"type":"default-arg","locations":[{"start":{"line":45,"column":18},"end":{"line":45,"column":20}}],"line":45},"2":{"loc":{"start":{"line":60,"column":4},"end":{"line":71,"column":5}},"type":"switch","locations":[{"start":{"line":61,"column":6},"end":{"line":62,"column":80}},{"start":{"line":63,"column":6},"end":{"line":64,"column":70}},{"start":{"line":65,"column":6},"end":{"line":66,"column":64}},{"start":{"line":67,"column":6},"end":{"line":68,"column":67}},{"start":{"line":69,"column":6},"end":{"line":70,"column":21}}],"line":60},"3":{"loc":{"start":{"line":75,"column":4},"end":{"line":77,"column":5}},"type":"if","locations":[{"start":{"line":75,"column":4},"end":{"line":77,"column":5}},{"start":{},"end":{}}],"line":75},"4":{"loc":{"start":{"line":81,"column":10},"end":{"line":81,"column":38}},"type":"if","locations":[{"start":{"line":81,"column":10},"end":{"line":81,"column":38}},{"start":{},"end":{}}],"line":81},"5":{"loc":{"start":{"line":82,"column":10},"end":{"line":82,"column":42}},"type":"if","locations":[{"start":{"line":82,"column":10},"end":{"line":82,"column":42}},{"start":{},"end":{}}],"line":82},"6":{"loc":{"start":{"line":102,"column":4},"end":{"line":104,"column":5}},"type":"if","locations":[{"start":{"line":102,"column":4},"end":{"line":104,"column":5}},{"start":{},"end":{}}],"line":102}},"s":{"0":0,"1":0,"2":0,"3":0,"4":0,"5":0,"6":0,"7":0,"8":0,"9":0,"10":0,"11":0,"12":0,"13":0,"14":0,"15":0,"16":0,"17":0,"18":0,"19":0,"20":0,"21":0,"22":0,"23":0,"24":0,"25":0,"26":0,"27":0,"28":0},"f":{"0":0,"1":0,"2":0,"3":0,"4":0,"5":0,"6":0},"b":{"0":[0],"1":[0],"2":[0,0,0,0,0],"3":[0,0],"4":[0,0],"5":[0,0],"6":[0,0]}}
,"/Users/chauduong/Desktop/airfoil/solona-test-app/src/hooks/usePlatform.tsx": {"path":"/Users/chauduong/Desktop/airfoil/solona-test-app/src/hooks/usePlatform.tsx","statementMap":{"0":{"start":{"line":24,"column":27},"end":{"line":38,"column":1}},"1":{"start":{"line":25,"column":14},"end":{"line":25,"column":35}},"2":{"start":{"line":26,"column":14},"end":{"line":26,"column":35}},"3":{"start":{"line":27,"column":18},"end":{"line":27,"column":43}},"4":{"start":{"line":28,"column":16},"end":{"line":28,"column":39}},"5":{"start":{"line":29,"column":18},"end":{"line":29,"column":43}},"6":{"start":{"line":31,"column":2},"end":{"line":37,"column":4}}},"fnMap":{"0":{"name":"(anonymous_0)","decl":{"start":{"line":24,"column":27},"end":{"line":24,"column":28}},"loc":{"start":{"line":24,"column":49},"end":{"line":38,"column":1}},"line":24}},"branchMap":{},"s":{"0":0,"1":0,"2":0,"3":0,"4":0,"5":0,"6":0},"f":{"0":0},"b":{}}
,"/Users/chauduong/Desktop/airfoil/solona-test-app/src/providers/app.tsx": {"path":"/Users/chauduong/Desktop/airfoil/solona-test-app/src/providers/app.tsx","statementMap":{},"fnMap":{},"branchMap":{},"s":{},"f":{},"b":{}}
,"/Users/chauduong/Desktop/airfoil/solona-test-app/src/types/declarations.d.ts": {"path":"/Users/chauduong/Desktop/airfoil/solona-test-app/src/types/declarations.d.ts","statementMap":{},"fnMap":{},"branchMap":{},"s":{},"f":{},"b":{}}
,"/Users/chauduong/Desktop/airfoil/solona-test-app/src/types/themed.d.ts": {"path":"/Users/chauduong/Desktop/airfoil/solona-test-app/src/types/themed.d.ts","statementMap":{},"fnMap":{},"branchMap":{},"s":{},"f":{},"b":{}}
,"/Users/chauduong/Desktop/airfoil/solona-test-app/src/utils/color.ts": {"path":"/Users/chauduong/Desktop/airfoil/solona-test-app/src/utils/color.ts","statementMap":{"0":{"start":{"line":10,"column":32},"end":{"line":27,"column":1}},"1":{"start":{"line":11,"column":12},"end":{"line":11,"column":36}},"2":{"start":{"line":13,"column":2},"end":{"line":15,"column":3}},"3":{"start":{"line":14,"column":4},"end":{"line":14,"column":67}},"4":{"start":{"line":17,"column":12},"end":{"line":17,"column":45}},"5":{"start":{"line":18,"column":12},"end":{"line":18,"column":45}},"6":{"start":{"line":19,"column":12},"end":{"line":19,"column":45}},"7":{"start":{"line":22,"column":2},"end":{"line":24,"column":3}},"8":{"start":{"line":23,"column":4},"end":{"line":23,"column":28}},"9":{"start":{"line":26,"column":2},"end":{"line":26,"column":43}}},"fnMap":{"0":{"name":"(anonymous_0)","decl":{"start":{"line":10,"column":32},"end":{"line":10,"column":33}},"loc":{"start":{"line":10,"column":66},"end":{"line":27,"column":1}},"line":10}},"branchMap":{"0":{"loc":{"start":{"line":10,"column":50},"end":{"line":10,"column":61}},"type":"default-arg","locations":[{"start":{"line":10,"column":60},"end":{"line":10,"column":61}}],"line":10},"1":{"loc":{"start":{"line":13,"column":2},"end":{"line":15,"column":3}},"type":"if","locations":[{"start":{"line":13,"column":2},"end":{"line":15,"column":3}},{"start":{},"end":{}}],"line":13},"2":{"loc":{"start":{"line":22,"column":2},"end":{"line":24,"column":3}},"type":"if","locations":[{"start":{"line":22,"column":2},"end":{"line":24,"column":3}},{"start":{},"end":{}}],"line":22},"3":{"loc":{"start":{"line":22,"column":6},"end":{"line":22,"column":35}},"type":"binary-expr","locations":[{"start":{"line":22,"column":6},"end":{"line":22,"column":17}},{"start":{"line":22,"column":21},"end":{"line":22,"column":35}}],"line":22}},"s":{"0":1,"1":3,"2":3,"3":0,"4":3,"5":3,"6":3,"7":3,"8":0,"9":3},"f":{"0":3},"b":{"0":[0],"1":[0,3],"2":[0,3],"3":[3,0]},"_coverageSchema":"1a1c01bbd47fc00a2c39e90264f33305004495a9","hash":"8a9cd9f794799fd6116583fdf6246a28ebd5ce00"}
,"/Users/chauduong/Desktop/airfoil/solona-test-app/src/utils/icon.ts": {"path":"/Users/chauduong/Desktop/airfoil/solona-test-app/src/utils/icon.ts","statementMap":{"0":{"start":{"line":20,"column":2},"end":{"line":22,"column":4}},"1":{"start":{"line":21,"column":4},"end":{"line":21,"column":78}}},"fnMap":{"0":{"name":"cloneIcon","decl":{"start":{"line":16,"column":16},"end":{"line":16,"column":25}},"loc":{"start":{"line":19,"column":13},"end":{"line":23,"column":1}},"line":19},"1":{"name":"(anonymous_1)","decl":{"start":{"line":20,"column":28},"end":{"line":20,"column":29}},"loc":{"start":{"line":21,"column":4},"end":{"line":21,"column":78}},"line":21}},"branchMap":{"0":{"loc":{"start":{"line":21,"column":4},"end":{"line":21,"column":78}},"type":"cond-expr","locations":[{"start":{"line":21,"column":28},"end":{"line":21,"column":70}},{"start":{"line":21,"column":73},"end":{"line":21,"column":78}}],"line":21}},"s":{"0":0,"1":0},"f":{"0":0,"1":0},"b":{"0":[0,0]}}
,"/Users/chauduong/Desktop/airfoil/solona-test-app/src/utils/lazyImport.ts": {"path":"/Users/chauduong/Desktop/airfoil/solona-test-app/src/utils/lazyImport.ts","statementMap":{"0":{"start":{"line":9,"column":2},"end":{"line":13,"column":5}},"1":{"start":{"line":11,"column":6},"end":{"line":11,"column":61}},"2":{"start":{"line":11,"column":34},"end":{"line":11,"column":59}}},"fnMap":{"0":{"name":"lazyImport","decl":{"start":{"line":4,"column":16},"end":{"line":4,"column":26}},"loc":{"start":{"line":8,"column":41},"end":{"line":14,"column":1}},"line":8},"1":{"name":"(anonymous_1)","decl":{"start":{"line":10,"column":23},"end":{"line":10,"column":24}},"loc":{"start":{"line":11,"column":6},"end":{"line":11,"column":61}},"line":11},"2":{"name":"(anonymous_2)","decl":{"start":{"line":11,"column":21},"end":{"line":11,"column":22}},"loc":{"start":{"line":11,"column":34},"end":{"line":11,"column":59}},"line":11}},"branchMap":{},"s":{"0":0,"1":0,"2":0},"f":{"0":0,"1":0,"2":0},"b":{}}
}
