TN:
SF:expo-env.d.ts
FNF:0
FNH:0
LF:0
LH:0
BRF:0
BRH:0
end_of_record
TN:
SF:jest.config.ts
FNF:0
FNH:0
DA:3,0
LF:1
LH:0
BRF:0
BRH:0
end_of_record
TN:
SF:src/__tests__/mock/renderApp.tsx
FN:12,(anonymous_0)
FNF:1
FNH:1
FNDA:1,(anonymous_0)
DA:12,1
DA:13,1
DA:15,1
LF:3
LH:3
BRF:0
BRH:0
end_of_record
TN:
SF:src/app/[...missing].tsx
FN:11,NotFoundScreen
FN:12,(anonymous_1)
FNF:2
FNH:0
FNDA:0,NotFoundScreen
FNDA:0,(anonymous_1)
DA:12,0
DA:13,0
DA:16,0
LF:3
LH:0
BRF:0
BRH:0
end_of_record
TN:
SF:src/app/_layout.tsx
FN:29,RootLayout
FN:39,(anonymous_1)
FN:43,(anonymous_2)
FN:56,RootLayoutNav
FNF:4
FNH:0
FNDA:0,RootLayout
FNDA:0,(anonymous_1)
FNDA:0,(anonymous_2)
FNDA:0,RootLayoutNav
DA:21,0
DA:27,0
DA:30,0
DA:39,0
DA:40,0
DA:43,0
DA:44,0
DA:45,0
DA:49,0
DA:50,0
DA:53,0
DA:57,0
DA:58,0
DA:59,0
LF:14
LH:0
BRDA:40,0,0,0
BRDA:40,0,1,0
BRDA:44,1,0,0
BRDA:44,1,1,0
BRDA:49,2,0,0
BRDA:49,2,1,0
BRDA:58,3,0,0
BRDA:58,3,1,0
BRF:8
BRH:0
end_of_record
TN:
SF:src/app/index.tsx
FN:4,(anonymous_0)
FNF:1
FNH:0
FNDA:0,(anonymous_0)
DA:4,0
DA:5,0
LF:2
LH:0
BRF:0
BRH:0
end_of_record
TN:
SF:src/app/modal.tsx
FN:4,ModalScreen
FNF:1
FNH:0
FNDA:0,ModalScreen
DA:5,0
DA:16,0
LF:2
LH:0
BRDA:11,0,0,0
BRDA:11,0,1,0
BRF:2
BRH:0
end_of_record
TN:
SF:src/app/(drawer)/_layout.tsx
FN:7,DrawerLayout
FN:18,(anonymous_1)
FNF:2
FNH:0
FNDA:0,DrawerLayout
FNDA:0,(anonymous_1)
DA:14,0
DA:16,0
DA:19,0
LF:3
LH:0
BRF:0
BRH:0
end_of_record
TN:
SF:src/app/(drawer)/(tabs)/_layout.tsx
FN:15,(anonymous_0)
FN:27,(anonymous_1)
FN:39,(anonymous_2)
FN:63,(anonymous_3)
FN:74,TabLayout
FN:75,(anonymous_5)
FN:84,(anonymous_6)
FNF:7
FNH:0
FNDA:0,(anonymous_0)
FNDA:0,(anonymous_1)
FNDA:0,(anonymous_2)
FNDA:0,(anonymous_3)
FNDA:0,TabLayout
FNDA:0,(anonymous_5)
FNDA:0,(anonymous_6)
DA:10,0
DA:11,0
DA:16,0
DA:28,0
DA:40,0
DA:64,0
DA:75,0
DA:77,0
DA:85,0
LF:9
LH:0
BRF:0
BRH:0
end_of_record
TN:
SF:src/app/(drawer)/(tabs)/discover/_layout.tsx
FN:26,DiscoverLayout
FN:38,(anonymous_1)
FN:42,(anonymous_2)
FN:60,(anonymous_3)
FNF:4
FNH:0
FNDA:0,DiscoverLayout
FNDA:0,(anonymous_1)
FNDA:0,(anonymous_2)
FNDA:0,(anonymous_3)
DA:22,0
DA:23,0
DA:24,0
DA:34,0
DA:36,0
DA:38,0
DA:42,0
DA:43,0
DA:60,0
DA:61,0
DA:92,0
LF:11
LH:0
BRF:0
BRH:0
end_of_record
TN:
SF:src/app/(drawer)/(tabs)/discover/index.tsx
FN:5,DiscoverScreen
FNF:1
FNH:0
FNDA:0,DiscoverScreen
DA:6,0
LF:1
LH:0
BRF:0
BRH:0
end_of_record
TN:
SF:src/app/(drawer)/(tabs)/game/_layout.tsx
FN:10,GameLayout
FN:19,(anonymous_1)
FNF:2
FNH:0
FNDA:0,GameLayout
FNDA:0,(anonymous_1)
DA:17,0
DA:19,0
DA:20,0
DA:33,0
LF:4
LH:0
BRF:0
BRH:0
end_of_record
TN:
SF:src/app/(drawer)/(tabs)/game/index.tsx
FN:7,HomeScreen
FNF:1
FNH:0
FNDA:0,HomeScreen
DA:8,0
LF:1
LH:0
BRF:0
BRH:0
end_of_record
TN:
SF:src/app/(drawer)/(tabs)/home/_layout.tsx
FN:10,HomeLayout
FN:19,(anonymous_1)
FNF:2
FNH:0
FNDA:0,HomeLayout
FNDA:0,(anonymous_1)
DA:17,0
DA:19,0
DA:20,0
DA:33,0
LF:4
LH:0
BRF:0
BRH:0
end_of_record
TN:
SF:src/app/(drawer)/(tabs)/home/index.tsx
FN:7,HomeScreen
FNF:1
FNH:0
FNDA:0,HomeScreen
DA:8,0
LF:1
LH:0
BRF:0
BRH:0
end_of_record
TN:
SF:src/app/(drawer)/(tabs)/showcase/_layout.tsx
FN:6,ShowcaseLayout
FN:7,(anonymous_1)
FNF:2
FNH:0
FNDA:0,ShowcaseLayout
FNDA:0,(anonymous_1)
DA:7,0
DA:8,0
DA:11,0
LF:3
LH:0
BRF:0
BRH:0
end_of_record
TN:
SF:src/app/(drawer)/(tabs)/showcase/index.tsx
FN:8,(anonymous_0)
FN:9,(anonymous_1)
FN:14,ShowcaseScreen
FNF:3
FNH:0
FNDA:0,(anonymous_0)
FNDA:0,(anonymous_1)
FNDA:0,ShowcaseScreen
DA:8,0
DA:9,0
DA:21,0
DA:22,0
LF:4
LH:0
BRF:0
BRH:0
end_of_record
TN:
SF:src/app/(drawer)/invites/_layout.tsx
FN:6,InvitesLayout
FN:7,(anonymous_1)
FNF:2
FNH:0
FNDA:0,InvitesLayout
FNDA:0,(anonymous_1)
DA:7,0
DA:8,0
DA:11,0
LF:3
LH:0
BRF:0
BRH:0
end_of_record
TN:
SF:src/app/(drawer)/invites/index.tsx
FN:7,InvitesScreen
FNF:1
FNH:0
FNDA:0,InvitesScreen
DA:8,0
LF:1
LH:0
BRF:0
BRH:0
end_of_record
TN:
SF:src/app/(drawer)/my-leaderboards/_layout.tsx
FN:6,MyLeaderBoardsLayout
FN:7,(anonymous_1)
FNF:2
FNH:0
FNDA:0,MyLeaderBoardsLayout
FNDA:0,(anonymous_1)
DA:7,0
DA:8,0
DA:11,0
LF:3
LH:0
BRF:0
BRH:0
end_of_record
TN:
SF:src/app/(drawer)/my-leaderboards/index.tsx
FN:7,MyLeaderBoardsScreen
FNF:1
FNH:0
FNDA:0,MyLeaderBoardsScreen
DA:8,0
LF:1
LH:0
BRF:0
BRH:0
end_of_record
TN:
SF:src/app/(drawer)/profile/_layout.tsx
FN:6,ProfileLayout
FN:7,(anonymous_1)
FNF:2
FNH:0
FNDA:0,ProfileLayout
FNDA:0,(anonymous_1)
DA:7,0
DA:8,0
DA:11,0
LF:3
LH:0
BRF:0
BRH:0
end_of_record
TN:
SF:src/app/(drawer)/profile/index.tsx
FN:7,ProfileScreen
FNF:1
FNH:0
FNDA:0,ProfileScreen
DA:8,0
LF:1
LH:0
BRF:0
BRH:0
end_of_record
TN:
SF:src/app/(drawer)/settings/_layout.tsx
FN:6,SettingsLayout
FN:7,(anonymous_1)
FNF:2
FNH:0
FNDA:0,SettingsLayout
FNDA:0,(anonymous_1)
DA:7,0
DA:8,0
DA:11,0
LF:3
LH:0
BRF:0
BRH:0
end_of_record
TN:
SF:src/app/(drawer)/settings/index.tsx
FN:7,SettingsScreen
FNF:1
FNH:0
FNDA:0,SettingsScreen
DA:8,0
LF:1
LH:0
BRF:0
BRH:0
end_of_record
TN:
SF:src/app/(drawer)/vault/_layout.tsx
FN:6,VaultLayout
FN:7,(anonymous_1)
FNF:2
FNH:0
FNDA:0,VaultLayout
FNDA:0,(anonymous_1)
DA:7,0
DA:8,0
DA:11,0
LF:3
LH:0
BRF:0
BRH:0
end_of_record
TN:
SF:src/app/(drawer)/vault/index.tsx
FN:7,VaultScreen
FNF:1
FNH:0
FNDA:0,VaultScreen
DA:8,0
LF:1
LH:0
BRF:0
BRH:0
end_of_record
TN:
SF:src/components/Avatar/Avatar.tsx
FN:11,(anonymous_0)
FNF:1
FNH:1
FNDA:1,(anonymous_0)
DA:11,1
DA:18,1
DA:19,1
LF:3
LH:3
BRF:0
BRH:0
end_of_record
TN:
SF:src/components/Avatar/index.ts
FNF:0
FNH:0
LF:0
LH:0
BRF:0
BRH:0
end_of_record
TN:
SF:src/components/Badge/Badge.tsx
FN:12,(anonymous_0)
FN:32,(anonymous_1)
FNF:2
FNH:0
FNDA:0,(anonymous_0)
FNDA:0,(anonymous_1)
DA:12,0
DA:18,0
DA:20,0
DA:22,0
DA:31,0
DA:42,0
LF:6
LH:0
BRDA:15,0,0,0
BRDA:20,1,0,0
BRDA:20,1,1,0
BRDA:51,2,0,0
BRDA:51,2,1,0
BRDA:54,3,0,0
BRDA:54,3,1,0
BRDA:60,4,0,0
BRDA:60,4,1,0
BRF:9
BRH:0
end_of_record
TN:
SF:src/components/Badge/index.ts
FNF:0
FNH:0
LF:0
LH:0
BRF:0
BRH:0
end_of_record
TN:
SF:src/components/BadgeDot/BadgeDot.tsx
FN:24,(anonymous_0)
FN:27,(anonymous_1)
FN:39,(anonymous_2)
FNF:3
FNH:0
FNDA:0,(anonymous_0)
FNDA:0,(anonymous_1)
FNDA:0,(anonymous_2)
DA:20,0
DA:21,0
DA:22,0
DA:24,0
DA:25,0
DA:27,0
DA:37,0
DA:39,0
DA:40,0
DA:41,0
DA:59,0
LF:11
LH:0
BRDA:24,0,0,0
BRDA:40,1,0,0
BRDA:40,1,1,0
BRF:3
BRH:0
end_of_record
TN:
SF:src/components/BadgeDot/index.ts
FNF:0
FNH:0
LF:0
LH:0
BRF:0
BRH:0
end_of_record
TN:
SF:src/components/BorderTopLight/BorderTopLight.tsx
FN:7,(anonymous_0)
FNF:1
FNH:0
FNDA:0,(anonymous_0)
DA:7,0
DA:8,0
LF:2
LH:0
BRF:0
BRH:0
end_of_record
TN:
SF:src/components/BorderTopLight/index.ts
FNF:0
FNH:0
LF:0
LH:0
BRF:0
BRH:0
end_of_record
TN:
SF:src/components/Button/Button.tsx
FN:77,(anonymous_0)
FN:101,(anonymous_1)
FN:105,(anonymous_2)
FN:110,(anonymous_3)
FN:116,(anonymous_4)
FN:127,(anonymous_5)
FNF:6
FNH:0
FNDA:0,(anonymous_0)
FNDA:0,(anonymous_1)
FNDA:0,(anonymous_2)
FNDA:0,(anonymous_3)
FNDA:0,(anonymous_4)
FNDA:0,(anonymous_5)
DA:71,0
DA:77,0
DA:93,0
DA:99,0
DA:101,0
DA:102,0
DA:105,0
DA:106,0
DA:107,0
DA:110,0
DA:111,0
DA:112,0
DA:115,0
DA:117,0
DA:118,0
DA:124,0
DA:126,0
DA:127,0
DA:134,0
DA:136,0
DA:190,0
LF:21
LH:0
BRDA:79,0,0,0
BRDA:80,1,0,0
BRDA:83,2,0,0
BRDA:102,3,0,0
BRDA:102,3,1,0
BRDA:117,4,0,0
BRDA:117,4,1,0
BRDA:117,5,0,0
BRDA:117,5,1,0
BRDA:145,6,0,0
BRDA:145,6,1,0
BRDA:146,7,0,0
BRDA:146,7,1,0
BRDA:154,8,0,0
BRDA:154,8,1,0
BRDA:158,9,0,0
BRDA:158,9,1,0
BRDA:176,10,0,0
BRDA:176,10,1,0
BRF:19
BRH:0
end_of_record
TN:
SF:src/components/Button/index.ts
FNF:0
FNH:0
LF:0
LH:0
BRF:0
BRH:0
end_of_record
TN:
SF:src/components/Button/theme.ts
FN:8,(anonymous_0)
FNF:1
FNH:0
FNDA:0,(anonymous_0)
DA:8,0
DA:32,0
DA:34,0
DA:170,0
DA:206,0
DA:224,0
LF:6
LH:0
BRF:0
BRH:0
end_of_record
TN:
SF:src/components/Button/types.ts
FNF:0
FNH:0
LF:0
LH:0
BRF:0
BRH:0
end_of_record
TN:
SF:src/components/DrawerContentCustom/DrawerContentCustom.tsx
FN:13,(anonymous_0)
FNF:1
FNH:0
FNDA:0,(anonymous_0)
DA:13,0
DA:24,0
DA:25,0
DA:27,0
LF:4
LH:0
BRF:0
BRH:0
end_of_record
TN:
SF:src/components/DrawerContentCustom/index.ts
FNF:0
FNH:0
LF:0
LH:0
BRF:0
BRH:0
end_of_record
TN:
SF:src/components/EmptyState/EmptyState.tsx
FN:14,(anonymous_0)
FNF:1
FNH:0
FNDA:0,(anonymous_0)
DA:14,0
DA:28,0
DA:30,0
LF:3
LH:0
BRDA:63,0,0,0
BRDA:63,0,1,0
BRF:2
BRH:0
end_of_record
TN:
SF:src/components/EmptyState/index.ts
FNF:0
FNH:0
LF:0
LH:0
BRF:0
BRH:0
end_of_record
TN:
SF:src/components/Form/index.ts
FNF:0
FNH:0
LF:0
LH:0
BRF:0
BRH:0
end_of_record
TN:
SF:src/components/Form/BottomBorder/BottomBorder.tsx
FN:15,(anonymous_0)
FN:38,(anonymous_1)
FNF:2
FNH:0
FNDA:0,(anonymous_0)
FNDA:0,(anonymous_1)
DA:15,0
DA:21,0
DA:22,0
DA:37,0
DA:48,0
LF:5
LH:0
BRDA:16,0,0,0
BRDA:17,1,0,0
BRDA:29,2,0,0
BRDA:29,2,1,0
BRDA:64,3,0,0
BRDA:64,3,1,0
BRDA:65,4,0,0
BRDA:65,4,1,0
BRF:8
BRH:0
end_of_record
TN:
SF:src/components/Form/BottomBorder/index.ts
FNF:0
FNH:0
LF:0
LH:0
BRF:0
BRH:0
end_of_record
TN:
SF:src/components/Form/Checkbox/Checkbox.tsx
FN:20,(anonymous_0)
FN:42,(anonymous_1)
FN:86,(anonymous_2)
FNF:3
FNH:0
FNDA:0,(anonymous_0)
FNDA:0,(anonymous_1)
FNDA:0,(anonymous_2)
DA:20,0
DA:30,0
DA:31,0
DA:38,0
DA:40,0
DA:42,0
DA:43,0
DA:44,0
DA:47,0
DA:85,0
DA:99,0
LF:11
LH:0
BRDA:21,0,0,0
BRDA:22,1,0,0
BRDA:26,2,0,0
BRDA:43,3,0,0
BRDA:43,3,1,0
BRDA:56,4,0,0
BRDA:56,4,1,0
BRDA:64,5,0,0
BRDA:64,5,1,0
BRDA:65,6,0,0
BRDA:65,6,1,0
BRDA:67,7,0,0
BRDA:67,7,1,0
BRDA:107,8,0,0
BRDA:107,8,1,0
BRDA:110,9,0,0
BRDA:110,9,1,0
BRDA:112,10,0,0
BRDA:112,10,1,0
BRDA:117,11,0,0
BRDA:117,11,1,0
BRDA:128,12,0,0
BRDA:128,12,1,0
BRF:23
BRH:0
end_of_record
TN:
SF:src/components/Form/Checkbox/index.ts
FNF:0
FNH:0
LF:0
LH:0
BRF:0
BRH:0
end_of_record
TN:
SF:src/components/Form/CodeInput/CodeInput.tsx
FN:29,(anonymous_0)
FN:54,(anonymous_1)
FN:107,(anonymous_2)
FN:116,(anonymous_3)
FNF:4
FNH:0
FNDA:0,(anonymous_0)
FNDA:0,(anonymous_1)
FNDA:0,(anonymous_2)
FNDA:0,(anonymous_3)
DA:17,0
DA:18,0
DA:29,0
DA:44,0
DA:46,0
DA:48,0
DA:49,0
DA:54,0
DA:55,0
DA:57,0
DA:58,0
DA:68,0
DA:69,0
DA:72,0
DA:95,0
DA:108,0
DA:109,0
DA:115,0
DA:124,0
LF:19
LH:0
BRDA:34,0,0,0
BRDA:35,1,0,0
BRDA:57,2,0,0
BRDA:57,2,1,0
BRDA:58,3,0,0
BRDA:58,3,1,0
BRDA:68,4,0,0
BRDA:68,4,1,0
BRDA:77,5,0,0
BRDA:77,5,1,0
BRDA:84,6,0,0
BRDA:84,6,1,0
BRDA:89,7,0,0
BRDA:89,7,1,0
BRDA:89,8,0,0
BRDA:89,8,1,0
BRDA:108,9,0,0
BRDA:108,9,1,0
BRDA:131,10,0,0
BRDA:131,10,1,0
BRF:20
BRH:0
end_of_record
TN:
SF:src/components/Form/CodeInput/index.ts
FNF:0
FNH:0
LF:0
LH:0
BRF:0
BRH:0
end_of_record
TN:
SF:src/components/Form/Description/Description.tsx
FN:8,(anonymous_0)
FNF:1
FNH:0
FNDA:0,(anonymous_0)
DA:8,0
DA:9,0
DA:10,0
LF:3
LH:0
BRDA:9,0,0,0
BRDA:9,0,1,0
BRF:2
BRH:0
end_of_record
TN:
SF:src/components/Form/Description/index.ts
FNF:0
FNH:0
LF:0
LH:0
BRF:0
BRH:0
end_of_record
TN:
SF:src/components/Form/HelperText/HelperText.tsx
FN:11,(anonymous_0)
FNF:1
FNH:0
FNDA:0,(anonymous_0)
DA:11,0
DA:19,0
DA:21,0
DA:23,0
LF:4
LH:0
BRDA:21,0,0,0
BRDA:21,0,1,0
BRDA:25,1,0,0
BRDA:25,1,1,0
BRDA:26,2,0,0
BRDA:26,2,1,0
BRDA:27,3,0,0
BRDA:27,3,1,0
BRF:8
BRH:0
end_of_record
TN:
SF:src/components/Form/HelperText/index.ts
FNF:0
FNH:0
LF:0
LH:0
BRF:0
BRH:0
end_of_record
TN:
SF:src/components/Form/Input/Input.tsx
FN:20,(anonymous_0)
FN:47,(anonymous_1)
FN:53,(anonymous_2)
FN:59,(anonymous_3)
FN:63,(anonymous_4)
FN:67,(anonymous_5)
FN:126,(anonymous_6)
FNF:7
FNH:0
FNDA:0,(anonymous_0)
FNDA:0,(anonymous_1)
FNDA:0,(anonymous_2)
FNDA:0,(anonymous_3)
FNDA:0,(anonymous_4)
FNDA:0,(anonymous_5)
FNDA:0,(anonymous_6)
DA:20,0
DA:40,0
DA:42,0
DA:43,0
DA:44,0
DA:45,0
DA:47,0
DA:48,0
DA:49,0
DA:53,0
DA:54,0
DA:55,0
DA:59,0
DA:63,0
DA:64,0
DA:67,0
DA:68,0
DA:71,0
DA:72,0
DA:74,0
DA:125,0
DA:138,0
LF:22
LH:0
BRDA:29,0,0,0
BRDA:48,1,0,0
BRDA:48,1,1,0
BRDA:54,2,0,0
BRDA:54,2,1,0
BRDA:68,3,0,0
BRDA:68,3,1,0
BRDA:71,4,0,0
BRDA:71,4,1,0
BRDA:72,5,0,0
BRDA:72,5,1,0
BRDA:84,6,0,0
BRDA:84,6,1,0
BRDA:98,7,0,0
BRDA:98,7,1,0
BRDA:111,8,0,0
BRDA:111,8,1,0
BRDA:148,9,0,0
BRDA:148,9,1,0
BRDA:149,10,0,0
BRDA:149,10,1,0
BRDA:151,11,0,0
BRDA:151,11,1,0
BRDA:169,12,0,0
BRDA:169,12,1,0
BRF:25
BRH:0
end_of_record
TN:
SF:src/components/Form/Input/index.ts
FNF:0
FNH:0
LF:0
LH:0
BRF:0
BRH:0
end_of_record
TN:
SF:src/components/Form/Input/types.ts
FNF:0
FNH:0
LF:0
LH:0
BRF:0
BRH:0
end_of_record
TN:
SF:src/components/Form/InputAdornment/InputAdornment.tsx
FN:14,(anonymous_0)
FNF:1
FNH:0
FNDA:0,(anonymous_0)
DA:14,0
DA:24,0
DA:26,0
DA:28,0
LF:4
LH:0
BRDA:26,0,0,0
BRDA:26,0,1,0
BRF:2
BRH:0
end_of_record
TN:
SF:src/components/Form/InputAdornment/index.ts
FNF:0
FNH:0
LF:0
LH:0
BRF:0
BRH:0
end_of_record
TN:
SF:src/components/Form/InputSearch/InputSearch.tsx
FN:14,(anonymous_0)
FN:15,(anonymous_1)
FN:17,(anonymous_2)
FN:22,(anonymous_3)
FN:23,(anonymous_4)
FN:28,(anonymous_5)
FN:33,(anonymous_6)
FN:37,(anonymous_7)
FN:44,(anonymous_8)
FN:48,(anonymous_9)
FN:63,(anonymous_10)
FN:82,(anonymous_11)
FNF:12
FNH:0
FNDA:0,(anonymous_0)
FNDA:0,(anonymous_1)
FNDA:0,(anonymous_2)
FNDA:0,(anonymous_3)
FNDA:0,(anonymous_4)
FNDA:0,(anonymous_5)
FNDA:0,(anonymous_6)
FNDA:0,(anonymous_7)
FNDA:0,(anonymous_8)
FNDA:0,(anonymous_9)
FNDA:0,(anonymous_10)
FNDA:0,(anonymous_11)
DA:14,0
DA:15,0
DA:17,0
DA:18,0
DA:19,0
DA:20,0
DA:22,0
DA:23,0
DA:24,0
DA:28,0
DA:33,0
DA:34,0
DA:35,0
DA:36,0
DA:38,0
DA:44,0
DA:45,0
DA:48,0
DA:49,0
DA:50,0
DA:51,0
DA:52,0
DA:54,0
DA:55,0
DA:56,0
DA:57,0
DA:58,0
DA:61,0
DA:63,0
DA:64,0
DA:65,0
DA:67,0
DA:69,0
DA:71,0
DA:76,0
DA:82,0
LF:36
LH:0
BRDA:49,0,0,0
BRDA:49,0,1,0
BRDA:64,1,0,0
BRDA:64,1,1,0
BRDA:65,2,0,0
BRDA:65,2,1,0
BRDA:65,2,2,0
BRF:7
BRH:0
end_of_record
TN:
SF:src/components/Form/InputSearch/index.ts
FNF:0
FNH:0
LF:0
LH:0
BRF:0
BRH:0
end_of_record
TN:
SF:src/components/Form/InputWithLabel/InputWithLabel.tsx
FN:15,(anonymous_0)
FN:34,(anonymous_1)
FNF:2
FNH:0
FNDA:0,(anonymous_0)
FNDA:0,(anonymous_1)
DA:15,0
DA:34,0
DA:35,0
DA:61,0
LF:4
LH:0
BRDA:16,0,0,0
BRDA:17,1,0,0
BRDA:28,2,0,0
BRDA:30,3,0,0
BRDA:35,4,0,0
BRDA:35,4,1,0
BRF:6
BRH:0
end_of_record
TN:
SF:src/components/Form/InputWithLabel/index.ts
FNF:0
FNH:0
LF:0
LH:0
BRF:0
BRH:0
end_of_record
TN:
SF:src/components/Form/Label/Label.tsx
FN:10,(anonymous_0)
FNF:1
FNH:0
FNDA:0,(anonymous_0)
DA:10,0
DA:17,0
DA:19,0
DA:21,0
LF:4
LH:0
BRDA:19,0,0,0
BRDA:19,0,1,0
BRF:2
BRH:0
end_of_record
TN:
SF:src/components/Form/Label/index.ts
FNF:0
FNH:0
LF:0
LH:0
BRF:0
BRH:0
end_of_record
TN:
SF:src/components/Form/Switch/Switch.tsx
FN:17,(anonymous_0)
FN:57,(anonymous_1)
FNF:2
FNH:0
FNDA:0,(anonymous_0)
FNDA:0,(anonymous_1)
DA:17,0
DA:32,0
DA:34,0
DA:36,0
DA:58,0
LF:5
LH:0
BRDA:38,0,0,0
BRDA:38,0,1,0
BRDA:49,1,0,0
BRDA:49,1,1,0
BRDA:51,2,0,0
BRDA:51,2,1,0
BRF:6
BRH:0
end_of_record
TN:
SF:src/components/Form/Switch/index.ts
FNF:0
FNH:0
LF:0
LH:0
BRF:0
BRH:0
end_of_record
TN:
SF:src/components/HeaderCustom/HeaderButton.tsx
FN:9,(anonymous_0)
FNF:1
FNH:0
FNDA:0,(anonymous_0)
DA:9,0
DA:14,0
LF:2
LH:0
BRF:0
BRH:0
end_of_record
TN:
SF:src/components/HeaderCustom/HeaderCustom.tsx
FN:28,(anonymous_0)
FN:47,(anonymous_1)
FNF:2
FNH:0
FNDA:0,(anonymous_0)
FNDA:0,(anonymous_1)
DA:23,0
DA:28,0
DA:45,0
DA:47,0
DA:48,0
DA:49,0
DA:60,0
DA:63,0
DA:65,0
LF:9
LH:0
BRDA:33,0,0,0
BRDA:48,1,0,0
BRDA:48,1,1,0
BRDA:78,2,0,0
BRDA:78,2,1,0
BRDA:80,3,0,0
BRDA:80,3,1,0
BRDA:81,4,0,0
BRDA:81,4,1,0
BRF:9
BRH:0
end_of_record
TN:
SF:src/components/HeaderCustom/index.ts
FNF:0
FNH:0
LF:0
LH:0
BRF:0
BRH:0
end_of_record
TN:
SF:src/components/Icons/index.ts
FNF:0
FNH:0
LF:0
LH:0
BRF:0
BRH:0
end_of_record
TN:
SF:src/components/Icons/AnimatedIcons/Svg.tsx
FN:6,(anonymous_0)
FNF:1
FNH:0
FNDA:0,(anonymous_0)
DA:6,0
DA:12,0
LF:2
LH:0
BRDA:8,0,0,0
BRDA:9,1,0,0
BRDA:10,2,0,0
BRF:3
BRH:0
end_of_record
TN:
SF:src/components/Icons/AnimatedIcons/index.ts
FNF:0
FNH:0
LF:0
LH:0
BRF:0
BRH:0
end_of_record
TN:
SF:src/components/Layout/Box.tsx
FN:13,(anonymous_0)
FNF:1
FNH:1
FNDA:1,(anonymous_0)
DA:6,1
DA:13,1
LF:2
LH:2
BRDA:13,0,0,1
BRDA:13,0,1,0
BRF:2
BRH:1
end_of_record
TN:
SF:src/components/Layout/HStack.tsx
FNF:0
FNH:0
DA:6,1
LF:1
LH:1
BRF:0
BRH:0
end_of_record
TN:
SF:src/components/Layout/VStack.tsx
FNF:0
FNH:0
DA:6,1
LF:1
LH:1
BRF:0
BRH:0
end_of_record
TN:
SF:src/components/Layout/index.ts
FNF:0
FNH:0
LF:0
LH:0
BRF:0
BRH:0
end_of_record
TN:
SF:src/components/Layout/types.ts
FNF:0
FNH:0
LF:0
LH:0
BRF:0
BRH:0
end_of_record
TN:
SF:src/components/Logo/Logo.tsx
FN:12,(anonymous_0)
FNF:1
FNH:0
FNDA:0,(anonymous_0)
DA:7,0
DA:10,0
DA:12,0
DA:13,0
LF:4
LH:0
BRF:0
BRH:0
end_of_record
TN:
SF:src/components/Logo/index.ts
FNF:0
FNH:0
LF:0
LH:0
BRF:0
BRH:0
end_of_record
TN:
SF:src/components/Modal/Modal.tsx
FN:33,(anonymous_0)
FN:41,(anonymous_1)
FN:47,(anonymous_2)
FN:55,(anonymous_3)
FN:65,(anonymous_4)
FN:99,(anonymous_5)
FNF:6
FNH:0
FNDA:0,(anonymous_0)
FNDA:0,(anonymous_1)
FNDA:0,(anonymous_2)
FNDA:0,(anonymous_3)
FNDA:0,(anonymous_4)
FNDA:0,(anonymous_5)
DA:29,0
DA:37,0
DA:38,0
DA:40,0
DA:42,0
DA:47,0
DA:48,0
DA:51,0
DA:54,0
DA:56,0
DA:65,0
DA:67,0
DA:98,0
DA:104,0
LF:14
LH:0
BRDA:78,0,0,0
BRDA:78,0,1,0
BRF:2
BRH:0
end_of_record
TN:
SF:src/components/Modal/ModalContent.tsx
FN:8,(anonymous_0)
FNF:1
FNH:0
FNDA:0,(anonymous_0)
DA:8,0
DA:9,0
LF:2
LH:0
BRF:0
BRH:0
end_of_record
TN:
SF:src/components/Modal/ModalFooter.tsx
FN:8,(anonymous_0)
FNF:1
FNH:0
FNDA:0,(anonymous_0)
DA:8,0
DA:9,0
LF:2
LH:0
BRF:0
BRH:0
end_of_record
TN:
SF:src/components/Modal/ModalHeader.tsx
FN:15,(anonymous_0)
FNF:1
FNH:0
FNDA:0,(anonymous_0)
DA:15,0
DA:23,0
DA:24,0
LF:3
LH:0
BRDA:35,0,0,0
BRDA:35,0,1,0
BRDA:47,1,0,0
BRDA:47,1,1,0
BRF:4
BRH:0
end_of_record
TN:
SF:src/components/Modal/index.ts
FNF:0
FNH:0
LF:0
LH:0
BRF:0
BRH:0
end_of_record
TN:
SF:src/components/Modal/types.ts
FNF:0
FNH:0
LF:0
LH:0
BRF:0
BRH:0
end_of_record
TN:
SF:src/components/Popover/Popover.tsx
FN:15,(anonymous_0)
FN:34,(anonymous_1)
FN:43,(anonymous_2)
FN:52,(anonymous_3)
FNF:4
FNH:0
FNDA:0,(anonymous_0)
FNDA:0,(anonymous_1)
FNDA:0,(anonymous_2)
FNDA:0,(anonymous_3)
DA:15,0
DA:16,0
DA:17,0
DA:18,0
DA:19,0
DA:34,0
DA:43,0
DA:51,0
DA:57,0
LF:9
LH:0
BRF:0
BRH:0
end_of_record
TN:
SF:src/components/Popover/index.ts
FNF:0
FNH:0
LF:0
LH:0
BRF:0
BRH:0
end_of_record
TN:
SF:src/components/ScreenContainer/ScreenContainer.tsx
FN:15,(anonymous_0)
FNF:1
FNH:0
FNDA:0,(anonymous_0)
DA:15,0
DA:26,0
DA:28,0
LF:3
LH:0
BRDA:16,0,0,0
BRDA:38,1,0,0
BRDA:38,1,1,0
BRF:3
BRH:0
end_of_record
TN:
SF:src/components/ScreenContainer/index.ts
FNF:0
FNH:0
LF:0
LH:0
BRF:0
BRH:0
end_of_record
TN:
SF:src/components/Skeleton/Skeleton.tsx
FN:6,(anonymous_0)
FNF:1
FNH:0
FNDA:0,(anonymous_0)
DA:6,0
DA:7,0
LF:2
LH:0
BRF:0
BRH:0
end_of_record
TN:
SF:src/components/Skeleton/index.ts
FNF:0
FNH:0
LF:0
LH:0
BRF:0
BRH:0
end_of_record
TN:
SF:src/components/TabBar/TabBar.tsx
FN:23,(anonymous_0)
FN:26,(anonymous_1)
FN:48,(anonymous_2)
FN:77,(anonymous_3)
FNF:4
FNH:0
FNDA:0,(anonymous_0)
FNDA:0,(anonymous_1)
FNDA:0,(anonymous_2)
FNDA:0,(anonymous_3)
DA:21,0
DA:23,0
DA:24,0
DA:25,0
DA:26,0
DA:42,0
DA:44,0
DA:46,0
DA:48,0
DA:49,0
DA:50,0
DA:60,0
DA:78,0
LF:13
LH:0
BRDA:49,0,0,0
BRDA:49,0,1,0
BRF:2
BRH:0
end_of_record
TN:
SF:src/components/TabBar/TabItem.tsx
FN:37,(anonymous_0)
FN:48,(anonymous_1)
FN:71,(anonymous_2)
FN:76,(anonymous_3)
FN:88,(anonymous_4)
FN:94,(anonymous_5)
FN:107,(anonymous_6)
FNF:7
FNH:0
FNDA:0,(anonymous_0)
FNDA:0,(anonymous_1)
FNDA:0,(anonymous_2)
FNDA:0,(anonymous_3)
FNDA:0,(anonymous_4)
FNDA:0,(anonymous_5)
FNDA:0,(anonymous_6)
DA:34,0
DA:36,0
DA:38,0
DA:39,0
DA:41,0
DA:42,0
DA:48,0
DA:61,0
DA:63,0
DA:65,0
DA:67,0
DA:69,0
DA:71,0
DA:75,0
DA:76,0
DA:88,0
DA:89,0
DA:94,0
DA:95,0
DA:101,0
DA:103,0
DA:107,0
DA:108,0
DA:114,0
LF:24
LH:0
BRDA:38,0,0,0
BRDA:38,0,1,0
BRDA:41,1,0,0
BRDA:41,1,1,0
BRDA:65,2,0,0
BRDA:65,2,1,0
BRDA:65,2,2,0
BRDA:77,3,0,0
BRDA:77,3,1,0
BRDA:80,4,0,0
BRDA:80,4,1,0
BRDA:89,5,0,0
BRDA:89,5,1,0
BRDA:101,6,0,0
BRDA:101,6,1,0
BRDA:101,7,0,0
BRDA:101,7,1,0
BRDA:141,8,0,0
BRDA:141,8,1,0
BRF:19
BRH:0
end_of_record
TN:
SF:src/components/TabBar/index.ts
FNF:0
FNH:0
LF:0
LH:0
BRF:0
BRH:0
end_of_record
TN:
SF:src/components/Tabs/Tabs.tsx
FN:38,(anonymous_0)
FN:64,(anonymous_1)
FN:68,(anonymous_2)
FN:75,(anonymous_3)
FN:103,(anonymous_4)
FN:114,(anonymous_5)
FNF:6
FNH:0
FNDA:0,(anonymous_0)
FNDA:0,(anonymous_1)
FNDA:0,(anonymous_2)
FNDA:0,(anonymous_3)
FNDA:0,(anonymous_4)
FNDA:0,(anonymous_5)
DA:38,0
DA:60,0
DA:62,0
DA:64,0
DA:65,0
DA:68,0
DA:69,0
DA:70,0
DA:73,0
DA:75,0
DA:79,0
DA:103,0
DA:104,0
DA:105,0
DA:107,0
DA:114,0
DA:115,0
DA:126,0
DA:139,0
LF:19
LH:0
BRDA:41,0,0,0
BRDA:42,1,0,0
BRDA:43,2,0,0
BRDA:49,3,0,0
BRDA:73,4,0,0
BRDA:73,4,1,0
BRDA:85,5,0,0
BRDA:85,5,1,0
BRDA:91,6,0,0
BRDA:91,6,1,0
BRDA:104,7,0,0
BRDA:104,7,1,0
BRDA:108,8,0,0
BRDA:108,8,1,0
BRF:14
BRH:0
end_of_record
TN:
SF:src/components/Tabs/index.ts
FNF:0
FNH:0
LF:0
LH:0
BRF:0
BRH:0
end_of_record
TN:
SF:src/components/Tabs/theme.ts
FN:13,(anonymous_0)
FNF:1
FNH:0
FNDA:0,(anonymous_0)
DA:13,0
DA:33,0
DA:34,0
LF:3
LH:0
BRF:0
BRH:0
end_of_record
TN:
SF:src/components/Tabs/types.ts
FNF:0
FNH:0
LF:0
LH:0
BRF:0
BRH:0
end_of_record
TN:
SF:src/components/Text/Text.tsx
FN:42,(anonymous_0)
FNF:1
FNH:0
FNDA:0,(anonymous_0)
DA:41,0
DA:61,0
DA:63,0
DA:67,0
DA:69,0
LF:5
LH:0
BRDA:44,0,0,0
BRDA:45,1,0,0
BRDA:46,2,0,0
BRDA:49,3,0,0
BRDA:67,4,0,0
BRDA:67,4,1,0
BRDA:77,5,0,0
BRDA:77,5,1,0
BRF:8
BRH:0
end_of_record
TN:
SF:src/components/Text/index.ts
FNF:0
FNH:0
LF:0
LH:0
BRF:0
BRH:0
end_of_record
TN:
SF:src/components/Text/theme.ts
FNF:0
FNH:0
DA:9,0
DA:19,0
DA:29,0
LF:3
LH:0
BRF:0
BRH:0
end_of_record
TN:
SF:src/components/Text/types.ts
FNF:0
FNH:0
LF:0
LH:0
BRF:0
BRH:0
end_of_record
TN:
SF:src/components/UserNav/NavItem.tsx
FN:20,(anonymous_0)
FN:36,(anonymous_1)
FNF:2
FNH:0
FNDA:0,(anonymous_0)
FNDA:0,(anonymous_1)
DA:20,0
DA:34,0
DA:36,0
DA:37,0
DA:44,0
DA:46,0
LF:6
LH:0
BRDA:44,0,0,0
BRDA:44,0,1,0
BRDA:47,1,0,0
BRDA:47,1,1,0
BRDA:54,2,0,0
BRDA:54,2,1,0
BRF:6
BRH:0
end_of_record
TN:
SF:src/components/UserNav/UserNav.tsx
FN:56,(anonymous_0)
FN:177,(anonymous_1)
FN:185,(anonymous_2)
FNF:3
FNH:0
FNDA:0,(anonymous_0)
FNDA:0,(anonymous_1)
FNDA:0,(anonymous_2)
DA:27,0
DA:56,0
DA:66,0
DA:68,0
DA:178,0
DA:185,0
LF:6
LH:0
BRF:0
BRH:0
end_of_record
TN:
SF:src/components/UserNav/index.ts
FNF:0
FNH:0
LF:0
LH:0
BRF:0
BRH:0
end_of_record
TN:
SF:src/config/index.ts
FNF:0
FNH:0
DA:1,0
DA:2,0
LF:2
LH:0
BRF:0
BRH:0
end_of_record
TN:
SF:src/config/theme.ts
FNF:0
FNH:0
DA:3,1
LF:1
LH:1
BRF:0
BRH:0
end_of_record
TN:
SF:src/constants/index.ts
FNF:0
FNH:0
DA:1,0
DA:2,0
DA:3,0
DA:4,0
LF:4
LH:0
BRF:0
BRH:0
end_of_record
TN:
SF:src/features/showcase/index.ts
FNF:0
FNH:0
LF:0
LH:0
BRF:0
BRH:0
end_of_record
TN:
SF:src/features/showcase/components/index.ts
FNF:0
FNH:0
LF:0
LH:0
BRF:0
BRH:0
end_of_record
TN:
SF:src/features/showcase/components/SectionComponent/SectionComponent.tsx
FN:9,(anonymous_0)
FNF:1
FNH:0
FNDA:0,(anonymous_0)
DA:9,0
DA:13,0
LF:2
LH:0
BRF:0
BRH:0
end_of_record
TN:
SF:src/features/showcase/components/SectionComponent/index.ts
FNF:0
FNH:0
LF:0
LH:0
BRF:0
BRH:0
end_of_record
TN:
SF:src/features/showcase/routes/index.ts
FNF:0
FNH:0
LF:0
LH:0
BRF:0
BRH:0
end_of_record
TN:
SF:src/features/showcase/routes/Showcase/Showcase.tsx
FN:33,(anonymous_0)
FN:42,(anonymous_1)
FN:50,(anonymous_2)
FN:58,(anonymous_3)
FN:66,(anonymous_4)
FN:74,(anonymous_5)
FN:139,(anonymous_6)
FN:217,(anonymous_7)
FN:285,(anonymous_8)
FN:289,(anonymous_9)
FN:299,(anonymous_10)
FN:309,(anonymous_11)
FN:317,(anonymous_12)
FN:391,(anonymous_13)
FN:528,(anonymous_14)
FN:537,(anonymous_15)
FN:548,(anonymous_16)
FNF:17
FNH:0
FNDA:0,(anonymous_0)
FNDA:0,(anonymous_1)
FNDA:0,(anonymous_2)
FNDA:0,(anonymous_3)
FNDA:0,(anonymous_4)
FNDA:0,(anonymous_5)
FNDA:0,(anonymous_6)
FNDA:0,(anonymous_7)
FNDA:0,(anonymous_8)
FNDA:0,(anonymous_9)
FNDA:0,(anonymous_10)
FNDA:0,(anonymous_11)
FNDA:0,(anonymous_12)
FNDA:0,(anonymous_13)
FNDA:0,(anonymous_14)
FNDA:0,(anonymous_15)
FNDA:0,(anonymous_16)
DA:29,0
DA:34,0
DA:43,0
DA:51,0
DA:59,0
DA:67,0
DA:74,0
DA:75,0
DA:76,0
DA:77,0
DA:85,0
DA:86,0
DA:92,0
DA:109,0
DA:139,0
DA:217,0
DA:285,0
DA:289,0
DA:299,0
DA:309,0
DA:317,0
DA:392,0
DA:528,0
DA:537,0
DA:548,0
LF:25
LH:0
BRF:0
BRH:0
end_of_record
TN:
SF:src/features/showcase/routes/Showcase/index.ts
FNF:0
FNH:0
LF:0
LH:0
BRF:0
BRH:0
end_of_record
TN:
SF:src/features/showcase/types/index.ts
FNF:0
FNH:0
LF:0
LH:0
BRF:0
BRH:0
end_of_record
TN:
SF:src/hooks/index.ts
FNF:0
FNH:0
LF:0
LH:0
BRF:0
BRH:0
end_of_record
TN:
SF:src/hooks/useBackHandler.ts
FN:4,useBackHandler
FN:5,(anonymous_1)
FN:8,(anonymous_2)
FNF:3
FNH:0
FNDA:0,useBackHandler
FNDA:0,(anonymous_1)
FNDA:0,(anonymous_2)
DA:5,0
DA:6,0
DA:8,0
LF:3
LH:0
BRF:0
BRH:0
end_of_record
TN:
SF:src/hooks/useBehaviorState.tsx
FN:41,(anonymous_0)
FN:49,(anonymous_1)
FN:57,(anonymous_2)
FN:65,(anonymous_3)
FN:73,(anonymous_4)
FN:81,(anonymous_5)
FN:89,(anonymous_6)
FNF:7
FNH:0
FNDA:0,(anonymous_0)
FNDA:0,(anonymous_1)
FNDA:0,(anonymous_2)
FNDA:0,(anonymous_3)
FNDA:0,(anonymous_4)
FNDA:0,(anonymous_5)
FNDA:0,(anonymous_6)
DA:41,0
DA:44,0
DA:49,0
DA:50,0
DA:51,0
DA:57,0
DA:58,0
DA:59,0
DA:65,0
DA:66,0
DA:67,0
DA:73,0
DA:74,0
DA:75,0
DA:81,0
DA:82,0
DA:83,0
DA:89,0
DA:90,0
DA:91,0
DA:94,0
LF:21
LH:0
BRDA:41,0,0,0
BRF:1
BRH:0
end_of_record
TN:
SF:src/hooks/useKeyboard.tsx
FN:20,useKeyboard
FN:28,(anonymous_1)
FN:31,(anonymous_2)
FN:36,(anonymous_3)
FN:39,(anonymous_4)
FN:49,(anonymous_5)
FN:57,(anonymous_6)
FN:58,(anonymous_7)
FNF:8
FNH:0
FNDA:0,useKeyboard
FNDA:0,(anonymous_1)
FNDA:0,(anonymous_2)
FNDA:0,(anonymous_3)
FNDA:0,(anonymous_4)
FNDA:0,(anonymous_5)
FNDA:0,(anonymous_6)
FNDA:0,(anonymous_7)
DA:9,0
DA:15,0
DA:21,0
DA:22,0
DA:26,0
DA:28,0
DA:29,0
DA:31,0
DA:32,0
DA:33,0
DA:34,0
DA:36,0
DA:37,0
DA:39,0
DA:40,0
DA:41,0
DA:42,0
DA:44,0
DA:45,0
DA:49,0
DA:50,0
DA:57,0
DA:58,0
DA:62,0
LF:24
LH:0
BRDA:41,0,0,0
BRDA:41,0,1,0
BRF:2
BRH:0
end_of_record
TN:
SF:src/hooks/useModal.tsx
FN:4,(anonymous_0)
FN:7,(anonymous_1)
FN:11,(anonymous_2)
FN:15,(anonymous_3)
FNF:4
FNH:0
FNDA:0,(anonymous_0)
FNDA:0,(anonymous_1)
FNDA:0,(anonymous_2)
FNDA:0,(anonymous_3)
DA:4,0
DA:5,0
DA:7,0
DA:8,0
DA:11,0
DA:12,0
DA:15,0
DA:16,0
DA:19,0
LF:9
LH:0
BRF:0
BRH:0
end_of_record
TN:
SF:src/hooks/useModalAlert.tsx
FN:41,(anonymous_0)
FN:59,(anonymous_1)
FN:74,(anonymous_2)
FN:79,(anonymous_3)
FN:80,(anonymous_4)
FN:101,(anonymous_5)
FN:123,(anonymous_6)
FNF:7
FNH:0
FNDA:0,(anonymous_0)
FNDA:0,(anonymous_1)
FNDA:0,(anonymous_2)
FNDA:0,(anonymous_3)
FNDA:0,(anonymous_4)
FNDA:0,(anonymous_5)
FNDA:0,(anonymous_6)
DA:36,0
DA:41,0
DA:48,0
DA:57,0
DA:59,0
DA:60,0
DA:62,0
DA:64,0
DA:66,0
DA:68,0
DA:70,0
DA:74,0
DA:75,0
DA:76,0
DA:78,0
DA:80,0
DA:81,0
DA:82,0
DA:83,0
DA:86,0
DA:101,0
DA:102,0
DA:103,0
DA:105,0
DA:123,0
DA:124,0
DA:151,0
LF:27
LH:0
BRDA:44,0,0,0
BRDA:45,1,0,0
BRDA:60,2,0,0
BRDA:60,2,1,0
BRDA:60,2,2,0
BRDA:60,2,3,0
BRDA:60,2,4,0
BRDA:75,3,0,0
BRDA:75,3,1,0
BRDA:81,4,0,0
BRDA:81,4,1,0
BRDA:82,5,0,0
BRDA:82,5,1,0
BRDA:102,6,0,0
BRDA:102,6,1,0
BRF:15
BRH:0
end_of_record
TN:
SF:src/hooks/usePlatform.tsx
FN:24,(anonymous_0)
FNF:1
FNH:0
FNDA:0,(anonymous_0)
DA:24,0
DA:25,0
DA:26,0
DA:27,0
DA:28,0
DA:29,0
DA:31,0
LF:7
LH:0
BRF:0
BRH:0
end_of_record
TN:
SF:src/providers/app.tsx
FNF:0
FNH:0
LF:0
LH:0
BRF:0
BRH:0
end_of_record
TN:
SF:src/types/declarations.d.ts
FNF:0
FNH:0
LF:0
LH:0
BRF:0
BRH:0
end_of_record
TN:
SF:src/types/themed.d.ts
FNF:0
FNH:0
LF:0
LH:0
BRF:0
BRH:0
end_of_record
TN:
SF:src/utils/color.ts
FN:10,(anonymous_0)
FNF:1
FNH:1
FNDA:3,(anonymous_0)
DA:10,1
DA:11,3
DA:13,3
DA:14,0
DA:17,3
DA:18,3
DA:19,3
DA:22,3
DA:23,0
DA:26,3
LF:10
LH:8
BRDA:10,0,0,0
BRDA:13,1,0,0
BRDA:13,1,1,3
BRDA:22,2,0,0
BRDA:22,2,1,3
BRDA:22,3,0,3
BRDA:22,3,1,0
BRF:7
BRH:3
end_of_record
TN:
SF:src/utils/icon.ts
FN:16,cloneIcon
FN:20,(anonymous_1)
FNF:2
FNH:0
FNDA:0,cloneIcon
FNDA:0,(anonymous_1)
DA:20,0
DA:21,0
LF:2
LH:0
BRDA:21,0,0,0
BRDA:21,0,1,0
BRF:2
BRH:0
end_of_record
TN:
SF:src/utils/lazyImport.ts
FN:4,lazyImport
FN:10,(anonymous_1)
FN:11,(anonymous_2)
FNF:3
FNH:0
FNDA:0,lazyImport
FNDA:0,(anonymous_1)
FNDA:0,(anonymous_2)
DA:9,0
DA:11,0
LF:2
LH:0
BRF:0
BRH:0
end_of_record
